"Severity","ThreadID","Date","Time","Application","Message"
"INFO","main","01/14/2025","16:33:33","startup","Touched monitors"
"INFO","main","01/14/2025","16:33:33","startup","Start CFML Controller"
"INFO","main","01/14/2025","16:33:33","add-event-listener","UT010041: The servlet context has already been initialized, you can only call this method from a ServletContainerInitializer or a ServletContextListener;java.lang.IllegalStateException: UT010041: The servlet context has already been initialized, you can only call this method from a ServletContainerInitializer or a ServletContextListener
	at io.undertow.servlet.spec.ServletContextImpl.ensureNotInitialized(ServletContextImpl.java:1032)
	at io.undertow.servlet.spec.ServletContextImpl.addListener(ServletContextImpl.java:746)
	at lucee.runtime.engine.CFMLEngineImpl.addEventListener(CFMLEngineImpl.java:792)
	at lucee.runtime.engine.CFMLEngineImpl.addServletConfig(CFMLEngineImpl.java:751)
	at lucee.loader.engine.CFMLEngineWrapper.addServletConfig(CFMLEngineWrapper.java:87)
	at lucee.loader.engine.CFMLEngineFactory.getInstance(CFMLEngineFactory.java:185)
	at lucee.loader.engine.CFMLEngineFactory.getInstance(CFMLEngineFactory.java:218)
	at lucee.loader.servlet.LuceeServlet.init(LuceeServlet.java:37)
	at io.undertow.servlet.core.LifecyleInterceptorInvocation.proceed(LifecyleInterceptorInvocation.java:117)
	at io.undertow.servlet.core.ManagedServlet$DefaultInstanceStrategy.start(ManagedServlet.java:309)
	at io.undertow.servlet.core.ManagedServlet.createServlet(ManagedServlet.java:145)
	at io.undertow.servlet.core.DeploymentManagerImpl$2.call(DeploymentManagerImpl.java:589)
	at io.undertow.servlet.core.DeploymentManagerImpl$2.call(DeploymentManagerImpl.java:559)
	at io.undertow.servlet.core.ServletRequestContextThreadSetupAction$1.call(ServletRequestContextThreadSetupAction.java:42)
	at io.undertow.servlet.core.ContextClassLoaderSetupAction$1.call(ContextClassLoaderSetupAction.java:43)
	at io.undertow.servlet.core.DeploymentManagerImpl.start(DeploymentManagerImpl.java:605)
	at runwar.undertow.SiteDeploymentManager.createSiteDeployment(SiteDeploymentManager.java:160)
	at runwar.Server.startServer(Server.java:358)
	at runwar.Start.main(Start.java:44)
"
"INFO","main","01/14/2025","16:33:33","startup","Lucee was not able to register an event listener with io.undertow.servlet.spec.ServletContextImpl"
"INFO","main","01/14/2025","16:33:33","startup","Init factory"
"INFO","main","01/14/2025","16:33:33","startup","Loaded config"
"INFO","main","01/14/2025","16:33:33","add-event-listener","UT010041: The servlet context has already been initialized, you can only call this method from a ServletContainerInitializer or a ServletContextListener;java.lang.IllegalStateException: UT010041: The servlet context has already been initialized, you can only call this method from a ServletContainerInitializer or a ServletContextListener
	at io.undertow.servlet.spec.ServletContextImpl.ensureNotInitialized(ServletContextImpl.java:1032)
	at io.undertow.servlet.spec.ServletContextImpl.addListener(ServletContextImpl.java:746)
	at lucee.runtime.engine.CFMLEngineImpl.addEventListener(CFMLEngineImpl.java:792)
	at lucee.runtime.engine.CFMLEngineImpl.addServletConfig(CFMLEngineImpl.java:751)
	at lucee.loader.engine.CFMLEngineWrapper.addServletConfig(CFMLEngineWrapper.java:87)
	at lucee.loader.engine.CFMLEngineFactory.getInstance(CFMLEngineFactory.java:227)
	at lucee.loader.servlet.LuceeServlet.init(LuceeServlet.java:37)
	at io.undertow.servlet.core.LifecyleInterceptorInvocation.proceed(LifecyleInterceptorInvocation.java:117)
	at io.undertow.servlet.core.ManagedServlet$DefaultInstanceStrategy.start(ManagedServlet.java:309)
	at io.undertow.servlet.core.ManagedServlet.createServlet(ManagedServlet.java:145)
	at io.undertow.servlet.core.DeploymentManagerImpl$2.call(DeploymentManagerImpl.java:589)
	at io.undertow.servlet.core.DeploymentManagerImpl$2.call(DeploymentManagerImpl.java:559)
	at io.undertow.servlet.core.ServletRequestContextThreadSetupAction$1.call(ServletRequestContextThreadSetupAction.java:42)
	at io.undertow.servlet.core.ContextClassLoaderSetupAction$1.call(ContextClassLoaderSetupAction.java:43)
	at io.undertow.servlet.core.DeploymentManagerImpl.start(DeploymentManagerImpl.java:605)
	at runwar.undertow.SiteDeploymentManager.createSiteDeployment(SiteDeploymentManager.java:160)
	at runwar.Server.startServer(Server.java:358)
	at runwar.Start.main(Start.java:44)
"
"INFO","main","01/14/2025","16:33:33","startup","Lucee was not able to register an event listener with io.undertow.servlet.spec.ServletContextImpl"
"INFO","main","01/14/2025","16:33:33","add-event-listener","UT010041: The servlet context has already been initialized, you can only call this method from a ServletContainerInitializer or a ServletContextListener;java.lang.IllegalStateException: UT010041: The servlet context has already been initialized, you can only call this method from a ServletContainerInitializer or a ServletContextListener
	at io.undertow.servlet.spec.ServletContextImpl.ensureNotInitialized(ServletContextImpl.java:1032)
	at io.undertow.servlet.spec.ServletContextImpl.addListener(ServletContextImpl.java:746)
	at lucee.runtime.engine.CFMLEngineImpl.addEventListener(CFMLEngineImpl.java:792)
	at lucee.runtime.engine.CFMLEngineImpl.addServletConfig(CFMLEngineImpl.java:751)
	at lucee.loader.engine.CFMLEngineWrapper.addServletConfig(CFMLEngineWrapper.java:87)
	at lucee.loader.engine.CFMLEngineFactory.getInstance(CFMLEngineFactory.java:227)
	at lucee.loader.servlet.CFMLServlet.init(CFMLServlet.java:37)
	at io.undertow.servlet.core.LifecyleInterceptorInvocation.proceed(LifecyleInterceptorInvocation.java:117)
	at io.undertow.servlet.core.ManagedServlet$DefaultInstanceStrategy.start(ManagedServlet.java:309)
	at io.undertow.servlet.core.ManagedServlet.createServlet(ManagedServlet.java:145)
	at io.undertow.servlet.core.DeploymentManagerImpl$2.call(DeploymentManagerImpl.java:589)
	at io.undertow.servlet.core.DeploymentManagerImpl$2.call(DeploymentManagerImpl.java:559)
	at io.undertow.servlet.core.ServletRequestContextThreadSetupAction$1.call(ServletRequestContextThreadSetupAction.java:42)
	at io.undertow.servlet.core.ContextClassLoaderSetupAction$1.call(ContextClassLoaderSetupAction.java:43)
	at io.undertow.servlet.core.DeploymentManagerImpl.start(DeploymentManagerImpl.java:605)
	at runwar.undertow.SiteDeploymentManager.createSiteDeployment(SiteDeploymentManager.java:160)
	at runwar.Server.startServer(Server.java:358)
	at runwar.Start.main(Start.java:44)
"
"INFO","main","01/14/2025","16:33:33","startup","Lucee was not able to register an event listener with io.undertow.servlet.spec.ServletContextImpl"
"INFO","main","01/14/2025","16:33:33","add-event-listener","UT010041: The servlet context has already been initialized, you can only call this method from a ServletContainerInitializer or a ServletContextListener;java.lang.IllegalStateException: UT010041: The servlet context has already been initialized, you can only call this method from a ServletContainerInitializer or a ServletContextListener
	at io.undertow.servlet.spec.ServletContextImpl.ensureNotInitialized(ServletContextImpl.java:1032)
	at io.undertow.servlet.spec.ServletContextImpl.addListener(ServletContextImpl.java:746)
	at lucee.runtime.engine.CFMLEngineImpl.addEventListener(CFMLEngineImpl.java:792)
	at lucee.runtime.engine.CFMLEngineImpl.addServletConfig(CFMLEngineImpl.java:751)
	at lucee.loader.engine.CFMLEngineWrapper.addServletConfig(CFMLEngineWrapper.java:87)
	at lucee.loader.engine.CFMLEngineFactory.getInstance(CFMLEngineFactory.java:227)
	at lucee.loader.servlet.RestServlet.init(RestServlet.java:37)
	at io.undertow.servlet.core.LifecyleInterceptorInvocation.proceed(LifecyleInterceptorInvocation.java:117)
	at io.undertow.servlet.core.ManagedServlet$DefaultInstanceStrategy.start(ManagedServlet.java:309)
	at io.undertow.servlet.core.ManagedServlet.createServlet(ManagedServlet.java:145)
	at io.undertow.servlet.core.DeploymentManagerImpl$2.call(DeploymentManagerImpl.java:589)
	at io.undertow.servlet.core.DeploymentManagerImpl$2.call(DeploymentManagerImpl.java:559)
	at io.undertow.servlet.core.ServletRequestContextThreadSetupAction$1.call(ServletRequestContextThreadSetupAction.java:42)
	at io.undertow.servlet.core.ContextClassLoaderSetupAction$1.call(ContextClassLoaderSetupAction.java:43)
	at io.undertow.servlet.core.DeploymentManagerImpl.start(DeploymentManagerImpl.java:605)
	at runwar.undertow.SiteDeploymentManager.createSiteDeployment(SiteDeploymentManager.java:160)
	at runwar.Server.startServer(Server.java:358)
	at runwar.Start.main(Start.java:44)
"
"INFO","main","01/14/2025","16:33:33","startup","Lucee was not able to register an event listener with io.undertow.servlet.spec.ServletContextImpl"
"ERROR","XNIO-1 task-4","01/14/2025","17:16:43","controller","Custom tag ""llwd_main_admin_site_wrapper.[cfc|cfm|cfs]"" was not found. Directories searched: ""/media/rbrown/LocalDisk/Public/R_work/WRIS/payroll-matters-payrollmatters.com/llwd/mfa"", ""/media/data/home/rbrown/.CommandBox/server/627A2B6F79A39DBC9AB93B2F1CFA04A9-payroll-matters-payrollmatters.com/lucee-6.1.1.118/WEB-INF/lucee-server/context/customtags"";lucee.runtime.exp.ExpressionException: Custom tag ""llwd_main_admin_site_wrapper.[cfc|cfm|cfs]"" was not found. Directories searched: ""/media/rbrown/LocalDisk/Public/R_work/WRIS/payroll-matters-payrollmatters.com/llwd/mfa"", ""/media/data/home/rbrown/.CommandBox/server/627A2B6F79A39DBC9AB93B2F1CFA04A9-payroll-matters-payrollmatters.com/lucee-6.1.1.118/WEB-INF/lucee-server/context/customtags""
	at lucee.runtime.customtag.CustomTagUtil.loadInitFile(CustomTagUtil.java:92)
	at lucee.runtime.tag.CFTag.initFile(CFTag.java:226)
	at lucee.runtime.tag.CFTag.initFile(CFTag.java:222)
	at lucee.runtime.tag.CFTag.doStartTag(CFTag.java:176)
	at llwd.mfa.login_cfm$cf.call(/llwd/mfa/login.cfm:45)
	at lucee.runtime.PageContextImpl._doInclude(PageContextImpl.java:1046)
	at lucee.runtime.PageContextImpl._doInclude(PageContextImpl.java:940)
	at lucee.runtime.listener.ClassicAppListener._onRequest(ClassicAppListener.java:63)
	at lucee.runtime.listener.MixedAppListener.onRequest(MixedAppListener.java:42)
	at lucee.runtime.PageContextImpl.execute(PageContextImpl.java:2725)
	at lucee.runtime.PageContextImpl._execute(PageContextImpl.java:2712)
	at lucee.runtime.PageContextImpl.executeCFML(PageContextImpl.java:2683)
	at lucee.runtime.engine.Request.exe(Request.java:45)
	at lucee.runtime.engine.CFMLEngineImpl._service(CFMLEngineImpl.java:1159)
	at lucee.runtime.engine.CFMLEngineImpl.serviceCFML(CFMLEngineImpl.java:1116)
	at lucee.loader.engine.CFMLEngineWrapper.serviceCFML(CFMLEngineWrapper.java:97)
	at lucee.loader.servlet.CFMLServlet.service(CFMLServlet.java:42)
..."
"INFO","XNIO-1 task-4","01/14/2025","17:25:16","xml","com.sun.org.apache.xerces.internal.jaxp.DocumentBuilderFactoryImpl is used as DocumentBuilderFactory"
"ERROR","XNIO-1 task-4","01/14/2025","17:28:21","webadmin6.1.1.118","Login failed for user 'prm'. ClientConnectionId:4871e699-269b-4e25-a8a8-7a2a5ef17ea2;Login failed for user 'prm'. ClientConnectionId:4871e699-269b-4e25-a8a8-7a2a5ef17ea2;Login failed for user 'prm'. ClientConnectionId:4871e699-269b-4e25-a8a8-7a2a5ef17ea2;lucee.runtime.exp.NativeException: Login failed for user 'prm'. ClientConnectionId:4871e699-269b-4e25-a8a8-7a2a5ef17ea2
	at com.microsoft.sqlserver.jdbc.SQLServerException.makeFromDatabaseError(SQLServerException.java:261)
	at com.microsoft.sqlserver.jdbc.TDSTokenHandler.onEOF(tdsparser.java:316)
	at com.microsoft.sqlserver.jdbc.TDSParser.parse(tdsparser.java:137)
	at com.microsoft.sqlserver.jdbc.TDSParser.parse(tdsparser.java:42)
	at com.microsoft.sqlserver.jdbc.SQLServerConnection.sendLogon(SQLServerConnection.java:6881)
	at com.microsoft.sqlserver.jdbc.SQLServerConnection.logon(SQLServerConnection.java:5428)
	at com.microsoft.sqlserver.jdbc.SQLServerConnection$LogonCommand.doExecute(SQLServerConnection.java:5360)
	at com.microsoft.sqlserver.jdbc.TDSCommand.execute(IOBuffer.java:7748)
	at com.microsoft.sqlserver.jdbc.SQLServerConnection.executeCommand(SQLServerConnection.java:4410)
	at com.microsoft.sqlserver.jdbc.SQLServerConnection.connectHelper(SQLServerConnection.java:3847)
	at com.microsoft.sqlserver.jdbc.SQLServerConnection.login(SQLServerConnection.java:3372)
	at com.microsoft.sqlserver.jdbc.SQLServerConnection.connectInternal(SQLServerConnection.java:3197)
	at com.microsoft.sqlserver.jdbc.SQLServerConnection.connect(SQLServerConnection.java:1971)
	at com.microsoft.sqlserver.jdbc.SQLServerDriver.connect(SQLServerDriver.java:1263)
	at lucee.runtime.db.DataSourceSupport._getConnection(DataSourceSupport.java:141)
	at lucee.runtime.db.DataSourceSupport.getConnection(DataSourceSupport.java:109)
	at lucee.runtime.tag.Admin._doVerifyDatasource(Admin.java:2913)
	at lucee.runtime.tag.Admin.doUpdateDatasource(Admin.java:2692)
	at lucee.runtime.tag.Admin._doStartTag(Admin.java:723)
	at lucee.runtime.tag.Admin.doStartTag(Admin.java:355)
	at services_datasource_create_cfm1334$cf.call(/admin/services.datasource.create.cfm:88)
	at lucee.runtime.PageContextImpl._doInclude(PageContextImpl.java:1046)
	at lucee.runtime.PageContextImpl._doInclude(PageContextImpl.java:940)
	at lucee.runtime.PageContextImpl.doInclude(PageContextImpl.java:921)
	at services_datasource_cfm414$cf.call(/admin/services.datasource.cfm:108)
	at lucee.runtime.PageContextImpl._doInclude(PageContextImpl.java:1046)
	at lucee.runtime.PageContextImpl._doInclude(PageContextImpl.java:940)
	at lucee.runtime.PageContextImpl.doInclude(PageContextImpl.java:921)
	at web_cfm$cf.call_000007(/admin/web.cfm:521)
	at web_cfm$cf.call(/admin/web.cfm:515)
	at lucee.runtime.PageContextImpl._doInclude(PageContextImpl.java:1046)
	at lucee.runtime.PageContextImpl._doInclude(PageContextImpl.java:940)
	at lucee.runtime.PageContextImpl.doInclude(PageContextImpl.java:921)
	at index_cfm$cf.call(/admin/index.cfm:3)
	at lucee.runtime.PageContextImpl._doInclude(PageContextImpl.java:1046)
	at lucee.runtime.PageContextImpl._doInclude(PageContextImpl.java:940)
	at lucee.runtime.listener.ModernAppListener._onRequest(ModernAppListener.java:213)
	at lucee.runtime.listener.ModernAppListener.onRequest(ModernAppListener.java:100)
	at lucee.runtime.PageContextImpl.execute(PageContextImpl.java:2725)
	at lucee.runtime.PageContextImpl._execute(PageContextImpl.java:2712)
	at lucee.runtime.PageContextImpl.executeCFML(PageContextImpl.java:2683)
	at lucee.runtime.engine.Request.exe(Request.java:45)
	at lucee.runtime.engine.CFMLEngineImpl._service(CFMLEngineImpl.java:1159)
	at lucee.runtime.engine.CFMLEngineImpl.serviceCFML(CFMLEngineImpl.java:1116)
	at lucee.loader.engine.CFMLEngineWrapper.serviceCFML(CFMLEngineWrapper.java:97)
	at lucee.loader.servlet.CFMLServlet.service(CFMLServlet.java:42)
	at javax.servlet.http.HttpServlet.service(HttpServlet.java:590)
	at io.undertow.servlet.handlers.ServletHandler.handleRequest(ServletHandler.java:74)
	at io.undertow.servlet.handlers.FilterHandler$FilterChainImpl.doFilter(FilterHandler.java:129)
	at org.cfmlprojects.regexpathinfofilter.RegexPathInfoFilter.doFilter(RegexPathInfoFilter.java:54)
	at io.undertow.servlet.core.ManagedFilter.doFilter(ManagedFilter.java:67)
	at io.undertow.servlet.handlers.FilterHandler$FilterChainImpl.doFilter(FilterHandler.java:131)
	at io.undertow.servlet.handlers.FilterHandler.handleRequest(FilterHandler.java:84)
	at io.undertow.servlet.handlers.security.ServletSecurityRoleHandler.handleRequest(ServletSecurityRoleHandler.java:62)
	at io.undertow.servlet.handlers.ServletChain$1.handleRequest(ServletChain.java:68)
	at io.undertow.servlet.handlers.ServletDispatchingHandler.handleRequest(ServletDispatchingHandler.java:36)
	at runwar.undertow.SSLCertHeaderHandler.handleRequest(SSLCertHeaderHandler.java:161)
	at io.undertow.servlet.handlers.RedirectDirHandler.handleRequest(RedirectDirHandler.java:68)
	at io.undertow.servlet.handlers.security.SSLInformationAssociationHandler.handleRequest(SSLInformationAssociationHandler.java:117)
	at io.undertow.servlet.handlers.security.ServletAuthenticationCallHandler.handleRequest(ServletAuthenticationCallHandler.java:57)
	at io.undertow.server.handlers.PredicateHandler.handleRequest(PredicateHandler.java:43)
	at io.undertow.security.handlers.AbstractConfidentialityHandler.handleRequest(AbstractConfidentialityHandler.java:46)
	at io.undertow.servlet.handlers.security.ServletConfidentialityConstraintHandler.handleRequest(ServletConfidentialityConstraintHandler.java:64)
	at io.undertow.security.handlers.AuthenticationMechanismsHandler.handleRequest(AuthenticationMechanismsHandler.java:60)
	at io.undertow.servlet.handlers.security.CachedAuthenticatedSessionHandler.handleRequest(CachedAuthenticatedSessionHandler.java:77)
	at io.undertow.security.handlers.AbstractSecurityContextAssociationHandler.handleRequest(AbstractSecurityContextAssociationHandler.java:43)
	at io.undertow.server.handlers.PredicateHandler.handleRequest(PredicateHandler.java:43)
	at io.undertow.servlet.handlers.SendErrorPageHandler.handleRequest(SendErrorPageHandler.java:52)
	at io.undertow.server.handlers.PredicateHandler.handleRequest(PredicateHandler.java:43)
	at io.undertow.servlet.handlers.ServletInitialHandler.handleFirstRequest(ServletInitialHandler.java:275)
	at io.undertow.servlet.handlers.ServletInitialHandler.access$100(ServletInitialHandler.java:79)
	at io.undertow.servlet.handlers.ServletInitialHandler$2.call(ServletInitialHandler.java:134)
	at io.undertow.servlet.handlers.ServletInitialHandler$2.call(ServletInitialHandler.java:131)
	at io.undertow.servlet.core.ServletRequestContextThreadSetupAction$1.call(ServletRequestContextThreadSetupAction.java:48)
	at io.undertow.servlet.core.ContextClassLoaderSetupAction$1.call(ContextClassLoaderSetupAction.java:43)
	at io.undertow.servlet.handlers.ServletInitialHandler.dispatchRequest(ServletInitialHandler.java:255)
	at io.undertow.servlet.handlers.ServletInitialHandler.handleRequest(ServletInitialHandler.java:175)
	at io.undertow.server.handlers.HttpContinueReadHandler.handleRequest(HttpContinueReadHandler.java:69)
	at io.undertow.server.handlers.PredicateHandler.handleRequest(PredicateHandler.java:43)
	at runwar.undertow.WelcomeFileHandler.handleRequest(WelcomeFileHandler.java:49)
	at io.undertow.server.handlers.PathHandler.handleRequest(PathHandler.java:104)
	at runwar.undertow.SiteDeployment$1.handleRequest(SiteDeployment.java:164)
	at io.undertow.predicate.PredicatesHandler.handleRequest(PredicatesHandler.java:141)
	at io.undertow.server.handlers.DisallowedMethodsHandler.handleRequest(DisallowedMethodsHandler.java:62)
	at io.undertow.predicate.PredicatesHandler.handleRequest(PredicatesHandler.java:113)
	at io.undertow.server.handlers.encoding.EncodingHandler.handleRequest(EncodingHandler.java:72)
	at runwar.undertow.LifecyleHandler.handleRequest(LifecyleHandler.java:143)
	at runwar.undertow.SiteDeployment$4.handleRequest(SiteDeployment.java:354)
	at io.undertow.server.Connectors.executeRootHandler(Connectors.java:395)
	at io.undertow.server.HttpServerExchange$1.run(HttpServerExchange.java:854)
	at org.jboss.threads.ContextClassLoaderSavingRunnable.run(ContextClassLoaderSavingRunnable.java:35)
	at org.jboss.threads.EnhancedQueueExecutor.safeRun(EnhancedQueueExecutor.java:2019)
	at org.jboss.threads.EnhancedQueueExecutor$ThreadBody.doRunTask(EnhancedQueueExecutor.java:1558)
	at org.jboss.threads.EnhancedQueueExecutor$ThreadBody.run(EnhancedQueueExecutor.java:1449)
	at org.xnio.XnioWorker$WorkerThreadFactory$1$1.run(XnioWorker.java:1282)
	at java.base/java.lang.Thread.run(Thread.java:829)
Caused by: com.microsoft.sqlserver.jdbc.SQLServerException: Login failed for user 'prm'. ClientConnectionId:4871e699-269b-4e25-a8a8-7a2a5ef17ea2
	... 96 more
"
"ERROR","XNIO-1 task-4","01/14/2025","17:34:22","webadmin6.1.1.118","Login failed for user 'prm'.  Reason: The password of the account must be changed. ClientConnectionId:758fc899-5a28-4575-afe9-57c33e292192;Login failed for user 'prm'.  Reason: The password of the account must be changed. ClientConnectionId:758fc899-5a28-4575-afe9-57c33e292192;Login failed for user 'prm'.  Reason: The password of the account must be changed. ClientConnectionId:758fc899-5a28-4575-afe9-57c33e292192;lucee.runtime.exp.NativeException: Login failed for user 'prm'.  Reason: The password of the account must be changed. ClientConnectionId:758fc899-5a28-4575-afe9-57c33e292192
	at com.microsoft.sqlserver.jdbc.SQLServerException.makeFromDatabaseError(SQLServerException.java:261)
	at com.microsoft.sqlserver.jdbc.TDSTokenHandler.onEOF(tdsparser.java:316)
	at com.microsoft.sqlserver.jdbc.TDSParser.parse(tdsparser.java:137)
	at com.microsoft.sqlserver.jdbc.TDSParser.parse(tdsparser.java:42)
	at com.microsoft.sqlserver.jdbc.SQLServerConnection.sendLogon(SQLServerConnection.java:6881)
	at com.microsoft.sqlserver.jdbc.SQLServerConnection.logon(SQLServerConnection.java:5428)
	at com.microsoft.sqlserver.jdbc.SQLServerConnection$LogonCommand.doExecute(SQLServerConnection.java:5360)
	at com.microsoft.sqlserver.jdbc.TDSCommand.execute(IOBuffer.java:7748)
	at com.microsoft.sqlserver.jdbc.SQLServerConnection.executeCommand(SQLServerConnection.java:4410)
	at com.microsoft.sqlserver.jdbc.SQLServerConnection.connectHelper(SQLServerConnection.java:3847)
	at com.microsoft.sqlserver.jdbc.SQLServerConnection.login(SQLServerConnection.java:3372)
	at com.microsoft.sqlserver.jdbc.SQLServerConnection.connectInternal(SQLServerConnection.java:3197)
	at com.microsoft.sqlserver.jdbc.SQLServerConnection.connect(SQLServerConnection.java:1971)
	at com.microsoft.sqlserver.jdbc.SQLServerDriver.connect(SQLServerDriver.java:1263)
	at lucee.runtime.db.DataSourceSupport._getConnection(DataSourceSupport.java:141)
	at lucee.runtime.db.DataSourceSupport.getConnection(DataSourceSupport.java:109)
	at lucee.runtime.tag.Admin._doVerifyDatasource(Admin.java:2913)
	at lucee.runtime.tag.Admin.doUpdateDatasource(Admin.java:2692)
	at lucee.runtime.tag.Admin._doStartTag(Admin.java:723)
	at lucee.runtime.tag.Admin.doStartTag(Admin.java:355)
	at services_datasource_create_cfm1334$cf.call(/admin/services.datasource.create.cfm:88)
	at lucee.runtime.PageContextImpl._doInclude(PageContextImpl.java:1046)
	at lucee.runtime.PageContextImpl._doInclude(PageContextImpl.java:940)
	at lucee.runtime.PageContextImpl.doInclude(PageContextImpl.java:921)
	at services_datasource_cfm414$cf.call(/admin/services.datasource.cfm:108)
	at lucee.runtime.PageContextImpl._doInclude(PageContextImpl.java:1046)
	at lucee.runtime.PageContextImpl._doInclude(PageContextImpl.java:940)
	at lucee.runtime.PageContextImpl.doInclude(PageContextImpl.java:921)
	at web_cfm$cf.call_000007(/admin/web.cfm:521)
	at web_cfm$cf.call(/admin/web.cfm:515)
	at lucee.runtime.PageContextImpl._doInclude(PageContextImpl.java:1046)
	at lucee.runtime.PageContextImpl._doInclude(PageContextImpl.java:940)
	at lucee.runtime.PageContextImpl.doInclude(PageContextImpl.java:921)
	at index_cfm$cf.call(/admin/index.cfm:3)
	at lucee.runtime.PageContextImpl._doInclude(PageContextImpl.java:1046)
	at lucee.runtime.PageContextImpl._doInclude(PageContextImpl.java:940)
	at lucee.runtime.listener.ModernAppListener._onRequest(ModernAppListener.java:213)
	at lucee.runtime.listener.ModernAppListener.onRequest(ModernAppListener.java:100)
	at lucee.runtime.PageContextImpl.execute(PageContextImpl.java:2725)
	at lucee.runtime.PageContextImpl._execute(PageContextImpl.java:2712)
	at lucee.runtime.PageContextImpl.executeCFML(PageContextImpl.java:2683)
	at lucee.runtime.engine.Request.exe(Request.java:45)
	at lucee.runtime.engine.CFMLEngineImpl._service(CFMLEngineImpl.java:1159)
	at lucee.runtime.engine.CFMLEngineImpl.serviceCFML(CFMLEngineImpl.java:1116)
	at lucee.loader.engine.CFMLEngineWrapper.serviceCFML(CFMLEngineWrapper.java:97)
	at lucee.loader.servlet.CFMLServlet.service(CFMLServlet.java:42)
	at javax.servlet.http.HttpServlet.service(HttpServlet.java:590)
	at io.undertow.servlet.handlers.ServletHandler.handleRequest(ServletHandler.java:74)
	at io.undertow.servlet.handlers.FilterHandler$FilterChainImpl.doFilter(FilterHandler.java:129)
	at org.cfmlprojects.regexpathinfofilter.RegexPathInfoFilter.doFilter(RegexPathInfoFilter.java:54)
	at io.undertow.servlet.core.ManagedFilter.doFilter(ManagedFilter.java:67)
	at io.undertow.servlet.handlers.FilterHandler$FilterChainImpl.doFilter(FilterHandler.java:131)
	at io.undertow.servlet.handlers.FilterHandler.handleRequest(FilterHandler.java:84)
	at io.undertow.servlet.handlers.security.ServletSecurityRoleHandler.handleRequest(ServletSecurityRoleHandler.java:62)
	at io.undertow.servlet.handlers.ServletChain$1.handleRequest(ServletChain.java:68)
	at io.undertow.servlet.handlers.ServletDispatchingHandler.handleRequest(ServletDispatchingHandler.java:36)
	at runwar.undertow.SSLCertHeaderHandler.handleRequest(SSLCertHeaderHandler.java:161)
	at io.undertow.servlet.handlers.RedirectDirHandler.handleRequest(RedirectDirHandler.java:68)
	at io.undertow.servlet.handlers.security.SSLInformationAssociationHandler.handleRequest(SSLInformationAssociationHandler.java:117)
	at io.undertow.servlet.handlers.security.ServletAuthenticationCallHandler.handleRequest(ServletAuthenticationCallHandler.java:57)
	at io.undertow.server.handlers.PredicateHandler.handleRequest(PredicateHandler.java:43)
	at io.undertow.security.handlers.AbstractConfidentialityHandler.handleRequest(AbstractConfidentialityHandler.java:46)
	at io.undertow.servlet.handlers.security.ServletConfidentialityConstraintHandler.handleRequest(ServletConfidentialityConstraintHandler.java:64)
	at io.undertow.security.handlers.AuthenticationMechanismsHandler.handleRequest(AuthenticationMechanismsHandler.java:60)
	at io.undertow.servlet.handlers.security.CachedAuthenticatedSessionHandler.handleRequest(CachedAuthenticatedSessionHandler.java:77)
	at io.undertow.security.handlers.AbstractSecurityContextAssociationHandler.handleRequest(AbstractSecurityContextAssociationHandler.java:43)
	at io.undertow.server.handlers.PredicateHandler.handleRequest(PredicateHandler.java:43)
	at io.undertow.servlet.handlers.SendErrorPageHandler.handleRequest(SendErrorPageHandler.java:52)
	at io.undertow.server.handlers.PredicateHandler.handleRequest(PredicateHandler.java:43)
	at io.undertow.servlet.handlers.ServletInitialHandler.handleFirstRequest(ServletInitialHandler.java:275)
	at io.undertow.servlet.handlers.ServletInitialHandler.access$100(ServletInitialHandler.java:79)
	at io.undertow.servlet.handlers.ServletInitialHandler$2.call(ServletInitialHandler.java:134)
	at io.undertow.servlet.handlers.ServletInitialHandler$2.call(ServletInitialHandler.java:131)
	at io.undertow.servlet.core.ServletRequestContextThreadSetupAction$1.call(ServletRequestContextThreadSetupAction.java:48)
	at io.undertow.servlet.core.ContextClassLoaderSetupAction$1.call(ContextClassLoaderSetupAction.java:43)
	at io.undertow.servlet.handlers.ServletInitialHandler.dispatchRequest(ServletInitialHandler.java:255)
	at io.undertow.servlet.handlers.ServletInitialHandler.handleRequest(ServletInitialHandler.java:175)
	at io.undertow.server.handlers.HttpContinueReadHandler.handleRequest(HttpContinueReadHandler.java:69)
	at io.undertow.server.handlers.PredicateHandler.handleRequest(PredicateHandler.java:43)
	at runwar.undertow.WelcomeFileHandler.handleRequest(WelcomeFileHandler.java:49)
	at io.undertow.server.handlers.PathHandler.handleRequest(PathHandler.java:104)
	at runwar.undertow.SiteDeployment$1.handleRequest(SiteDeployment.java:164)
	at io.undertow.predicate.PredicatesHandler.handleRequest(PredicatesHandler.java:141)
	at io.undertow.server.handlers.DisallowedMethodsHandler.handleRequest(DisallowedMethodsHandler.java:62)
	at io.undertow.predicate.PredicatesHandler.handleRequest(PredicatesHandler.java:113)
	at io.undertow.server.handlers.encoding.EncodingHandler.handleRequest(EncodingHandler.java:72)
	at runwar.undertow.LifecyleHandler.handleRequest(LifecyleHandler.java:143)
	at runwar.undertow.SiteDeployment$4.handleRequest(SiteDeployment.java:354)
	at io.undertow.server.Connectors.executeRootHandler(Connectors.java:395)
	at io.undertow.server.HttpServerExchange$1.run(HttpServerExchange.java:854)
	at org.jboss.threads.ContextClassLoaderSavingRunnable.run(ContextClassLoaderSavingRunnable.java:35)
	at org.jboss.threads.EnhancedQueueExecutor.safeRun(EnhancedQueueExecutor.java:2019)
	at org.jboss.threads.EnhancedQueueExecutor$ThreadBody.doRunTask(EnhancedQueueExecutor.java:1558)
	at org.jboss.threads.EnhancedQueueExecutor$ThreadBody.run(EnhancedQueueExecutor.java:1449)
	at org.xnio.XnioWorker$WorkerThreadFactory$1$1.run(XnioWorker.java:1282)
	at java.base/java.lang.Thread.run(Thread.java:829)
Caused by: com.microsoft.sqlserver.jdbc.SQLServerException: Login failed for user 'prm'.  Reason: The password of the account must be changed. ClientConnectionId:758fc899-5a28-4575-afe9-57c33e292192
	... 96 more
"
"ERROR","XNIO-1 task-4","01/14/2025","17:37:26","controller","Custom tag ""llwd_main_admin_site_wrapper.[cfc|cfm|cfs]"" was not found. Directories searched: ""/media/rbrown/LocalDisk/Public/R_work/WRIS/payroll-matters-payrollmatters.com/llwd/mfa"", ""/media/data/home/rbrown/.CommandBox/server/627A2B6F79A39DBC9AB93B2F1CFA04A9-payroll-matters-payrollmatters.com/lucee-6.1.1.118/WEB-INF/lucee-server/context/customtags"";lucee.runtime.exp.ExpressionException: Custom tag ""llwd_main_admin_site_wrapper.[cfc|cfm|cfs]"" was not found. Directories searched: ""/media/rbrown/LocalDisk/Public/R_work/WRIS/payroll-matters-payrollmatters.com/llwd/mfa"", ""/media/data/home/rbrown/.CommandBox/server/627A2B6F79A39DBC9AB93B2F1CFA04A9-payroll-matters-payrollmatters.com/lucee-6.1.1.118/WEB-INF/lucee-server/context/customtags""
	at lucee.runtime.customtag.CustomTagUtil.loadInitFile(CustomTagUtil.java:92)
	at lucee.runtime.tag.CFTag.initFile(CFTag.java:226)
	at lucee.runtime.tag.CFTag.initFile(CFTag.java:222)
	at lucee.runtime.tag.CFTag.doStartTag(CFTag.java:176)
	at llwd.mfa.login_cfm$cf.call(/llwd/mfa/login.cfm:45)
	at lucee.runtime.PageContextImpl._doInclude(PageContextImpl.java:1046)
	at lucee.runtime.PageContextImpl._doInclude(PageContextImpl.java:940)
	at lucee.runtime.listener.ClassicAppListener._onRequest(ClassicAppListener.java:63)
	at lucee.runtime.listener.MixedAppListener.onRequest(MixedAppListener.java:42)
	at lucee.runtime.PageContextImpl.execute(PageContextImpl.java:2725)
	at lucee.runtime.PageContextImpl._execute(PageContextImpl.java:2712)
	at lucee.runtime.PageContextImpl.executeCFML(PageContextImpl.java:2683)
	at lucee.runtime.engine.Request.exe(Request.java:45)
	at lucee.runtime.engine.CFMLEngineImpl._service(CFMLEngineImpl.java:1159)
	at lucee.runtime.engine.CFMLEngineImpl.serviceCFML(CFMLEngineImpl.java:1116)
	at lucee.loader.engine.CFMLEngineWrapper.serviceCFML(CFMLEngineWrapper.java:97)
	at lucee.loader.servlet.CFMLServlet.service(CFMLServlet.java:42)
..."
"ERROR","XNIO-1 task-4","01/14/2025","17:39:41","controller","Custom tag ""llwd_main_admin_site_wrapper.[cfc|cfm|cfs]"" was not found. Directories searched: ""/media/rbrown/LocalDisk/Public/R_work/WRIS/payroll-matters-payrollmatters.com/llwd/mfa"", ""/media/data/home/rbrown/.CommandBox/server/627A2B6F79A39DBC9AB93B2F1CFA04A9-payroll-matters-payrollmatters.com/lucee-6.1.1.118/WEB-INF/lucee-server/context/customtags"";lucee.runtime.exp.ExpressionException: Custom tag ""llwd_main_admin_site_wrapper.[cfc|cfm|cfs]"" was not found. Directories searched: ""/media/rbrown/LocalDisk/Public/R_work/WRIS/payroll-matters-payrollmatters.com/llwd/mfa"", ""/media/data/home/rbrown/.CommandBox/server/627A2B6F79A39DBC9AB93B2F1CFA04A9-payroll-matters-payrollmatters.com/lucee-6.1.1.118/WEB-INF/lucee-server/context/customtags""
	at lucee.runtime.customtag.CustomTagUtil.loadInitFile(CustomTagUtil.java:92)
	at lucee.runtime.tag.CFTag.initFile(CFTag.java:226)
	at lucee.runtime.tag.CFTag.initFile(CFTag.java:222)
	at lucee.runtime.tag.CFTag.doStartTag(CFTag.java:176)
	at llwd.mfa.login_cfm$cf.call(/llwd/mfa/login.cfm:45)
	at lucee.runtime.PageContextImpl._doInclude(PageContextImpl.java:1046)
	at lucee.runtime.PageContextImpl._doInclude(PageContextImpl.java:940)
	at lucee.runtime.listener.ClassicAppListener._onRequest(ClassicAppListener.java:63)
	at lucee.runtime.listener.MixedAppListener.onRequest(MixedAppListener.java:42)
	at lucee.runtime.PageContextImpl.execute(PageContextImpl.java:2725)
	at lucee.runtime.PageContextImpl._execute(PageContextImpl.java:2712)
	at lucee.runtime.PageContextImpl.executeCFML(PageContextImpl.java:2683)
	at lucee.runtime.engine.Request.exe(Request.java:45)
	at lucee.runtime.engine.CFMLEngineImpl._service(CFMLEngineImpl.java:1159)
	at lucee.runtime.engine.CFMLEngineImpl.serviceCFML(CFMLEngineImpl.java:1116)
	at lucee.loader.engine.CFMLEngineWrapper.serviceCFML(CFMLEngineWrapper.java:97)
	at lucee.loader.servlet.CFMLServlet.service(CFMLServlet.java:42)
..."
"ERROR","XNIO-1 task-4","01/14/2025","17:39:43","controller","Custom tag ""llwd_main_admin_site_wrapper.[cfc|cfm|cfs]"" was not found. Directories searched: ""/media/rbrown/LocalDisk/Public/R_work/WRIS/payroll-matters-payrollmatters.com/llwd/mfa"", ""/media/data/home/rbrown/.CommandBox/server/627A2B6F79A39DBC9AB93B2F1CFA04A9-payroll-matters-payrollmatters.com/lucee-6.1.1.118/WEB-INF/lucee-server/context/customtags"";lucee.runtime.exp.ExpressionException: Custom tag ""llwd_main_admin_site_wrapper.[cfc|cfm|cfs]"" was not found. Directories searched: ""/media/rbrown/LocalDisk/Public/R_work/WRIS/payroll-matters-payrollmatters.com/llwd/mfa"", ""/media/data/home/rbrown/.CommandBox/server/627A2B6F79A39DBC9AB93B2F1CFA04A9-payroll-matters-payrollmatters.com/lucee-6.1.1.118/WEB-INF/lucee-server/context/customtags""
	at lucee.runtime.customtag.CustomTagUtil.loadInitFile(CustomTagUtil.java:92)
	at lucee.runtime.tag.CFTag.initFile(CFTag.java:226)
	at lucee.runtime.tag.CFTag.initFile(CFTag.java:222)
	at lucee.runtime.tag.CFTag.doStartTag(CFTag.java:176)
	at llwd.mfa.login_cfm$cf.call(/llwd/mfa/login.cfm:45)
	at lucee.runtime.PageContextImpl._doInclude(PageContextImpl.java:1046)
	at lucee.runtime.PageContextImpl._doInclude(PageContextImpl.java:940)
	at lucee.runtime.listener.ClassicAppListener._onRequest(ClassicAppListener.java:63)
	at lucee.runtime.listener.MixedAppListener.onRequest(MixedAppListener.java:42)
	at lucee.runtime.PageContextImpl.execute(PageContextImpl.java:2725)
	at lucee.runtime.PageContextImpl._execute(PageContextImpl.java:2712)
	at lucee.runtime.PageContextImpl.executeCFML(PageContextImpl.java:2683)
	at lucee.runtime.engine.Request.exe(Request.java:45)
	at lucee.runtime.engine.CFMLEngineImpl._service(CFMLEngineImpl.java:1159)
	at lucee.runtime.engine.CFMLEngineImpl.serviceCFML(CFMLEngineImpl.java:1116)
	at lucee.loader.engine.CFMLEngineWrapper.serviceCFML(CFMLEngineWrapper.java:97)
	at lucee.loader.servlet.CFMLServlet.service(CFMLServlet.java:42)
..."
"INFO","main","01/18/2025","12:24:30","startup","Touched monitors"
"INFO","main","01/18/2025","12:24:30","startup","Start CFML Controller"
"INFO","main","01/18/2025","12:24:30","add-event-listener","UT010041: The servlet context has already been initialized, you can only call this method from a ServletContainerInitializer or a ServletContextListener;java.lang.IllegalStateException: UT010041: The servlet context has already been initialized, you can only call this method from a ServletContainerInitializer or a ServletContextListener
	at io.undertow.servlet.spec.ServletContextImpl.ensureNotInitialized(ServletContextImpl.java:1032)
	at io.undertow.servlet.spec.ServletContextImpl.addListener(ServletContextImpl.java:746)
	at lucee.runtime.engine.CFMLEngineImpl.addEventListener(CFMLEngineImpl.java:792)
	at lucee.runtime.engine.CFMLEngineImpl.addServletConfig(CFMLEngineImpl.java:751)
	at lucee.loader.engine.CFMLEngineWrapper.addServletConfig(CFMLEngineWrapper.java:87)
	at lucee.loader.engine.CFMLEngineFactory.getInstance(CFMLEngineFactory.java:185)
	at lucee.loader.engine.CFMLEngineFactory.getInstance(CFMLEngineFactory.java:218)
	at lucee.loader.servlet.LuceeServlet.init(LuceeServlet.java:37)
	at io.undertow.servlet.core.LifecyleInterceptorInvocation.proceed(LifecyleInterceptorInvocation.java:117)
	at io.undertow.servlet.core.ManagedServlet$DefaultInstanceStrategy.start(ManagedServlet.java:309)
	at io.undertow.servlet.core.ManagedServlet.createServlet(ManagedServlet.java:145)
	at io.undertow.servlet.core.DeploymentManagerImpl$2.call(DeploymentManagerImpl.java:589)
	at io.undertow.servlet.core.DeploymentManagerImpl$2.call(DeploymentManagerImpl.java:559)
	at io.undertow.servlet.core.ServletRequestContextThreadSetupAction$1.call(ServletRequestContextThreadSetupAction.java:42)
	at io.undertow.servlet.core.ContextClassLoaderSetupAction$1.call(ContextClassLoaderSetupAction.java:43)
	at io.undertow.servlet.core.DeploymentManagerImpl.start(DeploymentManagerImpl.java:605)
	at runwar.undertow.SiteDeploymentManager.createSiteDeployment(SiteDeploymentManager.java:160)
	at runwar.Server.startServer(Server.java:358)
	at runwar.Start.main(Start.java:44)
"
"INFO","main","01/18/2025","12:24:30","startup","Lucee was not able to register an event listener with io.undertow.servlet.spec.ServletContextImpl"
"INFO","main","01/18/2025","12:24:30","startup","Init factory"
"INFO","main","01/18/2025","12:24:30","startup","Loaded config"
"INFO","main","01/18/2025","12:24:30","add-event-listener","UT010041: The servlet context has already been initialized, you can only call this method from a ServletContainerInitializer or a ServletContextListener;java.lang.IllegalStateException: UT010041: The servlet context has already been initialized, you can only call this method from a ServletContainerInitializer or a ServletContextListener
	at io.undertow.servlet.spec.ServletContextImpl.ensureNotInitialized(ServletContextImpl.java:1032)
	at io.undertow.servlet.spec.ServletContextImpl.addListener(ServletContextImpl.java:746)
	at lucee.runtime.engine.CFMLEngineImpl.addEventListener(CFMLEngineImpl.java:792)
	at lucee.runtime.engine.CFMLEngineImpl.addServletConfig(CFMLEngineImpl.java:751)
	at lucee.loader.engine.CFMLEngineWrapper.addServletConfig(CFMLEngineWrapper.java:87)
	at lucee.loader.engine.CFMLEngineFactory.getInstance(CFMLEngineFactory.java:227)
	at lucee.loader.servlet.LuceeServlet.init(LuceeServlet.java:37)
	at io.undertow.servlet.core.LifecyleInterceptorInvocation.proceed(LifecyleInterceptorInvocation.java:117)
	at io.undertow.servlet.core.ManagedServlet$DefaultInstanceStrategy.start(ManagedServlet.java:309)
	at io.undertow.servlet.core.ManagedServlet.createServlet(ManagedServlet.java:145)
	at io.undertow.servlet.core.DeploymentManagerImpl$2.call(DeploymentManagerImpl.java:589)
	at io.undertow.servlet.core.DeploymentManagerImpl$2.call(DeploymentManagerImpl.java:559)
	at io.undertow.servlet.core.ServletRequestContextThreadSetupAction$1.call(ServletRequestContextThreadSetupAction.java:42)
	at io.undertow.servlet.core.ContextClassLoaderSetupAction$1.call(ContextClassLoaderSetupAction.java:43)
	at io.undertow.servlet.core.DeploymentManagerImpl.start(DeploymentManagerImpl.java:605)
	at runwar.undertow.SiteDeploymentManager.createSiteDeployment(SiteDeploymentManager.java:160)
	at runwar.Server.startServer(Server.java:358)
	at runwar.Start.main(Start.java:44)
"
"INFO","main","01/18/2025","12:24:30","startup","Lucee was not able to register an event listener with io.undertow.servlet.spec.ServletContextImpl"
"INFO","main","01/18/2025","12:24:30","add-event-listener","UT010041: The servlet context has already been initialized, you can only call this method from a ServletContainerInitializer or a ServletContextListener;java.lang.IllegalStateException: UT010041: The servlet context has already been initialized, you can only call this method from a ServletContainerInitializer or a ServletContextListener
	at io.undertow.servlet.spec.ServletContextImpl.ensureNotInitialized(ServletContextImpl.java:1032)
	at io.undertow.servlet.spec.ServletContextImpl.addListener(ServletContextImpl.java:746)
	at lucee.runtime.engine.CFMLEngineImpl.addEventListener(CFMLEngineImpl.java:792)
	at lucee.runtime.engine.CFMLEngineImpl.addServletConfig(CFMLEngineImpl.java:751)
	at lucee.loader.engine.CFMLEngineWrapper.addServletConfig(CFMLEngineWrapper.java:87)
	at lucee.loader.engine.CFMLEngineFactory.getInstance(CFMLEngineFactory.java:227)
	at lucee.loader.servlet.CFMLServlet.init(CFMLServlet.java:37)
	at io.undertow.servlet.core.LifecyleInterceptorInvocation.proceed(LifecyleInterceptorInvocation.java:117)
	at io.undertow.servlet.core.ManagedServlet$DefaultInstanceStrategy.start(ManagedServlet.java:309)
	at io.undertow.servlet.core.ManagedServlet.createServlet(ManagedServlet.java:145)
	at io.undertow.servlet.core.DeploymentManagerImpl$2.call(DeploymentManagerImpl.java:589)
	at io.undertow.servlet.core.DeploymentManagerImpl$2.call(DeploymentManagerImpl.java:559)
	at io.undertow.servlet.core.ServletRequestContextThreadSetupAction$1.call(ServletRequestContextThreadSetupAction.java:42)
	at io.undertow.servlet.core.ContextClassLoaderSetupAction$1.call(ContextClassLoaderSetupAction.java:43)
	at io.undertow.servlet.core.DeploymentManagerImpl.start(DeploymentManagerImpl.java:605)
	at runwar.undertow.SiteDeploymentManager.createSiteDeployment(SiteDeploymentManager.java:160)
	at runwar.Server.startServer(Server.java:358)
	at runwar.Start.main(Start.java:44)
"
"INFO","main","01/18/2025","12:24:30","startup","Lucee was not able to register an event listener with io.undertow.servlet.spec.ServletContextImpl"
"INFO","main","01/18/2025","12:24:30","add-event-listener","UT010041: The servlet context has already been initialized, you can only call this method from a ServletContainerInitializer or a ServletContextListener;java.lang.IllegalStateException: UT010041: The servlet context has already been initialized, you can only call this method from a ServletContainerInitializer or a ServletContextListener
	at io.undertow.servlet.spec.ServletContextImpl.ensureNotInitialized(ServletContextImpl.java:1032)
	at io.undertow.servlet.spec.ServletContextImpl.addListener(ServletContextImpl.java:746)
	at lucee.runtime.engine.CFMLEngineImpl.addEventListener(CFMLEngineImpl.java:792)
	at lucee.runtime.engine.CFMLEngineImpl.addServletConfig(CFMLEngineImpl.java:751)
	at lucee.loader.engine.CFMLEngineWrapper.addServletConfig(CFMLEngineWrapper.java:87)
	at lucee.loader.engine.CFMLEngineFactory.getInstance(CFMLEngineFactory.java:227)
	at lucee.loader.servlet.RestServlet.init(RestServlet.java:37)
	at io.undertow.servlet.core.LifecyleInterceptorInvocation.proceed(LifecyleInterceptorInvocation.java:117)
	at io.undertow.servlet.core.ManagedServlet$DefaultInstanceStrategy.start(ManagedServlet.java:309)
	at io.undertow.servlet.core.ManagedServlet.createServlet(ManagedServlet.java:145)
	at io.undertow.servlet.core.DeploymentManagerImpl$2.call(DeploymentManagerImpl.java:589)
	at io.undertow.servlet.core.DeploymentManagerImpl$2.call(DeploymentManagerImpl.java:559)
	at io.undertow.servlet.core.ServletRequestContextThreadSetupAction$1.call(ServletRequestContextThreadSetupAction.java:42)
	at io.undertow.servlet.core.ContextClassLoaderSetupAction$1.call(ContextClassLoaderSetupAction.java:43)
	at io.undertow.servlet.core.DeploymentManagerImpl.start(DeploymentManagerImpl.java:605)
	at runwar.undertow.SiteDeploymentManager.createSiteDeployment(SiteDeploymentManager.java:160)
	at runwar.Server.startServer(Server.java:358)
	at runwar.Start.main(Start.java:44)
"
"INFO","main","01/18/2025","12:24:30","startup","Lucee was not able to register an event listener with io.undertow.servlet.spec.ServletContextImpl"
"INFO","Thread-3","01/18/2025","12:24:45","controller","controller took 8254ms to execute successfully."
"INFO","XNIO-1 task-1","01/18/2025","12:28:03","xml","com.sun.org.apache.xerces.internal.jaxp.DocumentBuilderFactoryImpl is used as DocumentBuilderFactory"
"ERROR","XNIO-1 task-1","01/18/2025","12:29:10","webadmin6.1.1.118","variable [NAME] doesn't exist;lucee.runtime.exp.ExpressionException: variable [NAME] doesn't exist
	at lucee.runtime.type.scope.UndefinedImpl.get(UndefinedImpl.java:252)
	at lucee.runtime.type.scope.UndefinedImpl.get(UndefinedImpl.java:192)
	at lucee.runtime.PageContextImpl.us(PageContextImpl.java:1233)
	at loganalyzer.overview_cfm$cf.call(/lucee_plugin_directory/loganalyzer/overview.cfm:82)
	at lucee.runtime.PageContextImpl._doInclude(PageContextImpl.java:1046)
	at lucee.runtime.PageContextImpl._doInclude(PageContextImpl.java:940)
	at lucee.runtime.PageContextImpl.doInclude(PageContextImpl.java:921)
	at plugin.plugin_cfc$cf.udfCall(/lucee/admin/plugin/Plugin.cfc:82)
	at lucee.runtime.type.UDFImpl.implementation(UDFImpl.java:112)
	at lucee.runtime.type.UDFImpl._call(UDFImpl.java:357)
	at lucee.runtime.type.UDFImpl.call(UDFImpl.java:224)
	at lucee.runtime.ComponentImpl._call(ComponentImpl.java:715)
	at lucee.runtime.ComponentImpl._call(ComponentImpl.java:588)
	at lucee.runtime.ComponentImpl.call(ComponentImpl.java:2033)
	at lucee.runtime.util.VariableUtilImpl.callFunctionWithoutNamedValues(VariableUtilImpl.java:796)
	at lucee.runtime.PageContextImpl.getFunction(PageContextImpl.java:1992)
	at plugin_cfm$cf.call(/admin/plugin.cfm:81)
	at lucee.runtime.PageContextImpl._doInclude(PageContextImpl.java:1046)
	at lucee.runtime.PageContextImpl._doInclude(PageContextImpl.java:940)
	at lucee.runtime.PageContextImpl.doInclude(PageContextImpl.java:921)
	at web_cfm$cf.call_000007(/admin/web.cfm:521)
	at web_cfm$cf.call(/admin/web.cfm:515)
	at lucee.runtime.PageContextImpl._doInclude(PageContextImpl.java:1046)
	at lucee.runtime.PageContextImpl._doInclude(PageContextImpl.java:940)
	at lucee.runtime.PageContextImpl.doInclude(PageContextImpl.java:921)
	at index_cfm$cf.call(/admin/index.cfm:3)
	at lucee.runtime.PageContextImpl._doInclude(PageContextImpl.java:1046)
	at lucee.runtime.PageContextImpl._doInclude(PageContextImpl.java:940)
	at lucee.runtime.listener.ModernAppListener._onRequest(ModernAppListener.java:213)
	at lucee.runtime.listener.ModernAppListener.onRequest(ModernAppListener.java:100)
	at lucee.runtime.PageContextImpl.execute(PageContextImpl.java:2725)
	at lucee.runtime.PageContextImpl._execute(PageContextImpl.java:2712)
	at lucee.runtime.PageContextImpl.executeCFML(PageContextImpl.java:2683)
	at lucee.runtime.engine.Request.exe(Request.java:45)
	at lucee.runtime.engine.CFMLEngineImpl._service(CFMLEngineImpl.java:1159)
	at lucee.runtime.engine.CFMLEngineImpl.serviceCFML(CFMLEngineImpl.java:1116)
	at lucee.loader.engine.CFMLEngineWrapper.serviceCFML(CFMLEngineWrapper.java:97)
	at lucee.loader.servlet.CFMLServlet.service(CFMLServlet.java:42)
..."
"ERROR","XNIO-1 task-1","01/18/2025","12:32:04","webadmin6.1.1.118","variable [NAME] doesn't exist;lucee.runtime.exp.ExpressionException: variable [NAME] doesn't exist
	at lucee.runtime.type.scope.UndefinedImpl.get(UndefinedImpl.java:252)
	at lucee.runtime.type.scope.UndefinedImpl.get(UndefinedImpl.java:192)
	at lucee.runtime.PageContextImpl.us(PageContextImpl.java:1233)
	at loganalyzer.overview_cfm$cf.call(/lucee_plugin_directory/loganalyzer/overview.cfm:82)
	at lucee.runtime.PageContextImpl._doInclude(PageContextImpl.java:1046)
	at lucee.runtime.PageContextImpl._doInclude(PageContextImpl.java:940)
	at lucee.runtime.PageContextImpl.doInclude(PageContextImpl.java:921)
	at plugin.plugin_cfc$cf.udfCall(/lucee/admin/plugin/Plugin.cfc:82)
	at lucee.runtime.type.UDFImpl.implementation(UDFImpl.java:112)
	at lucee.runtime.type.UDFImpl._call(UDFImpl.java:357)
	at lucee.runtime.type.UDFImpl.call(UDFImpl.java:224)
	at lucee.runtime.ComponentImpl._call(ComponentImpl.java:715)
	at lucee.runtime.ComponentImpl._call(ComponentImpl.java:588)
	at lucee.runtime.ComponentImpl.call(ComponentImpl.java:2033)
	at lucee.runtime.util.VariableUtilImpl.callFunctionWithoutNamedValues(VariableUtilImpl.java:796)
	at lucee.runtime.PageContextImpl.getFunction(PageContextImpl.java:1992)
	at plugin_cfm$cf.call(/admin/plugin.cfm:81)
	at lucee.runtime.PageContextImpl._doInclude(PageContextImpl.java:1046)
	at lucee.runtime.PageContextImpl._doInclude(PageContextImpl.java:940)
	at lucee.runtime.PageContextImpl.doInclude(PageContextImpl.java:921)
	at web_cfm$cf.call_000007(/admin/web.cfm:521)
	at web_cfm$cf.call(/admin/web.cfm:515)
	at lucee.runtime.PageContextImpl._doInclude(PageContextImpl.java:1046)
	at lucee.runtime.PageContextImpl._doInclude(PageContextImpl.java:940)
	at lucee.runtime.PageContextImpl.doInclude(PageContextImpl.java:921)
	at index_cfm$cf.call(/admin/index.cfm:3)
	at lucee.runtime.PageContextImpl._doInclude(PageContextImpl.java:1046)
	at lucee.runtime.PageContextImpl._doInclude(PageContextImpl.java:940)
	at lucee.runtime.listener.ModernAppListener._onRequest(ModernAppListener.java:213)
	at lucee.runtime.listener.ModernAppListener.onRequest(ModernAppListener.java:100)
	at lucee.runtime.PageContextImpl.execute(PageContextImpl.java:2725)
	at lucee.runtime.PageContextImpl._execute(PageContextImpl.java:2712)
	at lucee.runtime.PageContextImpl.executeCFML(PageContextImpl.java:2683)
	at lucee.runtime.engine.Request.exe(Request.java:45)
	at lucee.runtime.engine.CFMLEngineImpl._service(CFMLEngineImpl.java:1159)
	at lucee.runtime.engine.CFMLEngineImpl.serviceCFML(CFMLEngineImpl.java:1116)
	at lucee.loader.engine.CFMLEngineWrapper.serviceCFML(CFMLEngineWrapper.java:97)
	at lucee.loader.servlet.CFMLServlet.service(CFMLServlet.java:42)
..."
"ERROR","XNIO-1 task-1","01/18/2025","12:32:09","webadmin6.1.1.118","variable [NAME] doesn't exist;lucee.runtime.exp.ExpressionException: variable [NAME] doesn't exist
	at lucee.runtime.type.scope.UndefinedImpl.get(UndefinedImpl.java:252)
	at lucee.runtime.type.scope.UndefinedImpl.get(UndefinedImpl.java:192)
	at lucee.runtime.PageContextImpl.us(PageContextImpl.java:1233)
	at loganalyzer.overview_cfm$cf.call(/lucee_plugin_directory/loganalyzer/overview.cfm:82)
	at lucee.runtime.PageContextImpl._doInclude(PageContextImpl.java:1046)
	at lucee.runtime.PageContextImpl._doInclude(PageContextImpl.java:940)
	at lucee.runtime.PageContextImpl.doInclude(PageContextImpl.java:921)
	at plugin.plugin_cfc$cf.udfCall(/lucee/admin/plugin/Plugin.cfc:82)
	at lucee.runtime.type.UDFImpl.implementation(UDFImpl.java:112)
	at lucee.runtime.type.UDFImpl._call(UDFImpl.java:357)
	at lucee.runtime.type.UDFImpl.call(UDFImpl.java:224)
	at lucee.runtime.ComponentImpl._call(ComponentImpl.java:715)
	at lucee.runtime.ComponentImpl._call(ComponentImpl.java:588)
	at lucee.runtime.ComponentImpl.call(ComponentImpl.java:2033)
	at lucee.runtime.util.VariableUtilImpl.callFunctionWithoutNamedValues(VariableUtilImpl.java:796)
	at lucee.runtime.PageContextImpl.getFunction(PageContextImpl.java:1992)
	at plugin_cfm$cf.call(/admin/plugin.cfm:81)
	at lucee.runtime.PageContextImpl._doInclude(PageContextImpl.java:1046)
	at lucee.runtime.PageContextImpl._doInclude(PageContextImpl.java:940)
	at lucee.runtime.PageContextImpl.doInclude(PageContextImpl.java:921)
	at web_cfm$cf.call_000007(/admin/web.cfm:521)
	at web_cfm$cf.call(/admin/web.cfm:515)
	at lucee.runtime.PageContextImpl._doInclude(PageContextImpl.java:1046)
	at lucee.runtime.PageContextImpl._doInclude(PageContextImpl.java:940)
	at lucee.runtime.PageContextImpl.doInclude(PageContextImpl.java:921)
	at index_cfm$cf.call(/admin/index.cfm:3)
	at lucee.runtime.PageContextImpl._doInclude(PageContextImpl.java:1046)
	at lucee.runtime.PageContextImpl._doInclude(PageContextImpl.java:940)
	at lucee.runtime.listener.ModernAppListener._onRequest(ModernAppListener.java:213)
	at lucee.runtime.listener.ModernAppListener.onRequest(ModernAppListener.java:100)
	at lucee.runtime.PageContextImpl.execute(PageContextImpl.java:2725)
	at lucee.runtime.PageContextImpl._execute(PageContextImpl.java:2712)
	at lucee.runtime.PageContextImpl.executeCFML(PageContextImpl.java:2683)
	at lucee.runtime.engine.Request.exe(Request.java:45)
	at lucee.runtime.engine.CFMLEngineImpl._service(CFMLEngineImpl.java:1159)
	at lucee.runtime.engine.CFMLEngineImpl.serviceCFML(CFMLEngineImpl.java:1116)
	at lucee.loader.engine.CFMLEngineWrapper.serviceCFML(CFMLEngineWrapper.java:97)
	at lucee.loader.servlet.CFMLServlet.service(CFMLServlet.java:42)
..."
"INFO","main","06/09/2025","18:51:38","startup","Touched monitors"
"INFO","main","06/09/2025","18:51:38","startup","Start CFML Controller"
"INFO","main","06/09/2025","18:51:38","startup","Init factory"
"INFO","main","06/09/2025","18:51:38","startup","Loaded config"
"INFO","main","06/09/2025","18:51:38","startup","Reset CFML Engine"
"INFO","main","06/09/2025","18:51:39","lucee.runtime.CFMLFactoryImpl","Reset 0 Unused PageContexts"
"INFO","main","06/09/2025","19:06:55","startup","Touched monitors"
"INFO","main","06/09/2025","19:06:55","startup","Start CFML Controller"
"INFO","main","06/09/2025","19:06:55","startup","Init factory"
"INFO","main","06/09/2025","19:06:55","startup","Loaded config"
"INFO","http-nio-8888-exec-2","06/09/2025","19:07:03","xml","com.sun.org.apache.xerces.internal.jaxp.DocumentBuilderFactoryImpl is used as DocumentBuilderFactory"
"INFO","Thread-7","06/09/2025","19:15:06","startup","Reset CFML Engine"
"ERROR","Thread-192","06/09/2025","19:15:06","file","java.lang.InterruptedException;java.lang.InterruptedException
	at java.base/java.lang.Object.wait(Native Method)
	at lucee.commons.io.retirement.RetireOutputStreamFactory$RetireThread.run(RetireOutputStreamFactory.java:73)
	at lucee.commons.lang.ParentThreasRefThread.start(ParentThreasRefThread.java:16)
	at lucee.commons.io.retirement.RetireOutputStreamFactory.startThread(RetireOutputStreamFactory.java:50)
	at lucee.commons.io.retirement.RetireOutputStream.getOutputStream(RetireOutputStream.java:58)
	at lucee.commons.io.retirement.RetireOutputStream.write(RetireOutputStream.java:131)
	at java.base/sun.nio.cs.StreamEncoder.writeBytes(StreamEncoder.java:233)
	at java.base/sun.nio.cs.StreamEncoder.implFlushBuffer(StreamEncoder.java:312)
	at java.base/sun.nio.cs.StreamEncoder.implFlush(StreamEncoder.java:316)
	at java.base/sun.nio.cs.StreamEncoder.flush(StreamEncoder.java:153)
	at java.base/java.io.OutputStreamWriter.flush(OutputStreamWriter.java:251)
	at lucee.commons.io.log.log4j2.appender.ResourceAppender.append(ResourceAppender.java:84)
	at org.apache.logging.log4j.core.config.AppenderControl.tryCallAppender(AppenderControl.java:161)
	at org.apache.logging.log4j.core.config.AppenderControl.callAppender0(AppenderControl.java:134)
	at org.apache.logging.log4j.core.config.AppenderControl.callAppenderPreventRecursion(AppenderControl.java:125)
	at org.apache.logging.log4j.core.config.AppenderControl.callAppender(AppenderControl.java:89)
	at org.apache.logging.log4j.core.config.LoggerConfig.callAppenders(LoggerConfig.java:683)
	at org.apache.logging.log4j.core.config.LoggerConfig.processLogEvent(LoggerConfig.java:641)
	at org.apache.logging.log4j.core.config.LoggerConfig.log(LoggerConfig.java:624)
	at org.apache.logging.log4j.core.config.LoggerConfig.log(LoggerConfig.java:560)
	at org.apache.logging.log4j.core.config.DefaultReliabilityStrategy.log(DefaultReliabilityStrategy.java:63)
	at org.apache.logging.log4j.core.Logger.log(Logger.java:163)
	at org.apache.logging.log4j.spi.AbstractLogger.tryLogMessage(AbstractLogger.java:2168)
	at org.apache.logging.log4j.spi.AbstractLogger.logMessageTrackRecursion(AbstractLogger.java:2122)
	at org.apache.logging.log4j.spi.AbstractLogger.logMessageSafely(AbstractLogger.java:2105)
	at org.apache.logging.log4j.spi.AbstractLogger.logMessage(AbstractLogger.java:1980)
	at org.apache.logging.log4j.spi.AbstractLogger.logIfEnabled(AbstractLogger.java:1946)
	at org.apache.logging.log4j.spi.AbstractLogger.log(AbstractLogger.java:1615)
	at lucee.commons.io.log.log4j2.LogAdapter.log(LogAdapter.java:31)
	at lucee.commons.io.log.LogUtil.log(LogUtil.java:157)
	at lucee.commons.io.log.LogUtil.log(LogUtil.java:93)
	at lucee.runtime.engine.CFMLEngineImpl.reset(CFMLEngineImpl.java:1265)
	at lucee.runtime.engine.CFMLEngineImpl.reset(CFMLEngineImpl.java:1257)
	at lucee.runtime.engine.listener.CFMLServletContextListener.contextDestroyed(CFMLServletContextListener.java:22)
	at org.apache.catalina.core.StandardContext.listenerStop(StandardContext.java:4690)
	at org.apache.catalina.core.StandardContext.stopInternal(StandardContext.java:5331)
	at org.apache.catalina.util.LifecycleBase.stop(LifecycleBase.java:257)
	at org.apache.catalina.core.ContainerBase$StopChild.call(ContainerBase.java:1445)
	at org.apache.catalina.core.ContainerBase$StopChild.call(ContainerBase.java:1434)
	at java.base/java.util.concurrent.FutureTask.run(FutureTask.java:264)
	at org.apache.tomcat.util.threads.InlineExecutorService.execute(InlineExecutorService.java:75)
	at java.base/java.util.concurrent.AbstractExecutorService.submit(AbstractExecutorService.java:140)
	at org.apache.catalina.core.ContainerBase.stopInternal(ContainerBase.java:1001)
	at org.apache.catalina.util.LifecycleBase.stop(LifecycleBase.java:257)
	at org.apache.catalina.core.ContainerBase$StopChild.call(ContainerBase.java:1445)
	at org.apache.catalina.core.ContainerBase$StopChild.call(ContainerBase.java:1434)
	at java.base/java.util.concurrent.FutureTask.run(FutureTask.java:264)
	at org.apache.tomcat.util.threads.InlineExecutorService.execute(InlineExecutorService.java:75)
	at java.base/java.util.concurrent.AbstractExecutorService.submit(AbstractExecutorService.java:140)
	at org.apache.catalina.core.ContainerBase.stopInternal(ContainerBase.java:1001)
	at org.apache.catalina.util.LifecycleBase.stop(LifecycleBase.java:257)
	at org.apache.catalina.core.StandardService.stopInternal(StandardService.java:474)
	at org.apache.catalina.util.LifecycleBase.stop(LifecycleBase.java:257)
	at org.apache.catalina.core.StandardServer.stopInternal(StandardServer.java:791)
	at org.apache.catalina.util.LifecycleBase.stop(LifecycleBase.java:257)
	at org.apache.catalina.startup.Catalina.stop(Catalina.java:755)
	at org.apache.catalina.startup.Catalina$CatalinaShutdownHook.run(Catalina.java:856)
"
"INFO","Thread-7","06/09/2025","19:15:06","lucee.runtime.CFMLFactoryImpl","Reset 3 Unused PageContexts"
"INFO","main","06/09/2025","19:15:54","startup","Touched monitors"
"INFO","main","06/09/2025","19:15:54","startup","Start CFML Controller"
"INFO","main","06/09/2025","19:15:54","startup","Init factory"
"INFO","main","06/09/2025","19:15:54","startup","Loaded config"
"INFO","main","06/09/2025","19:20:12","startup","Reset CFML Engine"
"ERROR","Thread-59","06/09/2025","19:20:12","file","java.lang.InterruptedException;java.lang.InterruptedException
	at java.base/java.lang.Object.wait(Native Method)
	at lucee.commons.io.retirement.RetireOutputStreamFactory$RetireThread.run(RetireOutputStreamFactory.java:73)
	at lucee.commons.lang.ParentThreasRefThread.start(ParentThreasRefThread.java:16)
	at lucee.commons.io.retirement.RetireOutputStreamFactory.startThread(RetireOutputStreamFactory.java:50)
	at lucee.commons.io.retirement.RetireOutputStream.getOutputStream(RetireOutputStream.java:58)
	at lucee.commons.io.retirement.RetireOutputStream.write(RetireOutputStream.java:131)
	at java.base/sun.nio.cs.StreamEncoder.writeBytes(StreamEncoder.java:233)
	at java.base/sun.nio.cs.StreamEncoder.implFlushBuffer(StreamEncoder.java:312)
	at java.base/sun.nio.cs.StreamEncoder.implFlush(StreamEncoder.java:316)
	at java.base/sun.nio.cs.StreamEncoder.flush(StreamEncoder.java:153)
	at java.base/java.io.OutputStreamWriter.flush(OutputStreamWriter.java:251)
	at lucee.commons.io.log.log4j2.appender.ResourceAppender.append(ResourceAppender.java:84)
	at org.apache.logging.log4j.core.config.AppenderControl.tryCallAppender(AppenderControl.java:161)
	at org.apache.logging.log4j.core.config.AppenderControl.callAppender0(AppenderControl.java:134)
	at org.apache.logging.log4j.core.config.AppenderControl.callAppenderPreventRecursion(AppenderControl.java:125)
	at org.apache.logging.log4j.core.config.AppenderControl.callAppender(AppenderControl.java:89)
	at org.apache.logging.log4j.core.config.LoggerConfig.callAppenders(LoggerConfig.java:683)
	at org.apache.logging.log4j.core.config.LoggerConfig.processLogEvent(LoggerConfig.java:641)
	at org.apache.logging.log4j.core.config.LoggerConfig.log(LoggerConfig.java:624)
	at org.apache.logging.log4j.core.config.LoggerConfig.log(LoggerConfig.java:560)
	at org.apache.logging.log4j.core.config.DefaultReliabilityStrategy.log(DefaultReliabilityStrategy.java:63)
	at org.apache.logging.log4j.core.Logger.log(Logger.java:163)
	at org.apache.logging.log4j.spi.AbstractLogger.tryLogMessage(AbstractLogger.java:2168)
	at org.apache.logging.log4j.spi.AbstractLogger.logMessageTrackRecursion(AbstractLogger.java:2122)
	at org.apache.logging.log4j.spi.AbstractLogger.logMessageSafely(AbstractLogger.java:2105)
	at org.apache.logging.log4j.spi.AbstractLogger.logMessage(AbstractLogger.java:1980)
	at org.apache.logging.log4j.spi.AbstractLogger.logIfEnabled(AbstractLogger.java:1946)
	at org.apache.logging.log4j.spi.AbstractLogger.log(AbstractLogger.java:1615)
	at lucee.commons.io.log.log4j2.LogAdapter.log(LogAdapter.java:31)
	at lucee.commons.io.log.LogUtil.log(LogUtil.java:157)
	at lucee.commons.io.log.LogUtil.log(LogUtil.java:93)
	at lucee.runtime.engine.CFMLEngineImpl.reset(CFMLEngineImpl.java:1265)
	at lucee.runtime.engine.CFMLEngineImpl.reset(CFMLEngineImpl.java:1257)
	at lucee.runtime.engine.listener.CFMLServletContextListener.contextDestroyed(CFMLServletContextListener.java:22)
	at org.apache.catalina.core.StandardContext.listenerStop(StandardContext.java:4690)
	at org.apache.catalina.core.StandardContext.stopInternal(StandardContext.java:5331)
	at org.apache.catalina.util.LifecycleBase.stop(LifecycleBase.java:257)
	at org.apache.catalina.core.ContainerBase$StopChild.call(ContainerBase.java:1445)
	at org.apache.catalina.core.ContainerBase$StopChild.call(ContainerBase.java:1434)
	at java.base/java.util.concurrent.FutureTask.run(FutureTask.java:264)
	at org.apache.tomcat.util.threads.InlineExecutorService.execute(InlineExecutorService.java:75)
	at java.base/java.util.concurrent.AbstractExecutorService.submit(AbstractExecutorService.java:140)
	at org.apache.catalina.core.ContainerBase.stopInternal(ContainerBase.java:1001)
	at org.apache.catalina.util.LifecycleBase.stop(LifecycleBase.java:257)
	at org.apache.catalina.core.ContainerBase$StopChild.call(ContainerBase.java:1445)
	at org.apache.catalina.core.ContainerBase$StopChild.call(ContainerBase.java:1434)
	at java.base/java.util.concurrent.FutureTask.run(FutureTask.java:264)
	at org.apache.tomcat.util.threads.InlineExecutorService.execute(InlineExecutorService.java:75)
	at java.base/java.util.concurrent.AbstractExecutorService.submit(AbstractExecutorService.java:140)
	at org.apache.catalina.core.ContainerBase.stopInternal(ContainerBase.java:1001)
	at org.apache.catalina.util.LifecycleBase.stop(LifecycleBase.java:257)
	at org.apache.catalina.core.StandardService.stopInternal(StandardService.java:474)
	at org.apache.catalina.util.LifecycleBase.stop(LifecycleBase.java:257)
	at org.apache.catalina.core.StandardServer.stopInternal(StandardServer.java:791)
	at org.apache.catalina.util.LifecycleBase.stop(LifecycleBase.java:257)
	at org.apache.catalina.startup.Catalina.stop(Catalina.java:755)
	at org.apache.catalina.startup.Catalina.start(Catalina.java:717)
	at java.base/jdk.internal.reflect.NativeMethodAccessorImpl.invoke0(Native Method)
	at java.base/jdk.internal.reflect.NativeMethodAccessorImpl.invoke(NativeMethodAccessorImpl.java:62)
	at java.base/jdk.internal.reflect.DelegatingMethodAccessorImpl.invoke(DelegatingMethodAccessorImpl.java:43)
	at java.base/java.lang.reflect.Method.invoke(Method.java:566)
	at org.apache.catalina.startup.Bootstrap.start(Bootstrap.java:350)
	at org.apache.catalina.startup.Bootstrap.main(Bootstrap.java:492)
"
"INFO","main","06/09/2025","19:20:12","lucee.runtime.CFMLFactoryImpl","Reset 0 Unused PageContexts"
"INFO","main","06/09/2025","19:20:20","startup","Touched monitors"
"INFO","main","06/09/2025","19:20:20","startup","Start CFML Controller"
"INFO","main","06/09/2025","19:20:20","startup","Init factory"
"INFO","main","06/09/2025","19:20:20","startup","Loaded config"
"INFO","main","06/09/2025","19:21:21","startup","Reset CFML Engine"
"INFO","main","06/09/2025","19:21:21","lucee.runtime.CFMLFactoryImpl","Reset 0 Unused PageContexts"
"INFO","main","06/09/2025","19:21:57","startup","Touched monitors"
"INFO","main","06/09/2025","19:21:57","startup","Start CFML Controller"
"INFO","main","06/09/2025","19:21:57","startup","Init factory"
"INFO","main","06/09/2025","19:21:57","startup","Loaded config"
"INFO","main","06/09/2025","19:22:13","startup","Reset CFML Engine"
"INFO","main","06/09/2025","19:22:13","lucee.runtime.CFMLFactoryImpl","Reset 0 Unused PageContexts"
"INFO","main","06/09/2025","19:24:24","startup","Touched monitors"
"INFO","main","06/09/2025","19:24:24","startup","Start CFML Controller"
"INFO","main","06/09/2025","19:24:24","startup","Init factory"
"INFO","main","06/09/2025","19:24:24","startup","Loaded config"
"INFO","main","06/09/2025","19:24:41","startup","Reset CFML Engine"
"INFO","main","06/09/2025","19:24:41","lucee.runtime.CFMLFactoryImpl","Reset 0 Unused PageContexts"
"INFO","main","06/09/2025","19:25:22","startup","Touched monitors"
"INFO","main","06/09/2025","19:25:22","startup","Start CFML Controller"
"INFO","main","06/09/2025","19:25:22","startup","Init factory"
"INFO","main","06/09/2025","19:25:22","startup","Loaded config"
"INFO","main","06/09/2025","19:25:30","startup","Reset CFML Engine"
"INFO","main","06/09/2025","19:25:30","lucee.runtime.CFMLFactoryImpl","Reset 0 Unused PageContexts"
"INFO","main","06/09/2025","19:28:01","startup","Touched monitors"
"INFO","main","06/09/2025","19:28:01","startup","Start CFML Controller"
"INFO","main","06/09/2025","19:28:01","startup","Init factory"
"INFO","main","06/09/2025","19:28:01","startup","Loaded config"
"INFO","main","06/09/2025","19:29:00","startup","Reset CFML Engine"
"INFO","main","06/09/2025","19:29:00","lucee.runtime.CFMLFactoryImpl","Reset 1 Unused PageContexts"
"INFO","main","06/10/2025","16:08:27","startup","Touched monitors"
"INFO","main","06/10/2025","16:08:27","startup","Start CFML Controller"
"INFO","main","06/10/2025","16:08:27","startup","Init factory"
"INFO","main","06/10/2025","16:08:27","startup","Loaded config"
"INFO","http-nio-8888-exec-4","06/10/2025","16:08:57","xml","com.sun.org.apache.xerces.internal.jaxp.DocumentBuilderFactoryImpl is used as DocumentBuilderFactory"
