"Severity","ThreadID","Date","Time","Application","Message"
"ERROR","XNIO-1 task-4","01/14/2025","17:16:42","","Custom tag ""llwd_main_admin_site_wrapper.[cfc|cfm|cfs]"" was not found. Directories searched: ""/media/rbrown/LocalDisk/Public/R_work/WRIS/payroll-matters-payrollmatters.com/llwd/mfa"", ""/media/data/home/rbrown/.CommandBox/server/627A2B6F79A39DBC9AB93B2F1CFA04A9-payroll-matters-payrollmatters.com/lucee-6.1.1.118/WEB-INF/lucee-server/context/customtags"";lucee.runtime.exp.ExpressionException: Custom tag ""llwd_main_admin_site_wrapper.[cfc|cfm|cfs]"" was not found. Directories searched: ""/media/rbrown/LocalDisk/Public/R_work/WRIS/payroll-matters-payrollmatters.com/llwd/mfa"", ""/media/data/home/rbrown/.CommandBox/server/627A2B6F79A39DBC9AB93B2F1CFA04A9-payroll-matters-payrollmatters.com/lucee-6.1.1.118/WEB-INF/lucee-server/context/customtags""
	at lucee.runtime.customtag.CustomTagUtil.loadInitFile(CustomTagUtil.java:92)
	at lucee.runtime.tag.CFTag.initFile(CFTag.java:226)
	at lucee.runtime.tag.CFTag.initFile(CFTag.java:222)
	at lucee.runtime.tag.CFTag.doStartTag(CFTag.java:176)
	at llwd.mfa.login_cfm$cf.call(/llwd/mfa/login.cfm:45)
	at lucee.runtime.PageContextImpl._doInclude(PageContextImpl.java:1046)
	at lucee.runtime.PageContextImpl._doInclude(PageContextImpl.java:940)
	at lucee.runtime.listener.ClassicAppListener._onRequest(ClassicAppListener.java:63)
	at lucee.runtime.listener.MixedAppListener.onRequest(MixedAppListener.java:42)
	at lucee.runtime.PageContextImpl.execute(PageContextImpl.java:2725)
	at lucee.runtime.PageContextImpl._execute(PageContextImpl.java:2712)
	at lucee.runtime.PageContextImpl.executeCFML(PageContextImpl.java:2683)
	at lucee.runtime.engine.Request.exe(Request.java:45)
	at lucee.runtime.engine.CFMLEngineImpl._service(CFMLEngineImpl.java:1159)
	at lucee.runtime.engine.CFMLEngineImpl.serviceCFML(CFMLEngineImpl.java:1116)
	at lucee.loader.engine.CFMLEngineWrapper.serviceCFML(CFMLEngineWrapper.java:97)
	at lucee.loader.servlet.CFMLServlet.service(CFMLServlet.java:42)
..."
"ERROR","XNIO-1 task-4","01/14/2025","17:37:26","","Custom tag ""llwd_main_admin_site_wrapper.[cfc|cfm|cfs]"" was not found. Directories searched: ""/media/rbrown/LocalDisk/Public/R_work/WRIS/payroll-matters-payrollmatters.com/llwd/mfa"", ""/media/data/home/rbrown/.CommandBox/server/627A2B6F79A39DBC9AB93B2F1CFA04A9-payroll-matters-payrollmatters.com/lucee-6.1.1.118/WEB-INF/lucee-server/context/customtags"";lucee.runtime.exp.ExpressionException: Custom tag ""llwd_main_admin_site_wrapper.[cfc|cfm|cfs]"" was not found. Directories searched: ""/media/rbrown/LocalDisk/Public/R_work/WRIS/payroll-matters-payrollmatters.com/llwd/mfa"", ""/media/data/home/rbrown/.CommandBox/server/627A2B6F79A39DBC9AB93B2F1CFA04A9-payroll-matters-payrollmatters.com/lucee-6.1.1.118/WEB-INF/lucee-server/context/customtags""
	at lucee.runtime.customtag.CustomTagUtil.loadInitFile(CustomTagUtil.java:92)
	at lucee.runtime.tag.CFTag.initFile(CFTag.java:226)
	at lucee.runtime.tag.CFTag.initFile(CFTag.java:222)
	at lucee.runtime.tag.CFTag.doStartTag(CFTag.java:176)
	at llwd.mfa.login_cfm$cf.call(/llwd/mfa/login.cfm:45)
	at lucee.runtime.PageContextImpl._doInclude(PageContextImpl.java:1046)
	at lucee.runtime.PageContextImpl._doInclude(PageContextImpl.java:940)
	at lucee.runtime.listener.ClassicAppListener._onRequest(ClassicAppListener.java:63)
	at lucee.runtime.listener.MixedAppListener.onRequest(MixedAppListener.java:42)
	at lucee.runtime.PageContextImpl.execute(PageContextImpl.java:2725)
	at lucee.runtime.PageContextImpl._execute(PageContextImpl.java:2712)
	at lucee.runtime.PageContextImpl.executeCFML(PageContextImpl.java:2683)
	at lucee.runtime.engine.Request.exe(Request.java:45)
	at lucee.runtime.engine.CFMLEngineImpl._service(CFMLEngineImpl.java:1159)
	at lucee.runtime.engine.CFMLEngineImpl.serviceCFML(CFMLEngineImpl.java:1116)
	at lucee.loader.engine.CFMLEngineWrapper.serviceCFML(CFMLEngineWrapper.java:97)
	at lucee.loader.servlet.CFMLServlet.service(CFMLServlet.java:42)
..."
"ERROR","XNIO-1 task-4","01/14/2025","17:39:41","","Custom tag ""llwd_main_admin_site_wrapper.[cfc|cfm|cfs]"" was not found. Directories searched: ""/media/rbrown/LocalDisk/Public/R_work/WRIS/payroll-matters-payrollmatters.com/llwd/mfa"", ""/media/data/home/rbrown/.CommandBox/server/627A2B6F79A39DBC9AB93B2F1CFA04A9-payroll-matters-payrollmatters.com/lucee-6.1.1.118/WEB-INF/lucee-server/context/customtags"";lucee.runtime.exp.ExpressionException: Custom tag ""llwd_main_admin_site_wrapper.[cfc|cfm|cfs]"" was not found. Directories searched: ""/media/rbrown/LocalDisk/Public/R_work/WRIS/payroll-matters-payrollmatters.com/llwd/mfa"", ""/media/data/home/rbrown/.CommandBox/server/627A2B6F79A39DBC9AB93B2F1CFA04A9-payroll-matters-payrollmatters.com/lucee-6.1.1.118/WEB-INF/lucee-server/context/customtags""
	at lucee.runtime.customtag.CustomTagUtil.loadInitFile(CustomTagUtil.java:92)
	at lucee.runtime.tag.CFTag.initFile(CFTag.java:226)
	at lucee.runtime.tag.CFTag.initFile(CFTag.java:222)
	at lucee.runtime.tag.CFTag.doStartTag(CFTag.java:176)
	at llwd.mfa.login_cfm$cf.call(/llwd/mfa/login.cfm:45)
	at lucee.runtime.PageContextImpl._doInclude(PageContextImpl.java:1046)
	at lucee.runtime.PageContextImpl._doInclude(PageContextImpl.java:940)
	at lucee.runtime.listener.ClassicAppListener._onRequest(ClassicAppListener.java:63)
	at lucee.runtime.listener.MixedAppListener.onRequest(MixedAppListener.java:42)
	at lucee.runtime.PageContextImpl.execute(PageContextImpl.java:2725)
	at lucee.runtime.PageContextImpl._execute(PageContextImpl.java:2712)
	at lucee.runtime.PageContextImpl.executeCFML(PageContextImpl.java:2683)
	at lucee.runtime.engine.Request.exe(Request.java:45)
	at lucee.runtime.engine.CFMLEngineImpl._service(CFMLEngineImpl.java:1159)
	at lucee.runtime.engine.CFMLEngineImpl.serviceCFML(CFMLEngineImpl.java:1116)
	at lucee.loader.engine.CFMLEngineWrapper.serviceCFML(CFMLEngineWrapper.java:97)
	at lucee.loader.servlet.CFMLServlet.service(CFMLServlet.java:42)
..."
"ERROR","XNIO-1 task-4","01/14/2025","17:39:43","","Custom tag ""llwd_main_admin_site_wrapper.[cfc|cfm|cfs]"" was not found. Directories searched: ""/media/rbrown/LocalDisk/Public/R_work/WRIS/payroll-matters-payrollmatters.com/llwd/mfa"", ""/media/data/home/rbrown/.CommandBox/server/627A2B6F79A39DBC9AB93B2F1CFA04A9-payroll-matters-payrollmatters.com/lucee-6.1.1.118/WEB-INF/lucee-server/context/customtags"";lucee.runtime.exp.ExpressionException: Custom tag ""llwd_main_admin_site_wrapper.[cfc|cfm|cfs]"" was not found. Directories searched: ""/media/rbrown/LocalDisk/Public/R_work/WRIS/payroll-matters-payrollmatters.com/llwd/mfa"", ""/media/data/home/rbrown/.CommandBox/server/627A2B6F79A39DBC9AB93B2F1CFA04A9-payroll-matters-payrollmatters.com/lucee-6.1.1.118/WEB-INF/lucee-server/context/customtags""
	at lucee.runtime.customtag.CustomTagUtil.loadInitFile(CustomTagUtil.java:92)
	at lucee.runtime.tag.CFTag.initFile(CFTag.java:226)
	at lucee.runtime.tag.CFTag.initFile(CFTag.java:222)
	at lucee.runtime.tag.CFTag.doStartTag(CFTag.java:176)
	at llwd.mfa.login_cfm$cf.call(/llwd/mfa/login.cfm:45)
	at lucee.runtime.PageContextImpl._doInclude(PageContextImpl.java:1046)
	at lucee.runtime.PageContextImpl._doInclude(PageContextImpl.java:940)
	at lucee.runtime.listener.ClassicAppListener._onRequest(ClassicAppListener.java:63)
	at lucee.runtime.listener.MixedAppListener.onRequest(MixedAppListener.java:42)
	at lucee.runtime.PageContextImpl.execute(PageContextImpl.java:2725)
	at lucee.runtime.PageContextImpl._execute(PageContextImpl.java:2712)
	at lucee.runtime.PageContextImpl.executeCFML(PageContextImpl.java:2683)
	at lucee.runtime.engine.Request.exe(Request.java:45)
	at lucee.runtime.engine.CFMLEngineImpl._service(CFMLEngineImpl.java:1159)
	at lucee.runtime.engine.CFMLEngineImpl.serviceCFML(CFMLEngineImpl.java:1116)
	at lucee.loader.engine.CFMLEngineWrapper.serviceCFML(CFMLEngineWrapper.java:97)
	at lucee.loader.servlet.CFMLServlet.service(CFMLServlet.java:42)
..."
