DEBUG [Mon Jun 09 18:51:37 CDT 2025]:
META-INF/services/org.apache.logging.log4j.core.util.WatchEventService not found by org.lucee.log4j-api [24]
DEBUG [Mon Jun 09 18:51:37 CDT 2025]:
META-INF/services/org.apache.logging.log4j.core.util.WatchEventService not found by org.lucee.log4j-core [41]
DEBUG [Mon Jun 09 18:51:37 CDT 2025]:
META-INF/services/org.apache.logging.log4j.core.util.WatchEventService not found by lucee.core [48]
DEBUG [Mon Jun 09 18:51:38 CDT 2025]:
log4j2-testlucee.core.properties not found by org.lucee.log4j-core [41]
DEBUG [Mon Jun 09 18:51:38 CDT 2025]:
log4j2-testlucee.core.properties not found by org.lucee.log4j-api [24]
DEBUG [Mon Jun 09 18:51:38 CDT 2025]:
log4j2-testlucee.core.properties not found by lucee.core [48]
DEBUG [Mon Jun 09 18:51:38 CDT 2025]:
log4j2-testlucee.core.properties not found by org.lucee.log4j-core [41]
DEBUG [Mon Jun 09 18:51:38 CDT 2025]:
log4j2-testlucee.core.yml not found by org.lucee.log4j-core [41]
DEBUG [Mon Jun 09 18:51:38 CDT 2025]:
log4j2-testlucee.core.yml not found by org.lucee.log4j-api [24]
DEBUG [Mon Jun 09 18:51:38 CDT 2025]:
log4j2-testlucee.core.yml not found by lucee.core [48]
DEBUG [Mon Jun 09 18:51:38 CDT 2025]:
log4j2-testlucee.core.yml not found by org.lucee.log4j-core [41]
DEBUG [Mon Jun 09 18:51:38 CDT 2025]:
log4j2-testlucee.core.yaml not found by org.lucee.log4j-core [41]
DEBUG [Mon Jun 09 18:51:38 CDT 2025]:
log4j2-testlucee.core.yaml not found by org.lucee.log4j-api [24]
DEBUG [Mon Jun 09 18:51:38 CDT 2025]:
log4j2-testlucee.core.yaml not found by lucee.core [48]
DEBUG [Mon Jun 09 18:51:38 CDT 2025]:
log4j2-testlucee.core.yaml not found by org.lucee.log4j-core [41]
DEBUG [Mon Jun 09 18:51:38 CDT 2025]:
log4j2-testlucee.core.json not found by org.lucee.log4j-core [41]
DEBUG [Mon Jun 09 18:51:38 CDT 2025]:
log4j2-testlucee.core.json not found by org.lucee.log4j-api [24]
DEBUG [Mon Jun 09 18:51:38 CDT 2025]:
log4j2-testlucee.core.json not found by lucee.core [48]
DEBUG [Mon Jun 09 18:51:38 CDT 2025]:
log4j2-testlucee.core.json not found by org.lucee.log4j-core [41]
DEBUG [Mon Jun 09 18:51:38 CDT 2025]:
log4j2-testlucee.core.jsn not found by org.lucee.log4j-core [41]
DEBUG [Mon Jun 09 18:51:38 CDT 2025]:
log4j2-testlucee.core.jsn not found by org.lucee.log4j-api [24]
DEBUG [Mon Jun 09 18:51:38 CDT 2025]:
log4j2-testlucee.core.jsn not found by lucee.core [48]
DEBUG [Mon Jun 09 18:51:38 CDT 2025]:
log4j2-testlucee.core.jsn not found by org.lucee.log4j-core [41]
DEBUG [Mon Jun 09 18:51:38 CDT 2025]:
log4j2-testlucee.core.xml not found by org.lucee.log4j-core [41]
DEBUG [Mon Jun 09 18:51:38 CDT 2025]:
log4j2-testlucee.core.xml not found by org.lucee.log4j-api [24]
DEBUG [Mon Jun 09 18:51:38 CDT 2025]:
log4j2-testlucee.core.xml not found by lucee.core [48]
DEBUG [Mon Jun 09 18:51:38 CDT 2025]:
log4j2-testlucee.core.xml not found by org.lucee.log4j-core [41]
DEBUG [Mon Jun 09 18:51:38 CDT 2025]:
log4j2-test.properties not found by org.lucee.log4j-core [41]
DEBUG [Mon Jun 09 18:51:38 CDT 2025]:
log4j2-test.properties not found by org.lucee.log4j-api [24]
DEBUG [Mon Jun 09 18:51:38 CDT 2025]:
log4j2-test.properties not found by lucee.core [48]
DEBUG [Mon Jun 09 18:51:38 CDT 2025]:
log4j2-test.properties not found by org.lucee.log4j-core [41]
DEBUG [Mon Jun 09 18:51:38 CDT 2025]:
log4j2-test.yml not found by org.lucee.log4j-core [41]
DEBUG [Mon Jun 09 18:51:38 CDT 2025]:
log4j2-test.yml not found by org.lucee.log4j-api [24]
DEBUG [Mon Jun 09 18:51:38 CDT 2025]:
log4j2-test.yml not found by lucee.core [48]
DEBUG [Mon Jun 09 18:51:38 CDT 2025]:
log4j2-test.yml not found by org.lucee.log4j-core [41]
DEBUG [Mon Jun 09 18:51:38 CDT 2025]:
log4j2-test.yaml not found by org.lucee.log4j-core [41]
DEBUG [Mon Jun 09 18:51:38 CDT 2025]:
log4j2-test.yaml not found by org.lucee.log4j-api [24]
DEBUG [Mon Jun 09 18:51:38 CDT 2025]:
log4j2-test.yaml not found by lucee.core [48]
DEBUG [Mon Jun 09 18:51:38 CDT 2025]:
log4j2-test.yaml not found by org.lucee.log4j-core [41]
DEBUG [Mon Jun 09 18:51:38 CDT 2025]:
log4j2-test.json not found by org.lucee.log4j-core [41]
DEBUG [Mon Jun 09 18:51:38 CDT 2025]:
log4j2-test.json not found by org.lucee.log4j-api [24]
DEBUG [Mon Jun 09 18:51:38 CDT 2025]:
log4j2-test.json not found by lucee.core [48]
DEBUG [Mon Jun 09 18:51:38 CDT 2025]:
log4j2-test.json not found by org.lucee.log4j-core [41]
DEBUG [Mon Jun 09 18:51:38 CDT 2025]:
log4j2-test.jsn not found by org.lucee.log4j-core [41]
DEBUG [Mon Jun 09 18:51:38 CDT 2025]:
log4j2-test.jsn not found by org.lucee.log4j-api [24]
DEBUG [Mon Jun 09 18:51:38 CDT 2025]:
log4j2-test.jsn not found by lucee.core [48]
DEBUG [Mon Jun 09 18:51:38 CDT 2025]:
log4j2-test.jsn not found by org.lucee.log4j-core [41]
DEBUG [Mon Jun 09 18:51:38 CDT 2025]:
log4j2-test.xml not found by org.lucee.log4j-core [41]
DEBUG [Mon Jun 09 18:51:38 CDT 2025]:
log4j2-test.xml not found by org.lucee.log4j-api [24]
DEBUG [Mon Jun 09 18:51:38 CDT 2025]:
log4j2-test.xml not found by lucee.core [48]
DEBUG [Mon Jun 09 18:51:38 CDT 2025]:
log4j2-test.xml not found by org.lucee.log4j-core [41]
DEBUG [Mon Jun 09 18:51:38 CDT 2025]:
log4j2lucee.core.properties not found by org.lucee.log4j-core [41]
DEBUG [Mon Jun 09 18:51:38 CDT 2025]:
log4j2lucee.core.properties not found by org.lucee.log4j-api [24]
DEBUG [Mon Jun 09 18:51:38 CDT 2025]:
log4j2lucee.core.properties not found by lucee.core [48]
DEBUG [Mon Jun 09 18:51:38 CDT 2025]:
log4j2lucee.core.properties not found by org.lucee.log4j-core [41]
DEBUG [Mon Jun 09 18:51:38 CDT 2025]:
log4j2lucee.core.yml not found by org.lucee.log4j-core [41]
DEBUG [Mon Jun 09 18:51:38 CDT 2025]:
log4j2lucee.core.yml not found by org.lucee.log4j-api [24]
DEBUG [Mon Jun 09 18:51:38 CDT 2025]:
log4j2lucee.core.yml not found by lucee.core [48]
DEBUG [Mon Jun 09 18:51:38 CDT 2025]:
log4j2lucee.core.yml not found by org.lucee.log4j-core [41]
DEBUG [Mon Jun 09 18:51:38 CDT 2025]:
log4j2lucee.core.yaml not found by org.lucee.log4j-core [41]
DEBUG [Mon Jun 09 18:51:38 CDT 2025]:
log4j2lucee.core.yaml not found by org.lucee.log4j-api [24]
DEBUG [Mon Jun 09 18:51:38 CDT 2025]:
log4j2lucee.core.yaml not found by lucee.core [48]
DEBUG [Mon Jun 09 18:51:38 CDT 2025]:
log4j2lucee.core.yaml not found by org.lucee.log4j-core [41]
DEBUG [Mon Jun 09 18:51:38 CDT 2025]:
log4j2lucee.core.json not found by org.lucee.log4j-core [41]
DEBUG [Mon Jun 09 18:51:38 CDT 2025]:
log4j2lucee.core.json not found by org.lucee.log4j-api [24]
DEBUG [Mon Jun 09 18:51:38 CDT 2025]:
log4j2lucee.core.json not found by lucee.core [48]
DEBUG [Mon Jun 09 18:51:38 CDT 2025]:
log4j2lucee.core.json not found by org.lucee.log4j-core [41]
DEBUG [Mon Jun 09 18:51:38 CDT 2025]:
log4j2lucee.core.jsn not found by org.lucee.log4j-core [41]
DEBUG [Mon Jun 09 18:51:38 CDT 2025]:
log4j2lucee.core.jsn not found by org.lucee.log4j-api [24]
DEBUG [Mon Jun 09 18:51:38 CDT 2025]:
log4j2lucee.core.jsn not found by lucee.core [48]
DEBUG [Mon Jun 09 18:51:38 CDT 2025]:
log4j2lucee.core.jsn not found by org.lucee.log4j-core [41]
DEBUG [Mon Jun 09 18:51:38 CDT 2025]:
log4j2lucee.core.xml not found by org.lucee.log4j-core [41]
DEBUG [Mon Jun 09 18:51:38 CDT 2025]:
log4j2lucee.core.xml not found by org.lucee.log4j-api [24]
DEBUG [Mon Jun 09 18:51:38 CDT 2025]:
log4j2lucee.core.xml not found by lucee.core [48]
DEBUG [Mon Jun 09 18:51:38 CDT 2025]:
log4j2lucee.core.xml not found by org.lucee.log4j-core [41]
DEBUG [Mon Jun 09 18:51:38 CDT 2025]:
log4j2.properties not found by org.lucee.log4j-core [41]
DEBUG [Mon Jun 09 18:51:38 CDT 2025]:
log4j2.properties not found by org.lucee.log4j-api [24]
DEBUG [Mon Jun 09 18:51:38 CDT 2025]:
log4j2.properties not found by lucee.core [48]
DEBUG [Mon Jun 09 18:51:38 CDT 2025]:
log4j2.properties not found by org.lucee.log4j-core [41]
DEBUG [Mon Jun 09 18:51:38 CDT 2025]:
log4j2.yml not found by org.lucee.log4j-core [41]
DEBUG [Mon Jun 09 18:51:38 CDT 2025]:
log4j2.yml not found by org.lucee.log4j-api [24]
DEBUG [Mon Jun 09 18:51:38 CDT 2025]:
log4j2.yml not found by lucee.core [48]
DEBUG [Mon Jun 09 18:51:38 CDT 2025]:
log4j2.yml not found by org.lucee.log4j-core [41]
DEBUG [Mon Jun 09 18:51:38 CDT 2025]:
log4j2.yaml not found by org.lucee.log4j-core [41]
DEBUG [Mon Jun 09 18:51:38 CDT 2025]:
log4j2.yaml not found by org.lucee.log4j-api [24]
DEBUG [Mon Jun 09 18:51:38 CDT 2025]:
log4j2.yaml not found by lucee.core [48]
DEBUG [Mon Jun 09 18:51:38 CDT 2025]:
log4j2.yaml not found by org.lucee.log4j-core [41]
DEBUG [Mon Jun 09 18:51:38 CDT 2025]:
log4j2.json not found by org.lucee.log4j-core [41]
DEBUG [Mon Jun 09 18:51:38 CDT 2025]:
log4j2.json not found by org.lucee.log4j-api [24]
DEBUG [Mon Jun 09 18:51:38 CDT 2025]:
log4j2.json not found by lucee.core [48]
DEBUG [Mon Jun 09 18:51:38 CDT 2025]:
log4j2.json not found by org.lucee.log4j-core [41]
DEBUG [Mon Jun 09 18:51:38 CDT 2025]:
log4j2.jsn not found by org.lucee.log4j-core [41]
DEBUG [Mon Jun 09 18:51:38 CDT 2025]:
log4j2.jsn not found by org.lucee.log4j-api [24]
DEBUG [Mon Jun 09 18:51:38 CDT 2025]:
log4j2.jsn not found by lucee.core [48]
DEBUG [Mon Jun 09 18:51:38 CDT 2025]:
log4j2.jsn not found by org.lucee.log4j-core [41]
DEBUG [Mon Jun 09 18:51:38 CDT 2025]:
log4j2.xml not found by org.lucee.log4j-core [41]
DEBUG [Mon Jun 09 18:51:38 CDT 2025]:
log4j2.xml not found by org.lucee.log4j-api [24]
DEBUG [Mon Jun 09 18:51:38 CDT 2025]:
log4j2.xml not found by lucee.core [48]
DEBUG [Mon Jun 09 18:51:38 CDT 2025]:
log4j2.xml not found by org.lucee.log4j-core [41]
DEBUG [Mon Jun 09 18:51:38 CDT 2025]:
logging.properties not found by lucee.core [48]
DEBUG [Mon Jun 09 19:06:54 CDT 2025]:
META-INF/services/org.apache.logging.log4j.core.util.WatchEventService not found by org.lucee.log4j-api [24]
DEBUG [Mon Jun 09 19:06:54 CDT 2025]:
META-INF/services/org.apache.logging.log4j.core.util.WatchEventService not found by org.lucee.log4j-core [41]
DEBUG [Mon Jun 09 19:06:54 CDT 2025]:
META-INF/services/org.apache.logging.log4j.core.util.WatchEventService not found by lucee.core [48]
DEBUG [Mon Jun 09 19:06:54 CDT 2025]:
log4j2-testlucee.core.properties not found by org.lucee.log4j-core [41]
DEBUG [Mon Jun 09 19:06:54 CDT 2025]:
log4j2-testlucee.core.properties not found by org.lucee.log4j-api [24]
DEBUG [Mon Jun 09 19:06:54 CDT 2025]:
log4j2-testlucee.core.properties not found by lucee.core [48]
DEBUG [Mon Jun 09 19:06:54 CDT 2025]:
log4j2-testlucee.core.properties not found by org.lucee.log4j-core [41]
DEBUG [Mon Jun 09 19:06:54 CDT 2025]:
log4j2-testlucee.core.yml not found by org.lucee.log4j-core [41]
DEBUG [Mon Jun 09 19:06:54 CDT 2025]:
log4j2-testlucee.core.yml not found by org.lucee.log4j-api [24]
DEBUG [Mon Jun 09 19:06:54 CDT 2025]:
log4j2-testlucee.core.yml not found by lucee.core [48]
DEBUG [Mon Jun 09 19:06:54 CDT 2025]:
log4j2-testlucee.core.yml not found by org.lucee.log4j-core [41]
DEBUG [Mon Jun 09 19:06:54 CDT 2025]:
log4j2-testlucee.core.yaml not found by org.lucee.log4j-core [41]
DEBUG [Mon Jun 09 19:06:54 CDT 2025]:
log4j2-testlucee.core.yaml not found by org.lucee.log4j-api [24]
DEBUG [Mon Jun 09 19:06:54 CDT 2025]:
log4j2-testlucee.core.yaml not found by lucee.core [48]
DEBUG [Mon Jun 09 19:06:54 CDT 2025]:
log4j2-testlucee.core.yaml not found by org.lucee.log4j-core [41]
DEBUG [Mon Jun 09 19:06:54 CDT 2025]:
log4j2-testlucee.core.json not found by org.lucee.log4j-core [41]
DEBUG [Mon Jun 09 19:06:54 CDT 2025]:
log4j2-testlucee.core.json not found by org.lucee.log4j-api [24]
DEBUG [Mon Jun 09 19:06:54 CDT 2025]:
log4j2-testlucee.core.json not found by lucee.core [48]
DEBUG [Mon Jun 09 19:06:54 CDT 2025]:
log4j2-testlucee.core.json not found by org.lucee.log4j-core [41]
DEBUG [Mon Jun 09 19:06:54 CDT 2025]:
log4j2-testlucee.core.jsn not found by org.lucee.log4j-core [41]
DEBUG [Mon Jun 09 19:06:54 CDT 2025]:
log4j2-testlucee.core.jsn not found by org.lucee.log4j-api [24]
DEBUG [Mon Jun 09 19:06:54 CDT 2025]:
log4j2-testlucee.core.jsn not found by lucee.core [48]
DEBUG [Mon Jun 09 19:06:54 CDT 2025]:
log4j2-testlucee.core.jsn not found by org.lucee.log4j-core [41]
DEBUG [Mon Jun 09 19:06:54 CDT 2025]:
log4j2-testlucee.core.xml not found by org.lucee.log4j-core [41]
DEBUG [Mon Jun 09 19:06:54 CDT 2025]:
log4j2-testlucee.core.xml not found by org.lucee.log4j-api [24]
DEBUG [Mon Jun 09 19:06:54 CDT 2025]:
log4j2-testlucee.core.xml not found by lucee.core [48]
DEBUG [Mon Jun 09 19:06:54 CDT 2025]:
log4j2-testlucee.core.xml not found by org.lucee.log4j-core [41]
DEBUG [Mon Jun 09 19:06:54 CDT 2025]:
log4j2-test.properties not found by org.lucee.log4j-core [41]
DEBUG [Mon Jun 09 19:06:54 CDT 2025]:
log4j2-test.properties not found by org.lucee.log4j-api [24]
DEBUG [Mon Jun 09 19:06:54 CDT 2025]:
log4j2-test.properties not found by lucee.core [48]
DEBUG [Mon Jun 09 19:06:54 CDT 2025]:
log4j2-test.properties not found by org.lucee.log4j-core [41]
DEBUG [Mon Jun 09 19:06:54 CDT 2025]:
log4j2-test.yml not found by org.lucee.log4j-core [41]
DEBUG [Mon Jun 09 19:06:54 CDT 2025]:
log4j2-test.yml not found by org.lucee.log4j-api [24]
DEBUG [Mon Jun 09 19:06:54 CDT 2025]:
log4j2-test.yml not found by lucee.core [48]
DEBUG [Mon Jun 09 19:06:54 CDT 2025]:
log4j2-test.yml not found by org.lucee.log4j-core [41]
DEBUG [Mon Jun 09 19:06:54 CDT 2025]:
log4j2-test.yaml not found by org.lucee.log4j-core [41]
DEBUG [Mon Jun 09 19:06:54 CDT 2025]:
log4j2-test.yaml not found by org.lucee.log4j-api [24]
DEBUG [Mon Jun 09 19:06:54 CDT 2025]:
log4j2-test.yaml not found by lucee.core [48]
DEBUG [Mon Jun 09 19:06:54 CDT 2025]:
log4j2-test.yaml not found by org.lucee.log4j-core [41]
DEBUG [Mon Jun 09 19:06:54 CDT 2025]:
log4j2-test.json not found by org.lucee.log4j-core [41]
DEBUG [Mon Jun 09 19:06:54 CDT 2025]:
log4j2-test.json not found by org.lucee.log4j-api [24]
DEBUG [Mon Jun 09 19:06:54 CDT 2025]:
log4j2-test.json not found by lucee.core [48]
DEBUG [Mon Jun 09 19:06:54 CDT 2025]:
log4j2-test.json not found by org.lucee.log4j-core [41]
DEBUG [Mon Jun 09 19:06:54 CDT 2025]:
log4j2-test.jsn not found by org.lucee.log4j-core [41]
DEBUG [Mon Jun 09 19:06:54 CDT 2025]:
log4j2-test.jsn not found by org.lucee.log4j-api [24]
DEBUG [Mon Jun 09 19:06:54 CDT 2025]:
log4j2-test.jsn not found by lucee.core [48]
DEBUG [Mon Jun 09 19:06:54 CDT 2025]:
log4j2-test.jsn not found by org.lucee.log4j-core [41]
DEBUG [Mon Jun 09 19:06:54 CDT 2025]:
log4j2-test.xml not found by org.lucee.log4j-core [41]
DEBUG [Mon Jun 09 19:06:54 CDT 2025]:
log4j2-test.xml not found by org.lucee.log4j-api [24]
DEBUG [Mon Jun 09 19:06:54 CDT 2025]:
log4j2-test.xml not found by lucee.core [48]
DEBUG [Mon Jun 09 19:06:54 CDT 2025]:
log4j2-test.xml not found by org.lucee.log4j-core [41]
DEBUG [Mon Jun 09 19:06:54 CDT 2025]:
log4j2lucee.core.properties not found by org.lucee.log4j-core [41]
DEBUG [Mon Jun 09 19:06:54 CDT 2025]:
log4j2lucee.core.properties not found by org.lucee.log4j-api [24]
DEBUG [Mon Jun 09 19:06:54 CDT 2025]:
log4j2lucee.core.properties not found by lucee.core [48]
DEBUG [Mon Jun 09 19:06:54 CDT 2025]:
log4j2lucee.core.properties not found by org.lucee.log4j-core [41]
DEBUG [Mon Jun 09 19:06:54 CDT 2025]:
log4j2lucee.core.yml not found by org.lucee.log4j-core [41]
DEBUG [Mon Jun 09 19:06:54 CDT 2025]:
log4j2lucee.core.yml not found by org.lucee.log4j-api [24]
DEBUG [Mon Jun 09 19:06:54 CDT 2025]:
log4j2lucee.core.yml not found by lucee.core [48]
DEBUG [Mon Jun 09 19:06:54 CDT 2025]:
log4j2lucee.core.yml not found by org.lucee.log4j-core [41]
DEBUG [Mon Jun 09 19:06:54 CDT 2025]:
log4j2lucee.core.yaml not found by org.lucee.log4j-core [41]
DEBUG [Mon Jun 09 19:06:54 CDT 2025]:
log4j2lucee.core.yaml not found by org.lucee.log4j-api [24]
DEBUG [Mon Jun 09 19:06:54 CDT 2025]:
log4j2lucee.core.yaml not found by lucee.core [48]
DEBUG [Mon Jun 09 19:06:54 CDT 2025]:
log4j2lucee.core.yaml not found by org.lucee.log4j-core [41]
DEBUG [Mon Jun 09 19:06:54 CDT 2025]:
log4j2lucee.core.json not found by org.lucee.log4j-core [41]
DEBUG [Mon Jun 09 19:06:54 CDT 2025]:
log4j2lucee.core.json not found by org.lucee.log4j-api [24]
DEBUG [Mon Jun 09 19:06:54 CDT 2025]:
log4j2lucee.core.json not found by lucee.core [48]
DEBUG [Mon Jun 09 19:06:54 CDT 2025]:
log4j2lucee.core.json not found by org.lucee.log4j-core [41]
DEBUG [Mon Jun 09 19:06:54 CDT 2025]:
log4j2lucee.core.jsn not found by org.lucee.log4j-core [41]
DEBUG [Mon Jun 09 19:06:54 CDT 2025]:
log4j2lucee.core.jsn not found by org.lucee.log4j-api [24]
DEBUG [Mon Jun 09 19:06:54 CDT 2025]:
log4j2lucee.core.jsn not found by lucee.core [48]
DEBUG [Mon Jun 09 19:06:54 CDT 2025]:
log4j2lucee.core.jsn not found by org.lucee.log4j-core [41]
DEBUG [Mon Jun 09 19:06:54 CDT 2025]:
log4j2lucee.core.xml not found by org.lucee.log4j-core [41]
DEBUG [Mon Jun 09 19:06:54 CDT 2025]:
log4j2lucee.core.xml not found by org.lucee.log4j-api [24]
DEBUG [Mon Jun 09 19:06:54 CDT 2025]:
log4j2lucee.core.xml not found by lucee.core [48]
DEBUG [Mon Jun 09 19:06:54 CDT 2025]:
log4j2lucee.core.xml not found by org.lucee.log4j-core [41]
DEBUG [Mon Jun 09 19:06:54 CDT 2025]:
log4j2.properties not found by org.lucee.log4j-core [41]
DEBUG [Mon Jun 09 19:06:54 CDT 2025]:
log4j2.properties not found by org.lucee.log4j-api [24]
DEBUG [Mon Jun 09 19:06:54 CDT 2025]:
log4j2.properties not found by lucee.core [48]
DEBUG [Mon Jun 09 19:06:54 CDT 2025]:
log4j2.properties not found by org.lucee.log4j-core [41]
DEBUG [Mon Jun 09 19:06:54 CDT 2025]:
log4j2.yml not found by org.lucee.log4j-core [41]
DEBUG [Mon Jun 09 19:06:54 CDT 2025]:
log4j2.yml not found by org.lucee.log4j-api [24]
DEBUG [Mon Jun 09 19:06:54 CDT 2025]:
log4j2.yml not found by lucee.core [48]
DEBUG [Mon Jun 09 19:06:54 CDT 2025]:
log4j2.yml not found by org.lucee.log4j-core [41]
DEBUG [Mon Jun 09 19:06:54 CDT 2025]:
log4j2.yaml not found by org.lucee.log4j-core [41]
DEBUG [Mon Jun 09 19:06:54 CDT 2025]:
log4j2.yaml not found by org.lucee.log4j-api [24]
DEBUG [Mon Jun 09 19:06:54 CDT 2025]:
log4j2.yaml not found by lucee.core [48]
DEBUG [Mon Jun 09 19:06:54 CDT 2025]:
log4j2.yaml not found by org.lucee.log4j-core [41]
DEBUG [Mon Jun 09 19:06:54 CDT 2025]:
log4j2.json not found by org.lucee.log4j-core [41]
DEBUG [Mon Jun 09 19:06:54 CDT 2025]:
log4j2.json not found by org.lucee.log4j-api [24]
DEBUG [Mon Jun 09 19:06:54 CDT 2025]:
log4j2.json not found by lucee.core [48]
DEBUG [Mon Jun 09 19:06:54 CDT 2025]:
log4j2.json not found by org.lucee.log4j-core [41]
DEBUG [Mon Jun 09 19:06:54 CDT 2025]:
log4j2.jsn not found by org.lucee.log4j-core [41]
DEBUG [Mon Jun 09 19:06:54 CDT 2025]:
log4j2.jsn not found by org.lucee.log4j-api [24]
DEBUG [Mon Jun 09 19:06:54 CDT 2025]:
log4j2.jsn not found by lucee.core [48]
DEBUG [Mon Jun 09 19:06:54 CDT 2025]:
log4j2.jsn not found by org.lucee.log4j-core [41]
DEBUG [Mon Jun 09 19:06:54 CDT 2025]:
log4j2.xml not found by org.lucee.log4j-core [41]
DEBUG [Mon Jun 09 19:06:54 CDT 2025]:
log4j2.xml not found by org.lucee.log4j-api [24]
DEBUG [Mon Jun 09 19:06:54 CDT 2025]:
log4j2.xml not found by lucee.core [48]
DEBUG [Mon Jun 09 19:06:54 CDT 2025]:
log4j2.xml not found by org.lucee.log4j-core [41]
DEBUG [Mon Jun 09 19:06:55 CDT 2025]:
logging.properties not found by lucee.core [48]
DEBUG [Mon Jun 09 19:07:00 CDT 2025]:
commons-logging.properties not found by org.lucee.commons.logging [38]
DEBUG [Mon Jun 09 19:07:00 CDT 2025]:
commons-logging.properties not found by org.lucee.httpcomponents.httpclient [3]
DEBUG [Mon Jun 09 19:07:00 CDT 2025]:
commons-logging.properties not found by lucee.core [48]
DEBUG [Mon Jun 09 19:07:00 CDT 2025]:
META-INF/services/org.apache.commons.logging.LogFactory not found by org.lucee.commons.logging [38]
DEBUG [Mon Jun 09 19:07:00 CDT 2025]:
META-INF/services/org.apache.commons.logging.LogFactory not found by org.lucee.httpcomponents.httpclient [3]
DEBUG [Mon Jun 09 19:07:00 CDT 2025]:
META-INF/services/org.apache.commons.logging.LogFactory not found by lucee.core [48]
DEBUG [Mon Jun 09 19:07:03 CDT 2025]:
META-INF/services/javax.xml.xpath.XPathFactory not found by lucee.core [48]
DEBUG [Mon Jun 09 19:07:03 CDT 2025]:
META-INF/services/javax.xml.xpath.XPathFactory not found by na5co3gkvuk5 [49]
DEBUG [Mon Jun 09 19:08:44 CDT 2025]:
 not found by com.mysql.cj [54]
DEBUG [Mon Jun 09 19:08:44 CDT 2025]:
com/mysql/cj/LocalizedErrorMessages_en.properties not found by com.mysql.cj [54]
DEBUG [Mon Jun 09 19:08:44 CDT 2025]:
com/mysql/cj/LocalizedErrorMessages_en_US.properties not found by com.mysql.cj [54]
DEBUG [Mon Jun 09 19:08:49 CDT 2025]:
 not found by com.mysql.cj [54]
DEBUG [Mon Jun 09 19:08:54 CDT 2025]:
 not found by com.mysql.cj [54]
DEBUG [Mon Jun 09 19:08:59 CDT 2025]:
 not found by com.mysql.cj [54]
DEBUG [Mon Jun 09 19:09:04 CDT 2025]:
 not found by com.mysql.cj [54]
DEBUG [Mon Jun 09 19:09:09 CDT 2025]:
 not found by com.mysql.cj [54]
DEBUG [Mon Jun 09 19:09:14 CDT 2025]:
 not found by com.mysql.cj [54]
DEBUG [Mon Jun 09 19:09:19 CDT 2025]:
 not found by com.mysql.cj [54]
DEBUG [Mon Jun 09 19:09:24 CDT 2025]:
 not found by com.mysql.cj [54]
DEBUG [Mon Jun 09 19:09:29 CDT 2025]:
 not found by com.mysql.cj [54]
DEBUG [Mon Jun 09 19:09:34 CDT 2025]:
 not found by com.mysql.cj [54]
DEBUG [Mon Jun 09 19:09:39 CDT 2025]:
 not found by com.mysql.cj [54]
DEBUG [Mon Jun 09 19:09:44 CDT 2025]:
 not found by com.mysql.cj [54]
DEBUG [Mon Jun 09 19:09:49 CDT 2025]:
 not found by com.mysql.cj [54]
DEBUG [Mon Jun 09 19:09:54 CDT 2025]:
 not found by com.mysql.cj [54]
DEBUG [Mon Jun 09 19:09:59 CDT 2025]:
 not found by com.mysql.cj [54]
DEBUG [Mon Jun 09 19:10:04 CDT 2025]:
 not found by com.mysql.cj [54]
DEBUG [Mon Jun 09 19:10:09 CDT 2025]:
 not found by com.mysql.cj [54]
DEBUG [Mon Jun 09 19:10:14 CDT 2025]:
 not found by com.mysql.cj [54]
DEBUG [Mon Jun 09 19:10:19 CDT 2025]:
 not found by com.mysql.cj [54]
DEBUG [Mon Jun 09 19:10:24 CDT 2025]:
 not found by com.mysql.cj [54]
DEBUG [Mon Jun 09 19:10:29 CDT 2025]:
 not found by com.mysql.cj [54]
DEBUG [Mon Jun 09 19:10:34 CDT 2025]:
 not found by com.mysql.cj [54]
DEBUG [Mon Jun 09 19:10:39 CDT 2025]:
 not found by com.mysql.cj [54]
DEBUG [Mon Jun 09 19:10:44 CDT 2025]:
 not found by com.mysql.cj [54]
DEBUG [Mon Jun 09 19:10:49 CDT 2025]:
 not found by com.mysql.cj [54]
DEBUG [Mon Jun 09 19:10:54 CDT 2025]:
 not found by com.mysql.cj [54]
DEBUG [Mon Jun 09 19:10:59 CDT 2025]:
 not found by com.mysql.cj [54]
DEBUG [Mon Jun 09 19:11:04 CDT 2025]:
 not found by com.mysql.cj [54]
DEBUG [Mon Jun 09 19:11:09 CDT 2025]:
 not found by com.mysql.cj [54]
DEBUG [Mon Jun 09 19:11:14 CDT 2025]:
 not found by com.mysql.cj [54]
DEBUG [Mon Jun 09 19:11:19 CDT 2025]:
 not found by com.mysql.cj [54]
DEBUG [Mon Jun 09 19:11:24 CDT 2025]:
 not found by com.mysql.cj [54]
DEBUG [Mon Jun 09 19:11:29 CDT 2025]:
 not found by com.mysql.cj [54]
DEBUG [Mon Jun 09 19:11:34 CDT 2025]:
 not found by com.mysql.cj [54]
DEBUG [Mon Jun 09 19:11:39 CDT 2025]:
 not found by com.mysql.cj [54]
DEBUG [Mon Jun 09 19:11:44 CDT 2025]:
 not found by com.mysql.cj [54]
DEBUG [Mon Jun 09 19:11:49 CDT 2025]:
 not found by com.mysql.cj [54]
DEBUG [Mon Jun 09 19:11:54 CDT 2025]:
 not found by com.mysql.cj [54]
DEBUG [Mon Jun 09 19:11:59 CDT 2025]:
 not found by com.mysql.cj [54]
DEBUG [Mon Jun 09 19:12:00 CDT 2025]:
 not found by com.mysql.cj [54]
DEBUG [Mon Jun 09 19:12:05 CDT 2025]:
 not found by com.mysql.cj [54]
DEBUG [Mon Jun 09 19:12:10 CDT 2025]:
 not found by com.mysql.cj [54]
DEBUG [Mon Jun 09 19:12:15 CDT 2025]:
 not found by com.mysql.cj [54]
DEBUG [Mon Jun 09 19:12:20 CDT 2025]:
 not found by com.mysql.cj [54]
DEBUG [Mon Jun 09 19:12:25 CDT 2025]:
 not found by com.mysql.cj [54]
DEBUG [Mon Jun 09 19:12:30 CDT 2025]:
 not found by com.mysql.cj [54]
DEBUG [Mon Jun 09 19:12:35 CDT 2025]:
 not found by com.mysql.cj [54]
DEBUG [Mon Jun 09 19:12:40 CDT 2025]:
 not found by com.mysql.cj [54]
DEBUG [Mon Jun 09 19:12:45 CDT 2025]:
 not found by com.mysql.cj [54]
DEBUG [Mon Jun 09 19:12:50 CDT 2025]:
 not found by com.mysql.cj [54]
DEBUG [Mon Jun 09 19:12:55 CDT 2025]:
 not found by com.mysql.cj [54]
DEBUG [Mon Jun 09 19:13:00 CDT 2025]:
 not found by com.mysql.cj [54]
DEBUG [Mon Jun 09 19:13:05 CDT 2025]:
 not found by com.mysql.cj [54]
DEBUG [Mon Jun 09 19:13:10 CDT 2025]:
 not found by com.mysql.cj [54]
DEBUG [Mon Jun 09 19:13:15 CDT 2025]:
 not found by com.mysql.cj [54]
DEBUG [Mon Jun 09 19:13:20 CDT 2025]:
 not found by com.mysql.cj [54]
DEBUG [Mon Jun 09 19:13:25 CDT 2025]:
 not found by com.mysql.cj [54]
DEBUG [Mon Jun 09 19:13:30 CDT 2025]:
 not found by com.mysql.cj [54]
DEBUG [Mon Jun 09 19:13:35 CDT 2025]:
 not found by com.mysql.cj [54]
DEBUG [Mon Jun 09 19:13:40 CDT 2025]:
 not found by com.mysql.cj [54]
DEBUG [Mon Jun 09 19:13:45 CDT 2025]:
 not found by com.mysql.cj [54]
DEBUG [Mon Jun 09 19:13:50 CDT 2025]:
 not found by com.mysql.cj [54]
DEBUG [Mon Jun 09 19:13:55 CDT 2025]:
 not found by com.mysql.cj [54]
DEBUG [Mon Jun 09 19:14:00 CDT 2025]:
 not found by com.mysql.cj [54]
DEBUG [Mon Jun 09 19:14:05 CDT 2025]:
 not found by com.mysql.cj [54]
DEBUG [Mon Jun 09 19:14:10 CDT 2025]:
 not found by com.mysql.cj [54]
DEBUG [Mon Jun 09 19:14:15 CDT 2025]:
 not found by com.mysql.cj [54]
DEBUG [Mon Jun 09 19:14:20 CDT 2025]:
 not found by com.mysql.cj [54]
DEBUG [Mon Jun 09 19:14:25 CDT 2025]:
 not found by com.mysql.cj [54]
DEBUG [Mon Jun 09 19:14:26 CDT 2025]:
META-INF/services/javax.imageio.spi.ImageInputStreamSpi not found by lucee.image.extension [56]
DEBUG [Mon Jun 09 19:14:26 CDT 2025]:
META-INF/services/javax.imageio.spi.ImageInputStreamSpi not found by lucee.core [48]
DEBUG [Mon Jun 09 19:14:26 CDT 2025]:
META-INF/services/javax.imageio.spi.ImageInputStreamSpi not found by na5co3gkvuk5 [49]
DEBUG [Mon Jun 09 19:14:26 CDT 2025]:
META-INF/services/javax.imageio.spi.ImageWriterSpi not found by lucee.image.extension [56]
DEBUG [Mon Jun 09 19:14:26 CDT 2025]:
META-INF/services/javax.imageio.spi.ImageWriterSpi not found by lucee.core [48]
DEBUG [Mon Jun 09 19:14:26 CDT 2025]:
META-INF/services/javax.imageio.spi.ImageWriterSpi not found by na5co3gkvuk5 [49]
DEBUG [Mon Jun 09 19:14:26 CDT 2025]:
META-INF/services/javax.imageio.spi.ImageReaderSpi not found by lucee.image.extension [56]
DEBUG [Mon Jun 09 19:14:26 CDT 2025]:
META-INF/services/javax.imageio.spi.ImageReaderSpi not found by lucee.core [48]
DEBUG [Mon Jun 09 19:14:26 CDT 2025]:
META-INF/services/javax.imageio.spi.ImageReaderSpi not found by na5co3gkvuk5 [49]
DEBUG [Mon Jun 09 19:14:26 CDT 2025]:
META-INF/services/javax.imageio.spi.ImageTranscoderSpi not found by lucee.image.extension [56]
DEBUG [Mon Jun 09 19:14:26 CDT 2025]:
META-INF/services/javax.imageio.spi.ImageTranscoderSpi not found by lucee.core [48]
DEBUG [Mon Jun 09 19:14:26 CDT 2025]:
META-INF/services/javax.imageio.spi.ImageTranscoderSpi not found by na5co3gkvuk5 [49]
DEBUG [Mon Jun 09 19:14:26 CDT 2025]:
META-INF/services/javax.imageio.spi.ImageOutputStreamSpi not found by lucee.image.extension [56]
DEBUG [Mon Jun 09 19:14:26 CDT 2025]:
META-INF/services/javax.imageio.spi.ImageOutputStreamSpi not found by lucee.core [48]
DEBUG [Mon Jun 09 19:14:26 CDT 2025]:
META-INF/services/javax.imageio.spi.ImageOutputStreamSpi not found by na5co3gkvuk5 [49]
DEBUG [Mon Jun 09 19:14:30 CDT 2025]:
 not found by com.mysql.cj [54]
DEBUG [Mon Jun 09 19:14:35 CDT 2025]:
 not found by com.mysql.cj [54]
DEBUG [Mon Jun 09 19:14:40 CDT 2025]:
 not found by com.mysql.cj [54]
DEBUG [Mon Jun 09 19:14:45 CDT 2025]:
 not found by com.mysql.cj [54]
DEBUG [Mon Jun 09 19:14:50 CDT 2025]:
 not found by com.mysql.cj [54]
DEBUG [Mon Jun 09 19:14:55 CDT 2025]:
 not found by com.mysql.cj [54]
DEBUG [Mon Jun 09 19:15:00 CDT 2025]:
 not found by com.mysql.cj [54]
DEBUG [Mon Jun 09 19:15:05 CDT 2025]:
 not found by com.mysql.cj [54]
DEBUG [Mon Jun 09 19:15:53 CDT 2025]:
META-INF/services/org.apache.logging.log4j.core.util.WatchEventService not found by org.lucee.log4j-api [24]
DEBUG [Mon Jun 09 19:15:53 CDT 2025]:
META-INF/services/org.apache.logging.log4j.core.util.WatchEventService not found by org.lucee.log4j-core [41]
DEBUG [Mon Jun 09 19:15:53 CDT 2025]:
META-INF/services/org.apache.logging.log4j.core.util.WatchEventService not found by lucee.core [48]
DEBUG [Mon Jun 09 19:15:53 CDT 2025]:
log4j2-testlucee.core.properties not found by org.lucee.log4j-core [41]
DEBUG [Mon Jun 09 19:15:53 CDT 2025]:
log4j2-testlucee.core.properties not found by org.lucee.log4j-api [24]
DEBUG [Mon Jun 09 19:15:53 CDT 2025]:
log4j2-testlucee.core.properties not found by lucee.core [48]
DEBUG [Mon Jun 09 19:15:53 CDT 2025]:
log4j2-testlucee.core.properties not found by org.lucee.log4j-core [41]
DEBUG [Mon Jun 09 19:15:53 CDT 2025]:
log4j2-testlucee.core.yml not found by org.lucee.log4j-core [41]
DEBUG [Mon Jun 09 19:15:53 CDT 2025]:
log4j2-testlucee.core.yml not found by org.lucee.log4j-api [24]
DEBUG [Mon Jun 09 19:15:53 CDT 2025]:
log4j2-testlucee.core.yml not found by lucee.core [48]
DEBUG [Mon Jun 09 19:15:53 CDT 2025]:
log4j2-testlucee.core.yml not found by org.lucee.log4j-core [41]
DEBUG [Mon Jun 09 19:15:53 CDT 2025]:
log4j2-testlucee.core.yaml not found by org.lucee.log4j-core [41]
DEBUG [Mon Jun 09 19:15:53 CDT 2025]:
log4j2-testlucee.core.yaml not found by org.lucee.log4j-api [24]
DEBUG [Mon Jun 09 19:15:53 CDT 2025]:
log4j2-testlucee.core.yaml not found by lucee.core [48]
DEBUG [Mon Jun 09 19:15:53 CDT 2025]:
log4j2-testlucee.core.yaml not found by org.lucee.log4j-core [41]
DEBUG [Mon Jun 09 19:15:53 CDT 2025]:
log4j2-testlucee.core.json not found by org.lucee.log4j-core [41]
DEBUG [Mon Jun 09 19:15:53 CDT 2025]:
log4j2-testlucee.core.json not found by org.lucee.log4j-api [24]
DEBUG [Mon Jun 09 19:15:53 CDT 2025]:
log4j2-testlucee.core.json not found by lucee.core [48]
DEBUG [Mon Jun 09 19:15:53 CDT 2025]:
log4j2-testlucee.core.json not found by org.lucee.log4j-core [41]
DEBUG [Mon Jun 09 19:15:53 CDT 2025]:
log4j2-testlucee.core.jsn not found by org.lucee.log4j-core [41]
DEBUG [Mon Jun 09 19:15:53 CDT 2025]:
log4j2-testlucee.core.jsn not found by org.lucee.log4j-api [24]
DEBUG [Mon Jun 09 19:15:53 CDT 2025]:
log4j2-testlucee.core.jsn not found by lucee.core [48]
DEBUG [Mon Jun 09 19:15:53 CDT 2025]:
log4j2-testlucee.core.jsn not found by org.lucee.log4j-core [41]
DEBUG [Mon Jun 09 19:15:53 CDT 2025]:
log4j2-testlucee.core.xml not found by org.lucee.log4j-core [41]
DEBUG [Mon Jun 09 19:15:53 CDT 2025]:
log4j2-testlucee.core.xml not found by org.lucee.log4j-api [24]
DEBUG [Mon Jun 09 19:15:53 CDT 2025]:
log4j2-testlucee.core.xml not found by lucee.core [48]
DEBUG [Mon Jun 09 19:15:53 CDT 2025]:
log4j2-testlucee.core.xml not found by org.lucee.log4j-core [41]
DEBUG [Mon Jun 09 19:15:53 CDT 2025]:
log4j2-test.properties not found by org.lucee.log4j-core [41]
DEBUG [Mon Jun 09 19:15:53 CDT 2025]:
log4j2-test.properties not found by org.lucee.log4j-api [24]
DEBUG [Mon Jun 09 19:15:53 CDT 2025]:
log4j2-test.properties not found by lucee.core [48]
DEBUG [Mon Jun 09 19:15:53 CDT 2025]:
log4j2-test.properties not found by org.lucee.log4j-core [41]
DEBUG [Mon Jun 09 19:15:53 CDT 2025]:
log4j2-test.yml not found by org.lucee.log4j-core [41]
DEBUG [Mon Jun 09 19:15:53 CDT 2025]:
log4j2-test.yml not found by org.lucee.log4j-api [24]
DEBUG [Mon Jun 09 19:15:53 CDT 2025]:
log4j2-test.yml not found by lucee.core [48]
DEBUG [Mon Jun 09 19:15:53 CDT 2025]:
log4j2-test.yml not found by org.lucee.log4j-core [41]
DEBUG [Mon Jun 09 19:15:53 CDT 2025]:
log4j2-test.yaml not found by org.lucee.log4j-core [41]
DEBUG [Mon Jun 09 19:15:53 CDT 2025]:
log4j2-test.yaml not found by org.lucee.log4j-api [24]
DEBUG [Mon Jun 09 19:15:53 CDT 2025]:
log4j2-test.yaml not found by lucee.core [48]
DEBUG [Mon Jun 09 19:15:53 CDT 2025]:
log4j2-test.yaml not found by org.lucee.log4j-core [41]
DEBUG [Mon Jun 09 19:15:53 CDT 2025]:
log4j2-test.json not found by org.lucee.log4j-core [41]
DEBUG [Mon Jun 09 19:15:53 CDT 2025]:
log4j2-test.json not found by org.lucee.log4j-api [24]
DEBUG [Mon Jun 09 19:15:53 CDT 2025]:
log4j2-test.json not found by lucee.core [48]
DEBUG [Mon Jun 09 19:15:53 CDT 2025]:
log4j2-test.json not found by org.lucee.log4j-core [41]
DEBUG [Mon Jun 09 19:15:53 CDT 2025]:
log4j2-test.jsn not found by org.lucee.log4j-core [41]
DEBUG [Mon Jun 09 19:15:53 CDT 2025]:
log4j2-test.jsn not found by org.lucee.log4j-api [24]
DEBUG [Mon Jun 09 19:15:53 CDT 2025]:
log4j2-test.jsn not found by lucee.core [48]
DEBUG [Mon Jun 09 19:15:53 CDT 2025]:
log4j2-test.jsn not found by org.lucee.log4j-core [41]
DEBUG [Mon Jun 09 19:15:53 CDT 2025]:
log4j2-test.xml not found by org.lucee.log4j-core [41]
DEBUG [Mon Jun 09 19:15:53 CDT 2025]:
log4j2-test.xml not found by org.lucee.log4j-api [24]
DEBUG [Mon Jun 09 19:15:53 CDT 2025]:
log4j2-test.xml not found by lucee.core [48]
DEBUG [Mon Jun 09 19:15:53 CDT 2025]:
log4j2-test.xml not found by org.lucee.log4j-core [41]
DEBUG [Mon Jun 09 19:15:53 CDT 2025]:
log4j2lucee.core.properties not found by org.lucee.log4j-core [41]
DEBUG [Mon Jun 09 19:15:53 CDT 2025]:
log4j2lucee.core.properties not found by org.lucee.log4j-api [24]
DEBUG [Mon Jun 09 19:15:53 CDT 2025]:
log4j2lucee.core.properties not found by lucee.core [48]
DEBUG [Mon Jun 09 19:15:53 CDT 2025]:
log4j2lucee.core.properties not found by org.lucee.log4j-core [41]
DEBUG [Mon Jun 09 19:15:53 CDT 2025]:
log4j2lucee.core.yml not found by org.lucee.log4j-core [41]
DEBUG [Mon Jun 09 19:15:53 CDT 2025]:
log4j2lucee.core.yml not found by org.lucee.log4j-api [24]
DEBUG [Mon Jun 09 19:15:53 CDT 2025]:
log4j2lucee.core.yml not found by lucee.core [48]
DEBUG [Mon Jun 09 19:15:53 CDT 2025]:
log4j2lucee.core.yml not found by org.lucee.log4j-core [41]
DEBUG [Mon Jun 09 19:15:53 CDT 2025]:
log4j2lucee.core.yaml not found by org.lucee.log4j-core [41]
DEBUG [Mon Jun 09 19:15:53 CDT 2025]:
log4j2lucee.core.yaml not found by org.lucee.log4j-api [24]
DEBUG [Mon Jun 09 19:15:53 CDT 2025]:
log4j2lucee.core.yaml not found by lucee.core [48]
DEBUG [Mon Jun 09 19:15:53 CDT 2025]:
log4j2lucee.core.yaml not found by org.lucee.log4j-core [41]
DEBUG [Mon Jun 09 19:15:53 CDT 2025]:
log4j2lucee.core.json not found by org.lucee.log4j-core [41]
DEBUG [Mon Jun 09 19:15:53 CDT 2025]:
log4j2lucee.core.json not found by org.lucee.log4j-api [24]
DEBUG [Mon Jun 09 19:15:53 CDT 2025]:
log4j2lucee.core.json not found by lucee.core [48]
DEBUG [Mon Jun 09 19:15:53 CDT 2025]:
log4j2lucee.core.json not found by org.lucee.log4j-core [41]
DEBUG [Mon Jun 09 19:15:53 CDT 2025]:
log4j2lucee.core.jsn not found by org.lucee.log4j-core [41]
DEBUG [Mon Jun 09 19:15:53 CDT 2025]:
log4j2lucee.core.jsn not found by org.lucee.log4j-api [24]
DEBUG [Mon Jun 09 19:15:53 CDT 2025]:
log4j2lucee.core.jsn not found by lucee.core [48]
DEBUG [Mon Jun 09 19:15:53 CDT 2025]:
log4j2lucee.core.jsn not found by org.lucee.log4j-core [41]
DEBUG [Mon Jun 09 19:15:53 CDT 2025]:
log4j2lucee.core.xml not found by org.lucee.log4j-core [41]
DEBUG [Mon Jun 09 19:15:53 CDT 2025]:
log4j2lucee.core.xml not found by org.lucee.log4j-api [24]
DEBUG [Mon Jun 09 19:15:53 CDT 2025]:
log4j2lucee.core.xml not found by lucee.core [48]
DEBUG [Mon Jun 09 19:15:53 CDT 2025]:
log4j2lucee.core.xml not found by org.lucee.log4j-core [41]
DEBUG [Mon Jun 09 19:15:53 CDT 2025]:
log4j2.properties not found by org.lucee.log4j-core [41]
DEBUG [Mon Jun 09 19:15:53 CDT 2025]:
log4j2.properties not found by org.lucee.log4j-api [24]
DEBUG [Mon Jun 09 19:15:53 CDT 2025]:
log4j2.properties not found by lucee.core [48]
DEBUG [Mon Jun 09 19:15:53 CDT 2025]:
log4j2.properties not found by org.lucee.log4j-core [41]
DEBUG [Mon Jun 09 19:15:53 CDT 2025]:
log4j2.yml not found by org.lucee.log4j-core [41]
DEBUG [Mon Jun 09 19:15:53 CDT 2025]:
log4j2.yml not found by org.lucee.log4j-api [24]
DEBUG [Mon Jun 09 19:15:53 CDT 2025]:
log4j2.yml not found by lucee.core [48]
DEBUG [Mon Jun 09 19:15:53 CDT 2025]:
log4j2.yml not found by org.lucee.log4j-core [41]
DEBUG [Mon Jun 09 19:15:53 CDT 2025]:
log4j2.yaml not found by org.lucee.log4j-core [41]
DEBUG [Mon Jun 09 19:15:53 CDT 2025]:
log4j2.yaml not found by org.lucee.log4j-api [24]
DEBUG [Mon Jun 09 19:15:53 CDT 2025]:
log4j2.yaml not found by lucee.core [48]
DEBUG [Mon Jun 09 19:15:53 CDT 2025]:
log4j2.yaml not found by org.lucee.log4j-core [41]
DEBUG [Mon Jun 09 19:15:53 CDT 2025]:
log4j2.json not found by org.lucee.log4j-core [41]
DEBUG [Mon Jun 09 19:15:53 CDT 2025]:
log4j2.json not found by org.lucee.log4j-api [24]
DEBUG [Mon Jun 09 19:15:53 CDT 2025]:
log4j2.json not found by lucee.core [48]
DEBUG [Mon Jun 09 19:15:53 CDT 2025]:
log4j2.json not found by org.lucee.log4j-core [41]
DEBUG [Mon Jun 09 19:15:53 CDT 2025]:
log4j2.jsn not found by org.lucee.log4j-core [41]
DEBUG [Mon Jun 09 19:15:53 CDT 2025]:
log4j2.jsn not found by org.lucee.log4j-api [24]
DEBUG [Mon Jun 09 19:15:53 CDT 2025]:
log4j2.jsn not found by lucee.core [48]
DEBUG [Mon Jun 09 19:15:53 CDT 2025]:
log4j2.jsn not found by org.lucee.log4j-core [41]
DEBUG [Mon Jun 09 19:15:53 CDT 2025]:
log4j2.xml not found by org.lucee.log4j-core [41]
DEBUG [Mon Jun 09 19:15:53 CDT 2025]:
log4j2.xml not found by org.lucee.log4j-api [24]
DEBUG [Mon Jun 09 19:15:53 CDT 2025]:
log4j2.xml not found by lucee.core [48]
DEBUG [Mon Jun 09 19:15:53 CDT 2025]:
log4j2.xml not found by org.lucee.log4j-core [41]
DEBUG [Mon Jun 09 19:15:54 CDT 2025]:
logging.properties not found by lucee.core [48]
DEBUG [Mon Jun 09 19:16:00 CDT 2025]:
commons-logging.properties not found by org.lucee.commons.logging [38]
DEBUG [Mon Jun 09 19:16:00 CDT 2025]:
commons-logging.properties not found by org.lucee.httpcomponents.httpclient [3]
DEBUG [Mon Jun 09 19:16:00 CDT 2025]:
commons-logging.properties not found by lucee.core [48]
DEBUG [Mon Jun 09 19:16:00 CDT 2025]:
META-INF/services/org.apache.commons.logging.LogFactory not found by org.lucee.commons.logging [38]
DEBUG [Mon Jun 09 19:16:00 CDT 2025]:
META-INF/services/org.apache.commons.logging.LogFactory not found by org.lucee.httpcomponents.httpclient [3]
DEBUG [Mon Jun 09 19:16:00 CDT 2025]:
META-INF/services/org.apache.commons.logging.LogFactory not found by lucee.core [48]
DEBUG [Mon Jun 09 19:20:19 CDT 2025]:
META-INF/services/org.apache.logging.log4j.core.util.WatchEventService not found by org.lucee.log4j-api [24]
DEBUG [Mon Jun 09 19:20:19 CDT 2025]:
META-INF/services/org.apache.logging.log4j.core.util.WatchEventService not found by org.lucee.log4j-core [41]
DEBUG [Mon Jun 09 19:20:19 CDT 2025]:
META-INF/services/org.apache.logging.log4j.core.util.WatchEventService not found by lucee.core [48]
DEBUG [Mon Jun 09 19:20:19 CDT 2025]:
log4j2-testlucee.core.properties not found by org.lucee.log4j-core [41]
DEBUG [Mon Jun 09 19:20:19 CDT 2025]:
log4j2-testlucee.core.properties not found by org.lucee.log4j-api [24]
DEBUG [Mon Jun 09 19:20:19 CDT 2025]:
log4j2-testlucee.core.properties not found by lucee.core [48]
DEBUG [Mon Jun 09 19:20:19 CDT 2025]:
log4j2-testlucee.core.properties not found by org.lucee.log4j-core [41]
DEBUG [Mon Jun 09 19:20:19 CDT 2025]:
log4j2-testlucee.core.yml not found by org.lucee.log4j-core [41]
DEBUG [Mon Jun 09 19:20:19 CDT 2025]:
log4j2-testlucee.core.yml not found by org.lucee.log4j-api [24]
DEBUG [Mon Jun 09 19:20:19 CDT 2025]:
log4j2-testlucee.core.yml not found by lucee.core [48]
DEBUG [Mon Jun 09 19:20:19 CDT 2025]:
log4j2-testlucee.core.yml not found by org.lucee.log4j-core [41]
DEBUG [Mon Jun 09 19:20:19 CDT 2025]:
log4j2-testlucee.core.yaml not found by org.lucee.log4j-core [41]
DEBUG [Mon Jun 09 19:20:19 CDT 2025]:
log4j2-testlucee.core.yaml not found by org.lucee.log4j-api [24]
DEBUG [Mon Jun 09 19:20:19 CDT 2025]:
log4j2-testlucee.core.yaml not found by lucee.core [48]
DEBUG [Mon Jun 09 19:20:19 CDT 2025]:
log4j2-testlucee.core.yaml not found by org.lucee.log4j-core [41]
DEBUG [Mon Jun 09 19:20:19 CDT 2025]:
log4j2-testlucee.core.json not found by org.lucee.log4j-core [41]
DEBUG [Mon Jun 09 19:20:19 CDT 2025]:
log4j2-testlucee.core.json not found by org.lucee.log4j-api [24]
DEBUG [Mon Jun 09 19:20:19 CDT 2025]:
log4j2-testlucee.core.json not found by lucee.core [48]
DEBUG [Mon Jun 09 19:20:19 CDT 2025]:
log4j2-testlucee.core.json not found by org.lucee.log4j-core [41]
DEBUG [Mon Jun 09 19:20:19 CDT 2025]:
log4j2-testlucee.core.jsn not found by org.lucee.log4j-core [41]
DEBUG [Mon Jun 09 19:20:19 CDT 2025]:
log4j2-testlucee.core.jsn not found by org.lucee.log4j-api [24]
DEBUG [Mon Jun 09 19:20:19 CDT 2025]:
log4j2-testlucee.core.jsn not found by lucee.core [48]
DEBUG [Mon Jun 09 19:20:19 CDT 2025]:
log4j2-testlucee.core.jsn not found by org.lucee.log4j-core [41]
DEBUG [Mon Jun 09 19:20:19 CDT 2025]:
log4j2-testlucee.core.xml not found by org.lucee.log4j-core [41]
DEBUG [Mon Jun 09 19:20:19 CDT 2025]:
log4j2-testlucee.core.xml not found by org.lucee.log4j-api [24]
DEBUG [Mon Jun 09 19:20:19 CDT 2025]:
log4j2-testlucee.core.xml not found by lucee.core [48]
DEBUG [Mon Jun 09 19:20:19 CDT 2025]:
log4j2-testlucee.core.xml not found by org.lucee.log4j-core [41]
DEBUG [Mon Jun 09 19:20:19 CDT 2025]:
log4j2-test.properties not found by org.lucee.log4j-core [41]
DEBUG [Mon Jun 09 19:20:19 CDT 2025]:
log4j2-test.properties not found by org.lucee.log4j-api [24]
DEBUG [Mon Jun 09 19:20:19 CDT 2025]:
log4j2-test.properties not found by lucee.core [48]
DEBUG [Mon Jun 09 19:20:19 CDT 2025]:
log4j2-test.properties not found by org.lucee.log4j-core [41]
DEBUG [Mon Jun 09 19:20:19 CDT 2025]:
log4j2-test.yml not found by org.lucee.log4j-core [41]
DEBUG [Mon Jun 09 19:20:19 CDT 2025]:
log4j2-test.yml not found by org.lucee.log4j-api [24]
DEBUG [Mon Jun 09 19:20:19 CDT 2025]:
log4j2-test.yml not found by lucee.core [48]
DEBUG [Mon Jun 09 19:20:19 CDT 2025]:
log4j2-test.yml not found by org.lucee.log4j-core [41]
DEBUG [Mon Jun 09 19:20:19 CDT 2025]:
log4j2-test.yaml not found by org.lucee.log4j-core [41]
DEBUG [Mon Jun 09 19:20:19 CDT 2025]:
log4j2-test.yaml not found by org.lucee.log4j-api [24]
DEBUG [Mon Jun 09 19:20:19 CDT 2025]:
log4j2-test.yaml not found by lucee.core [48]
DEBUG [Mon Jun 09 19:20:19 CDT 2025]:
log4j2-test.yaml not found by org.lucee.log4j-core [41]
DEBUG [Mon Jun 09 19:20:19 CDT 2025]:
log4j2-test.json not found by org.lucee.log4j-core [41]
DEBUG [Mon Jun 09 19:20:19 CDT 2025]:
log4j2-test.json not found by org.lucee.log4j-api [24]
DEBUG [Mon Jun 09 19:20:19 CDT 2025]:
log4j2-test.json not found by lucee.core [48]
DEBUG [Mon Jun 09 19:20:19 CDT 2025]:
log4j2-test.json not found by org.lucee.log4j-core [41]
DEBUG [Mon Jun 09 19:20:19 CDT 2025]:
log4j2-test.jsn not found by org.lucee.log4j-core [41]
DEBUG [Mon Jun 09 19:20:19 CDT 2025]:
log4j2-test.jsn not found by org.lucee.log4j-api [24]
DEBUG [Mon Jun 09 19:20:19 CDT 2025]:
log4j2-test.jsn not found by lucee.core [48]
DEBUG [Mon Jun 09 19:20:19 CDT 2025]:
log4j2-test.jsn not found by org.lucee.log4j-core [41]
DEBUG [Mon Jun 09 19:20:19 CDT 2025]:
log4j2-test.xml not found by org.lucee.log4j-core [41]
DEBUG [Mon Jun 09 19:20:19 CDT 2025]:
log4j2-test.xml not found by org.lucee.log4j-api [24]
DEBUG [Mon Jun 09 19:20:19 CDT 2025]:
log4j2-test.xml not found by lucee.core [48]
DEBUG [Mon Jun 09 19:20:19 CDT 2025]:
log4j2-test.xml not found by org.lucee.log4j-core [41]
DEBUG [Mon Jun 09 19:20:19 CDT 2025]:
log4j2lucee.core.properties not found by org.lucee.log4j-core [41]
DEBUG [Mon Jun 09 19:20:19 CDT 2025]:
log4j2lucee.core.properties not found by org.lucee.log4j-api [24]
DEBUG [Mon Jun 09 19:20:19 CDT 2025]:
log4j2lucee.core.properties not found by lucee.core [48]
DEBUG [Mon Jun 09 19:20:19 CDT 2025]:
log4j2lucee.core.properties not found by org.lucee.log4j-core [41]
DEBUG [Mon Jun 09 19:20:19 CDT 2025]:
log4j2lucee.core.yml not found by org.lucee.log4j-core [41]
DEBUG [Mon Jun 09 19:20:19 CDT 2025]:
log4j2lucee.core.yml not found by org.lucee.log4j-api [24]
DEBUG [Mon Jun 09 19:20:19 CDT 2025]:
log4j2lucee.core.yml not found by lucee.core [48]
DEBUG [Mon Jun 09 19:20:19 CDT 2025]:
log4j2lucee.core.yml not found by org.lucee.log4j-core [41]
DEBUG [Mon Jun 09 19:20:19 CDT 2025]:
log4j2lucee.core.yaml not found by org.lucee.log4j-core [41]
DEBUG [Mon Jun 09 19:20:19 CDT 2025]:
log4j2lucee.core.yaml not found by org.lucee.log4j-api [24]
DEBUG [Mon Jun 09 19:20:19 CDT 2025]:
log4j2lucee.core.yaml not found by lucee.core [48]
DEBUG [Mon Jun 09 19:20:19 CDT 2025]:
log4j2lucee.core.yaml not found by org.lucee.log4j-core [41]
DEBUG [Mon Jun 09 19:20:19 CDT 2025]:
log4j2lucee.core.json not found by org.lucee.log4j-core [41]
DEBUG [Mon Jun 09 19:20:19 CDT 2025]:
log4j2lucee.core.json not found by org.lucee.log4j-api [24]
DEBUG [Mon Jun 09 19:20:19 CDT 2025]:
log4j2lucee.core.json not found by lucee.core [48]
DEBUG [Mon Jun 09 19:20:19 CDT 2025]:
log4j2lucee.core.json not found by org.lucee.log4j-core [41]
DEBUG [Mon Jun 09 19:20:19 CDT 2025]:
log4j2lucee.core.jsn not found by org.lucee.log4j-core [41]
DEBUG [Mon Jun 09 19:20:19 CDT 2025]:
log4j2lucee.core.jsn not found by org.lucee.log4j-api [24]
DEBUG [Mon Jun 09 19:20:19 CDT 2025]:
log4j2lucee.core.jsn not found by lucee.core [48]
DEBUG [Mon Jun 09 19:20:19 CDT 2025]:
log4j2lucee.core.jsn not found by org.lucee.log4j-core [41]
DEBUG [Mon Jun 09 19:20:19 CDT 2025]:
log4j2lucee.core.xml not found by org.lucee.log4j-core [41]
DEBUG [Mon Jun 09 19:20:19 CDT 2025]:
log4j2lucee.core.xml not found by org.lucee.log4j-api [24]
DEBUG [Mon Jun 09 19:20:19 CDT 2025]:
log4j2lucee.core.xml not found by lucee.core [48]
DEBUG [Mon Jun 09 19:20:19 CDT 2025]:
log4j2lucee.core.xml not found by org.lucee.log4j-core [41]
DEBUG [Mon Jun 09 19:20:19 CDT 2025]:
log4j2.properties not found by org.lucee.log4j-core [41]
DEBUG [Mon Jun 09 19:20:19 CDT 2025]:
log4j2.properties not found by org.lucee.log4j-api [24]
DEBUG [Mon Jun 09 19:20:19 CDT 2025]:
log4j2.properties not found by lucee.core [48]
DEBUG [Mon Jun 09 19:20:19 CDT 2025]:
log4j2.properties not found by org.lucee.log4j-core [41]
DEBUG [Mon Jun 09 19:20:19 CDT 2025]:
log4j2.yml not found by org.lucee.log4j-core [41]
DEBUG [Mon Jun 09 19:20:19 CDT 2025]:
log4j2.yml not found by org.lucee.log4j-api [24]
DEBUG [Mon Jun 09 19:20:19 CDT 2025]:
log4j2.yml not found by lucee.core [48]
DEBUG [Mon Jun 09 19:20:19 CDT 2025]:
log4j2.yml not found by org.lucee.log4j-core [41]
DEBUG [Mon Jun 09 19:20:19 CDT 2025]:
log4j2.yaml not found by org.lucee.log4j-core [41]
DEBUG [Mon Jun 09 19:20:19 CDT 2025]:
log4j2.yaml not found by org.lucee.log4j-api [24]
DEBUG [Mon Jun 09 19:20:19 CDT 2025]:
log4j2.yaml not found by lucee.core [48]
DEBUG [Mon Jun 09 19:20:19 CDT 2025]:
log4j2.yaml not found by org.lucee.log4j-core [41]
DEBUG [Mon Jun 09 19:20:19 CDT 2025]:
log4j2.json not found by org.lucee.log4j-core [41]
DEBUG [Mon Jun 09 19:20:19 CDT 2025]:
log4j2.json not found by org.lucee.log4j-api [24]
DEBUG [Mon Jun 09 19:20:19 CDT 2025]:
log4j2.json not found by lucee.core [48]
DEBUG [Mon Jun 09 19:20:19 CDT 2025]:
log4j2.json not found by org.lucee.log4j-core [41]
DEBUG [Mon Jun 09 19:20:19 CDT 2025]:
log4j2.jsn not found by org.lucee.log4j-core [41]
DEBUG [Mon Jun 09 19:20:19 CDT 2025]:
log4j2.jsn not found by org.lucee.log4j-api [24]
DEBUG [Mon Jun 09 19:20:19 CDT 2025]:
log4j2.jsn not found by lucee.core [48]
DEBUG [Mon Jun 09 19:20:19 CDT 2025]:
log4j2.jsn not found by org.lucee.log4j-core [41]
DEBUG [Mon Jun 09 19:20:19 CDT 2025]:
log4j2.xml not found by org.lucee.log4j-core [41]
DEBUG [Mon Jun 09 19:20:19 CDT 2025]:
log4j2.xml not found by org.lucee.log4j-api [24]
DEBUG [Mon Jun 09 19:20:19 CDT 2025]:
log4j2.xml not found by lucee.core [48]
DEBUG [Mon Jun 09 19:20:19 CDT 2025]:
log4j2.xml not found by org.lucee.log4j-core [41]
DEBUG [Mon Jun 09 19:20:20 CDT 2025]:
logging.properties not found by lucee.core [48]
DEBUG [Mon Jun 09 19:20:25 CDT 2025]:
commons-logging.properties not found by org.lucee.commons.logging [38]
DEBUG [Mon Jun 09 19:20:25 CDT 2025]:
commons-logging.properties not found by org.lucee.httpcomponents.httpclient [3]
DEBUG [Mon Jun 09 19:20:25 CDT 2025]:
commons-logging.properties not found by lucee.core [48]
DEBUG [Mon Jun 09 19:20:25 CDT 2025]:
META-INF/services/org.apache.commons.logging.LogFactory not found by org.lucee.commons.logging [38]
DEBUG [Mon Jun 09 19:20:25 CDT 2025]:
META-INF/services/org.apache.commons.logging.LogFactory not found by org.lucee.httpcomponents.httpclient [3]
DEBUG [Mon Jun 09 19:20:25 CDT 2025]:
META-INF/services/org.apache.commons.logging.LogFactory not found by lucee.core [48]
DEBUG [Mon Jun 09 19:21:56 CDT 2025]:
META-INF/services/org.apache.logging.log4j.core.util.WatchEventService not found by org.lucee.log4j-api [24]
DEBUG [Mon Jun 09 19:21:56 CDT 2025]:
META-INF/services/org.apache.logging.log4j.core.util.WatchEventService not found by org.lucee.log4j-core [41]
DEBUG [Mon Jun 09 19:21:56 CDT 2025]:
META-INF/services/org.apache.logging.log4j.core.util.WatchEventService not found by lucee.core [48]
DEBUG [Mon Jun 09 19:21:56 CDT 2025]:
log4j2-testlucee.core.properties not found by org.lucee.log4j-core [41]
DEBUG [Mon Jun 09 19:21:56 CDT 2025]:
log4j2-testlucee.core.properties not found by org.lucee.log4j-api [24]
DEBUG [Mon Jun 09 19:21:56 CDT 2025]:
log4j2-testlucee.core.properties not found by lucee.core [48]
DEBUG [Mon Jun 09 19:21:56 CDT 2025]:
log4j2-testlucee.core.properties not found by org.lucee.log4j-core [41]
DEBUG [Mon Jun 09 19:21:56 CDT 2025]:
log4j2-testlucee.core.yml not found by org.lucee.log4j-core [41]
DEBUG [Mon Jun 09 19:21:56 CDT 2025]:
log4j2-testlucee.core.yml not found by org.lucee.log4j-api [24]
DEBUG [Mon Jun 09 19:21:56 CDT 2025]:
log4j2-testlucee.core.yml not found by lucee.core [48]
DEBUG [Mon Jun 09 19:21:56 CDT 2025]:
log4j2-testlucee.core.yml not found by org.lucee.log4j-core [41]
DEBUG [Mon Jun 09 19:21:56 CDT 2025]:
log4j2-testlucee.core.yaml not found by org.lucee.log4j-core [41]
DEBUG [Mon Jun 09 19:21:56 CDT 2025]:
log4j2-testlucee.core.yaml not found by org.lucee.log4j-api [24]
DEBUG [Mon Jun 09 19:21:56 CDT 2025]:
log4j2-testlucee.core.yaml not found by lucee.core [48]
DEBUG [Mon Jun 09 19:21:56 CDT 2025]:
log4j2-testlucee.core.yaml not found by org.lucee.log4j-core [41]
DEBUG [Mon Jun 09 19:21:56 CDT 2025]:
log4j2-testlucee.core.json not found by org.lucee.log4j-core [41]
DEBUG [Mon Jun 09 19:21:56 CDT 2025]:
log4j2-testlucee.core.json not found by org.lucee.log4j-api [24]
DEBUG [Mon Jun 09 19:21:56 CDT 2025]:
log4j2-testlucee.core.json not found by lucee.core [48]
DEBUG [Mon Jun 09 19:21:56 CDT 2025]:
log4j2-testlucee.core.json not found by org.lucee.log4j-core [41]
DEBUG [Mon Jun 09 19:21:56 CDT 2025]:
log4j2-testlucee.core.jsn not found by org.lucee.log4j-core [41]
DEBUG [Mon Jun 09 19:21:56 CDT 2025]:
log4j2-testlucee.core.jsn not found by org.lucee.log4j-api [24]
DEBUG [Mon Jun 09 19:21:56 CDT 2025]:
log4j2-testlucee.core.jsn not found by lucee.core [48]
DEBUG [Mon Jun 09 19:21:56 CDT 2025]:
log4j2-testlucee.core.jsn not found by org.lucee.log4j-core [41]
DEBUG [Mon Jun 09 19:21:56 CDT 2025]:
log4j2-testlucee.core.xml not found by org.lucee.log4j-core [41]
DEBUG [Mon Jun 09 19:21:56 CDT 2025]:
log4j2-testlucee.core.xml not found by org.lucee.log4j-api [24]
DEBUG [Mon Jun 09 19:21:56 CDT 2025]:
log4j2-testlucee.core.xml not found by lucee.core [48]
DEBUG [Mon Jun 09 19:21:56 CDT 2025]:
log4j2-testlucee.core.xml not found by org.lucee.log4j-core [41]
DEBUG [Mon Jun 09 19:21:56 CDT 2025]:
log4j2-test.properties not found by org.lucee.log4j-core [41]
DEBUG [Mon Jun 09 19:21:56 CDT 2025]:
log4j2-test.properties not found by org.lucee.log4j-api [24]
DEBUG [Mon Jun 09 19:21:56 CDT 2025]:
log4j2-test.properties not found by lucee.core [48]
DEBUG [Mon Jun 09 19:21:56 CDT 2025]:
log4j2-test.properties not found by org.lucee.log4j-core [41]
DEBUG [Mon Jun 09 19:21:56 CDT 2025]:
log4j2-test.yml not found by org.lucee.log4j-core [41]
DEBUG [Mon Jun 09 19:21:56 CDT 2025]:
log4j2-test.yml not found by org.lucee.log4j-api [24]
DEBUG [Mon Jun 09 19:21:56 CDT 2025]:
log4j2-test.yml not found by lucee.core [48]
DEBUG [Mon Jun 09 19:21:56 CDT 2025]:
log4j2-test.yml not found by org.lucee.log4j-core [41]
DEBUG [Mon Jun 09 19:21:56 CDT 2025]:
log4j2-test.yaml not found by org.lucee.log4j-core [41]
DEBUG [Mon Jun 09 19:21:56 CDT 2025]:
log4j2-test.yaml not found by org.lucee.log4j-api [24]
DEBUG [Mon Jun 09 19:21:56 CDT 2025]:
log4j2-test.yaml not found by lucee.core [48]
DEBUG [Mon Jun 09 19:21:56 CDT 2025]:
log4j2-test.yaml not found by org.lucee.log4j-core [41]
DEBUG [Mon Jun 09 19:21:56 CDT 2025]:
log4j2-test.json not found by org.lucee.log4j-core [41]
DEBUG [Mon Jun 09 19:21:56 CDT 2025]:
log4j2-test.json not found by org.lucee.log4j-api [24]
DEBUG [Mon Jun 09 19:21:56 CDT 2025]:
log4j2-test.json not found by lucee.core [48]
DEBUG [Mon Jun 09 19:21:56 CDT 2025]:
log4j2-test.json not found by org.lucee.log4j-core [41]
DEBUG [Mon Jun 09 19:21:56 CDT 2025]:
log4j2-test.jsn not found by org.lucee.log4j-core [41]
DEBUG [Mon Jun 09 19:21:56 CDT 2025]:
log4j2-test.jsn not found by org.lucee.log4j-api [24]
DEBUG [Mon Jun 09 19:21:56 CDT 2025]:
log4j2-test.jsn not found by lucee.core [48]
DEBUG [Mon Jun 09 19:21:56 CDT 2025]:
log4j2-test.jsn not found by org.lucee.log4j-core [41]
DEBUG [Mon Jun 09 19:21:56 CDT 2025]:
log4j2-test.xml not found by org.lucee.log4j-core [41]
DEBUG [Mon Jun 09 19:21:56 CDT 2025]:
log4j2-test.xml not found by org.lucee.log4j-api [24]
DEBUG [Mon Jun 09 19:21:56 CDT 2025]:
log4j2-test.xml not found by lucee.core [48]
DEBUG [Mon Jun 09 19:21:56 CDT 2025]:
log4j2-test.xml not found by org.lucee.log4j-core [41]
DEBUG [Mon Jun 09 19:21:56 CDT 2025]:
log4j2lucee.core.properties not found by org.lucee.log4j-core [41]
DEBUG [Mon Jun 09 19:21:56 CDT 2025]:
log4j2lucee.core.properties not found by org.lucee.log4j-api [24]
DEBUG [Mon Jun 09 19:21:56 CDT 2025]:
log4j2lucee.core.properties not found by lucee.core [48]
DEBUG [Mon Jun 09 19:21:56 CDT 2025]:
log4j2lucee.core.properties not found by org.lucee.log4j-core [41]
DEBUG [Mon Jun 09 19:21:56 CDT 2025]:
log4j2lucee.core.yml not found by org.lucee.log4j-core [41]
DEBUG [Mon Jun 09 19:21:56 CDT 2025]:
log4j2lucee.core.yml not found by org.lucee.log4j-api [24]
DEBUG [Mon Jun 09 19:21:56 CDT 2025]:
log4j2lucee.core.yml not found by lucee.core [48]
DEBUG [Mon Jun 09 19:21:56 CDT 2025]:
log4j2lucee.core.yml not found by org.lucee.log4j-core [41]
DEBUG [Mon Jun 09 19:21:56 CDT 2025]:
log4j2lucee.core.yaml not found by org.lucee.log4j-core [41]
DEBUG [Mon Jun 09 19:21:56 CDT 2025]:
log4j2lucee.core.yaml not found by org.lucee.log4j-api [24]
DEBUG [Mon Jun 09 19:21:56 CDT 2025]:
log4j2lucee.core.yaml not found by lucee.core [48]
DEBUG [Mon Jun 09 19:21:56 CDT 2025]:
log4j2lucee.core.yaml not found by org.lucee.log4j-core [41]
DEBUG [Mon Jun 09 19:21:56 CDT 2025]:
log4j2lucee.core.json not found by org.lucee.log4j-core [41]
DEBUG [Mon Jun 09 19:21:56 CDT 2025]:
log4j2lucee.core.json not found by org.lucee.log4j-api [24]
DEBUG [Mon Jun 09 19:21:56 CDT 2025]:
log4j2lucee.core.json not found by lucee.core [48]
DEBUG [Mon Jun 09 19:21:56 CDT 2025]:
log4j2lucee.core.json not found by org.lucee.log4j-core [41]
DEBUG [Mon Jun 09 19:21:56 CDT 2025]:
log4j2lucee.core.jsn not found by org.lucee.log4j-core [41]
DEBUG [Mon Jun 09 19:21:56 CDT 2025]:
log4j2lucee.core.jsn not found by org.lucee.log4j-api [24]
DEBUG [Mon Jun 09 19:21:56 CDT 2025]:
log4j2lucee.core.jsn not found by lucee.core [48]
DEBUG [Mon Jun 09 19:21:56 CDT 2025]:
log4j2lucee.core.jsn not found by org.lucee.log4j-core [41]
DEBUG [Mon Jun 09 19:21:56 CDT 2025]:
log4j2lucee.core.xml not found by org.lucee.log4j-core [41]
DEBUG [Mon Jun 09 19:21:56 CDT 2025]:
log4j2lucee.core.xml not found by org.lucee.log4j-api [24]
DEBUG [Mon Jun 09 19:21:56 CDT 2025]:
log4j2lucee.core.xml not found by lucee.core [48]
DEBUG [Mon Jun 09 19:21:56 CDT 2025]:
log4j2lucee.core.xml not found by org.lucee.log4j-core [41]
DEBUG [Mon Jun 09 19:21:56 CDT 2025]:
log4j2.properties not found by org.lucee.log4j-core [41]
DEBUG [Mon Jun 09 19:21:56 CDT 2025]:
log4j2.properties not found by org.lucee.log4j-api [24]
DEBUG [Mon Jun 09 19:21:56 CDT 2025]:
log4j2.properties not found by lucee.core [48]
DEBUG [Mon Jun 09 19:21:56 CDT 2025]:
log4j2.properties not found by org.lucee.log4j-core [41]
DEBUG [Mon Jun 09 19:21:56 CDT 2025]:
log4j2.yml not found by org.lucee.log4j-core [41]
DEBUG [Mon Jun 09 19:21:56 CDT 2025]:
log4j2.yml not found by org.lucee.log4j-api [24]
DEBUG [Mon Jun 09 19:21:56 CDT 2025]:
log4j2.yml not found by lucee.core [48]
DEBUG [Mon Jun 09 19:21:56 CDT 2025]:
log4j2.yml not found by org.lucee.log4j-core [41]
DEBUG [Mon Jun 09 19:21:56 CDT 2025]:
log4j2.yaml not found by org.lucee.log4j-core [41]
DEBUG [Mon Jun 09 19:21:56 CDT 2025]:
log4j2.yaml not found by org.lucee.log4j-api [24]
DEBUG [Mon Jun 09 19:21:56 CDT 2025]:
log4j2.yaml not found by lucee.core [48]
DEBUG [Mon Jun 09 19:21:56 CDT 2025]:
log4j2.yaml not found by org.lucee.log4j-core [41]
DEBUG [Mon Jun 09 19:21:56 CDT 2025]:
log4j2.json not found by org.lucee.log4j-core [41]
DEBUG [Mon Jun 09 19:21:56 CDT 2025]:
log4j2.json not found by org.lucee.log4j-api [24]
DEBUG [Mon Jun 09 19:21:56 CDT 2025]:
log4j2.json not found by lucee.core [48]
DEBUG [Mon Jun 09 19:21:56 CDT 2025]:
log4j2.json not found by org.lucee.log4j-core [41]
DEBUG [Mon Jun 09 19:21:56 CDT 2025]:
log4j2.jsn not found by org.lucee.log4j-core [41]
DEBUG [Mon Jun 09 19:21:56 CDT 2025]:
log4j2.jsn not found by org.lucee.log4j-api [24]
DEBUG [Mon Jun 09 19:21:56 CDT 2025]:
log4j2.jsn not found by lucee.core [48]
DEBUG [Mon Jun 09 19:21:56 CDT 2025]:
log4j2.jsn not found by org.lucee.log4j-core [41]
DEBUG [Mon Jun 09 19:21:56 CDT 2025]:
log4j2.xml not found by org.lucee.log4j-core [41]
DEBUG [Mon Jun 09 19:21:56 CDT 2025]:
log4j2.xml not found by org.lucee.log4j-api [24]
DEBUG [Mon Jun 09 19:21:56 CDT 2025]:
log4j2.xml not found by lucee.core [48]
DEBUG [Mon Jun 09 19:21:56 CDT 2025]:
log4j2.xml not found by org.lucee.log4j-core [41]
DEBUG [Mon Jun 09 19:21:57 CDT 2025]:
logging.properties not found by lucee.core [48]
DEBUG [Mon Jun 09 19:22:02 CDT 2025]:
commons-logging.properties not found by org.lucee.commons.logging [38]
DEBUG [Mon Jun 09 19:22:02 CDT 2025]:
commons-logging.properties not found by org.lucee.httpcomponents.httpclient [3]
DEBUG [Mon Jun 09 19:22:02 CDT 2025]:
commons-logging.properties not found by lucee.core [48]
DEBUG [Mon Jun 09 19:22:02 CDT 2025]:
META-INF/services/org.apache.commons.logging.LogFactory not found by org.lucee.commons.logging [38]
DEBUG [Mon Jun 09 19:22:02 CDT 2025]:
META-INF/services/org.apache.commons.logging.LogFactory not found by org.lucee.httpcomponents.httpclient [3]
DEBUG [Mon Jun 09 19:22:02 CDT 2025]:
META-INF/services/org.apache.commons.logging.LogFactory not found by lucee.core [48]
DEBUG [Mon Jun 09 19:24:23 CDT 2025]:
META-INF/services/org.apache.logging.log4j.core.util.WatchEventService not found by org.lucee.log4j-api [24]
DEBUG [Mon Jun 09 19:24:23 CDT 2025]:
META-INF/services/org.apache.logging.log4j.core.util.WatchEventService not found by org.lucee.log4j-core [41]
DEBUG [Mon Jun 09 19:24:23 CDT 2025]:
META-INF/services/org.apache.logging.log4j.core.util.WatchEventService not found by lucee.core [48]
DEBUG [Mon Jun 09 19:24:23 CDT 2025]:
log4j2-testlucee.core.properties not found by org.lucee.log4j-core [41]
DEBUG [Mon Jun 09 19:24:23 CDT 2025]:
log4j2-testlucee.core.properties not found by org.lucee.log4j-api [24]
DEBUG [Mon Jun 09 19:24:23 CDT 2025]:
log4j2-testlucee.core.properties not found by lucee.core [48]
DEBUG [Mon Jun 09 19:24:23 CDT 2025]:
log4j2-testlucee.core.properties not found by org.lucee.log4j-core [41]
DEBUG [Mon Jun 09 19:24:23 CDT 2025]:
log4j2-testlucee.core.yml not found by org.lucee.log4j-core [41]
DEBUG [Mon Jun 09 19:24:23 CDT 2025]:
log4j2-testlucee.core.yml not found by org.lucee.log4j-api [24]
DEBUG [Mon Jun 09 19:24:23 CDT 2025]:
log4j2-testlucee.core.yml not found by lucee.core [48]
DEBUG [Mon Jun 09 19:24:23 CDT 2025]:
log4j2-testlucee.core.yml not found by org.lucee.log4j-core [41]
DEBUG [Mon Jun 09 19:24:23 CDT 2025]:
log4j2-testlucee.core.yaml not found by org.lucee.log4j-core [41]
DEBUG [Mon Jun 09 19:24:23 CDT 2025]:
log4j2-testlucee.core.yaml not found by org.lucee.log4j-api [24]
DEBUG [Mon Jun 09 19:24:23 CDT 2025]:
log4j2-testlucee.core.yaml not found by lucee.core [48]
DEBUG [Mon Jun 09 19:24:23 CDT 2025]:
log4j2-testlucee.core.yaml not found by org.lucee.log4j-core [41]
DEBUG [Mon Jun 09 19:24:23 CDT 2025]:
log4j2-testlucee.core.json not found by org.lucee.log4j-core [41]
DEBUG [Mon Jun 09 19:24:23 CDT 2025]:
log4j2-testlucee.core.json not found by org.lucee.log4j-api [24]
DEBUG [Mon Jun 09 19:24:23 CDT 2025]:
log4j2-testlucee.core.json not found by lucee.core [48]
DEBUG [Mon Jun 09 19:24:23 CDT 2025]:
log4j2-testlucee.core.json not found by org.lucee.log4j-core [41]
DEBUG [Mon Jun 09 19:24:23 CDT 2025]:
log4j2-testlucee.core.jsn not found by org.lucee.log4j-core [41]
DEBUG [Mon Jun 09 19:24:23 CDT 2025]:
log4j2-testlucee.core.jsn not found by org.lucee.log4j-api [24]
DEBUG [Mon Jun 09 19:24:23 CDT 2025]:
log4j2-testlucee.core.jsn not found by lucee.core [48]
DEBUG [Mon Jun 09 19:24:23 CDT 2025]:
log4j2-testlucee.core.jsn not found by org.lucee.log4j-core [41]
DEBUG [Mon Jun 09 19:24:23 CDT 2025]:
log4j2-testlucee.core.xml not found by org.lucee.log4j-core [41]
DEBUG [Mon Jun 09 19:24:23 CDT 2025]:
log4j2-testlucee.core.xml not found by org.lucee.log4j-api [24]
DEBUG [Mon Jun 09 19:24:23 CDT 2025]:
log4j2-testlucee.core.xml not found by lucee.core [48]
DEBUG [Mon Jun 09 19:24:23 CDT 2025]:
log4j2-testlucee.core.xml not found by org.lucee.log4j-core [41]
DEBUG [Mon Jun 09 19:24:23 CDT 2025]:
log4j2-test.properties not found by org.lucee.log4j-core [41]
DEBUG [Mon Jun 09 19:24:23 CDT 2025]:
log4j2-test.properties not found by org.lucee.log4j-api [24]
DEBUG [Mon Jun 09 19:24:23 CDT 2025]:
log4j2-test.properties not found by lucee.core [48]
DEBUG [Mon Jun 09 19:24:23 CDT 2025]:
log4j2-test.properties not found by org.lucee.log4j-core [41]
DEBUG [Mon Jun 09 19:24:23 CDT 2025]:
log4j2-test.yml not found by org.lucee.log4j-core [41]
DEBUG [Mon Jun 09 19:24:23 CDT 2025]:
log4j2-test.yml not found by org.lucee.log4j-api [24]
DEBUG [Mon Jun 09 19:24:23 CDT 2025]:
log4j2-test.yml not found by lucee.core [48]
DEBUG [Mon Jun 09 19:24:23 CDT 2025]:
log4j2-test.yml not found by org.lucee.log4j-core [41]
DEBUG [Mon Jun 09 19:24:23 CDT 2025]:
log4j2-test.yaml not found by org.lucee.log4j-core [41]
DEBUG [Mon Jun 09 19:24:23 CDT 2025]:
log4j2-test.yaml not found by org.lucee.log4j-api [24]
DEBUG [Mon Jun 09 19:24:23 CDT 2025]:
log4j2-test.yaml not found by lucee.core [48]
DEBUG [Mon Jun 09 19:24:23 CDT 2025]:
log4j2-test.yaml not found by org.lucee.log4j-core [41]
DEBUG [Mon Jun 09 19:24:23 CDT 2025]:
log4j2-test.json not found by org.lucee.log4j-core [41]
DEBUG [Mon Jun 09 19:24:23 CDT 2025]:
log4j2-test.json not found by org.lucee.log4j-api [24]
DEBUG [Mon Jun 09 19:24:23 CDT 2025]:
log4j2-test.json not found by lucee.core [48]
DEBUG [Mon Jun 09 19:24:23 CDT 2025]:
log4j2-test.json not found by org.lucee.log4j-core [41]
DEBUG [Mon Jun 09 19:24:23 CDT 2025]:
log4j2-test.jsn not found by org.lucee.log4j-core [41]
DEBUG [Mon Jun 09 19:24:23 CDT 2025]:
log4j2-test.jsn not found by org.lucee.log4j-api [24]
DEBUG [Mon Jun 09 19:24:23 CDT 2025]:
log4j2-test.jsn not found by lucee.core [48]
DEBUG [Mon Jun 09 19:24:23 CDT 2025]:
log4j2-test.jsn not found by org.lucee.log4j-core [41]
DEBUG [Mon Jun 09 19:24:23 CDT 2025]:
log4j2-test.xml not found by org.lucee.log4j-core [41]
DEBUG [Mon Jun 09 19:24:23 CDT 2025]:
log4j2-test.xml not found by org.lucee.log4j-api [24]
DEBUG [Mon Jun 09 19:24:23 CDT 2025]:
log4j2-test.xml not found by lucee.core [48]
DEBUG [Mon Jun 09 19:24:23 CDT 2025]:
log4j2-test.xml not found by org.lucee.log4j-core [41]
DEBUG [Mon Jun 09 19:24:23 CDT 2025]:
log4j2lucee.core.properties not found by org.lucee.log4j-core [41]
DEBUG [Mon Jun 09 19:24:23 CDT 2025]:
log4j2lucee.core.properties not found by org.lucee.log4j-api [24]
DEBUG [Mon Jun 09 19:24:23 CDT 2025]:
log4j2lucee.core.properties not found by lucee.core [48]
DEBUG [Mon Jun 09 19:24:23 CDT 2025]:
log4j2lucee.core.properties not found by org.lucee.log4j-core [41]
DEBUG [Mon Jun 09 19:24:23 CDT 2025]:
log4j2lucee.core.yml not found by org.lucee.log4j-core [41]
DEBUG [Mon Jun 09 19:24:23 CDT 2025]:
log4j2lucee.core.yml not found by org.lucee.log4j-api [24]
DEBUG [Mon Jun 09 19:24:23 CDT 2025]:
log4j2lucee.core.yml not found by lucee.core [48]
DEBUG [Mon Jun 09 19:24:23 CDT 2025]:
log4j2lucee.core.yml not found by org.lucee.log4j-core [41]
DEBUG [Mon Jun 09 19:24:23 CDT 2025]:
log4j2lucee.core.yaml not found by org.lucee.log4j-core [41]
DEBUG [Mon Jun 09 19:24:23 CDT 2025]:
log4j2lucee.core.yaml not found by org.lucee.log4j-api [24]
DEBUG [Mon Jun 09 19:24:23 CDT 2025]:
log4j2lucee.core.yaml not found by lucee.core [48]
DEBUG [Mon Jun 09 19:24:23 CDT 2025]:
log4j2lucee.core.yaml not found by org.lucee.log4j-core [41]
DEBUG [Mon Jun 09 19:24:23 CDT 2025]:
log4j2lucee.core.json not found by org.lucee.log4j-core [41]
DEBUG [Mon Jun 09 19:24:23 CDT 2025]:
log4j2lucee.core.json not found by org.lucee.log4j-api [24]
DEBUG [Mon Jun 09 19:24:23 CDT 2025]:
log4j2lucee.core.json not found by lucee.core [48]
DEBUG [Mon Jun 09 19:24:23 CDT 2025]:
log4j2lucee.core.json not found by org.lucee.log4j-core [41]
DEBUG [Mon Jun 09 19:24:23 CDT 2025]:
log4j2lucee.core.jsn not found by org.lucee.log4j-core [41]
DEBUG [Mon Jun 09 19:24:23 CDT 2025]:
log4j2lucee.core.jsn not found by org.lucee.log4j-api [24]
DEBUG [Mon Jun 09 19:24:23 CDT 2025]:
log4j2lucee.core.jsn not found by lucee.core [48]
DEBUG [Mon Jun 09 19:24:23 CDT 2025]:
log4j2lucee.core.jsn not found by org.lucee.log4j-core [41]
DEBUG [Mon Jun 09 19:24:23 CDT 2025]:
log4j2lucee.core.xml not found by org.lucee.log4j-core [41]
DEBUG [Mon Jun 09 19:24:23 CDT 2025]:
log4j2lucee.core.xml not found by org.lucee.log4j-api [24]
DEBUG [Mon Jun 09 19:24:23 CDT 2025]:
log4j2lucee.core.xml not found by lucee.core [48]
DEBUG [Mon Jun 09 19:24:23 CDT 2025]:
log4j2lucee.core.xml not found by org.lucee.log4j-core [41]
DEBUG [Mon Jun 09 19:24:23 CDT 2025]:
log4j2.properties not found by org.lucee.log4j-core [41]
DEBUG [Mon Jun 09 19:24:23 CDT 2025]:
log4j2.properties not found by org.lucee.log4j-api [24]
DEBUG [Mon Jun 09 19:24:23 CDT 2025]:
log4j2.properties not found by lucee.core [48]
DEBUG [Mon Jun 09 19:24:23 CDT 2025]:
log4j2.properties not found by org.lucee.log4j-core [41]
DEBUG [Mon Jun 09 19:24:23 CDT 2025]:
log4j2.yml not found by org.lucee.log4j-core [41]
DEBUG [Mon Jun 09 19:24:23 CDT 2025]:
log4j2.yml not found by org.lucee.log4j-api [24]
DEBUG [Mon Jun 09 19:24:23 CDT 2025]:
log4j2.yml not found by lucee.core [48]
DEBUG [Mon Jun 09 19:24:23 CDT 2025]:
log4j2.yml not found by org.lucee.log4j-core [41]
DEBUG [Mon Jun 09 19:24:23 CDT 2025]:
log4j2.yaml not found by org.lucee.log4j-core [41]
DEBUG [Mon Jun 09 19:24:23 CDT 2025]:
log4j2.yaml not found by org.lucee.log4j-api [24]
DEBUG [Mon Jun 09 19:24:23 CDT 2025]:
log4j2.yaml not found by lucee.core [48]
DEBUG [Mon Jun 09 19:24:23 CDT 2025]:
log4j2.yaml not found by org.lucee.log4j-core [41]
DEBUG [Mon Jun 09 19:24:23 CDT 2025]:
log4j2.json not found by org.lucee.log4j-core [41]
DEBUG [Mon Jun 09 19:24:23 CDT 2025]:
log4j2.json not found by org.lucee.log4j-api [24]
DEBUG [Mon Jun 09 19:24:23 CDT 2025]:
log4j2.json not found by lucee.core [48]
DEBUG [Mon Jun 09 19:24:23 CDT 2025]:
log4j2.json not found by org.lucee.log4j-core [41]
DEBUG [Mon Jun 09 19:24:23 CDT 2025]:
log4j2.jsn not found by org.lucee.log4j-core [41]
DEBUG [Mon Jun 09 19:24:23 CDT 2025]:
log4j2.jsn not found by org.lucee.log4j-api [24]
DEBUG [Mon Jun 09 19:24:23 CDT 2025]:
log4j2.jsn not found by lucee.core [48]
DEBUG [Mon Jun 09 19:24:23 CDT 2025]:
log4j2.jsn not found by org.lucee.log4j-core [41]
DEBUG [Mon Jun 09 19:24:23 CDT 2025]:
log4j2.xml not found by org.lucee.log4j-core [41]
DEBUG [Mon Jun 09 19:24:23 CDT 2025]:
log4j2.xml not found by org.lucee.log4j-api [24]
DEBUG [Mon Jun 09 19:24:23 CDT 2025]:
log4j2.xml not found by lucee.core [48]
DEBUG [Mon Jun 09 19:24:23 CDT 2025]:
log4j2.xml not found by org.lucee.log4j-core [41]
DEBUG [Mon Jun 09 19:24:24 CDT 2025]:
logging.properties not found by lucee.core [48]
DEBUG [Mon Jun 09 19:24:29 CDT 2025]:
commons-logging.properties not found by org.lucee.commons.logging [38]
DEBUG [Mon Jun 09 19:24:29 CDT 2025]:
commons-logging.properties not found by org.lucee.httpcomponents.httpclient [3]
DEBUG [Mon Jun 09 19:24:29 CDT 2025]:
commons-logging.properties not found by lucee.core [48]
DEBUG [Mon Jun 09 19:24:29 CDT 2025]:
META-INF/services/org.apache.commons.logging.LogFactory not found by org.lucee.commons.logging [38]
DEBUG [Mon Jun 09 19:24:29 CDT 2025]:
META-INF/services/org.apache.commons.logging.LogFactory not found by org.lucee.httpcomponents.httpclient [3]
DEBUG [Mon Jun 09 19:24:29 CDT 2025]:
META-INF/services/org.apache.commons.logging.LogFactory not found by lucee.core [48]
DEBUG [Mon Jun 09 19:25:22 CDT 2025]:
META-INF/services/org.apache.logging.log4j.core.util.WatchEventService not found by org.lucee.log4j-api [24]
DEBUG [Mon Jun 09 19:25:22 CDT 2025]:
META-INF/services/org.apache.logging.log4j.core.util.WatchEventService not found by org.lucee.log4j-core [41]
DEBUG [Mon Jun 09 19:25:22 CDT 2025]:
META-INF/services/org.apache.logging.log4j.core.util.WatchEventService not found by lucee.core [48]
DEBUG [Mon Jun 09 19:25:22 CDT 2025]:
log4j2-testlucee.core.properties not found by org.lucee.log4j-core [41]
DEBUG [Mon Jun 09 19:25:22 CDT 2025]:
log4j2-testlucee.core.properties not found by org.lucee.log4j-api [24]
DEBUG [Mon Jun 09 19:25:22 CDT 2025]:
log4j2-testlucee.core.properties not found by lucee.core [48]
DEBUG [Mon Jun 09 19:25:22 CDT 2025]:
log4j2-testlucee.core.properties not found by org.lucee.log4j-core [41]
DEBUG [Mon Jun 09 19:25:22 CDT 2025]:
log4j2-testlucee.core.yml not found by org.lucee.log4j-core [41]
DEBUG [Mon Jun 09 19:25:22 CDT 2025]:
log4j2-testlucee.core.yml not found by org.lucee.log4j-api [24]
DEBUG [Mon Jun 09 19:25:22 CDT 2025]:
log4j2-testlucee.core.yml not found by lucee.core [48]
DEBUG [Mon Jun 09 19:25:22 CDT 2025]:
log4j2-testlucee.core.yml not found by org.lucee.log4j-core [41]
DEBUG [Mon Jun 09 19:25:22 CDT 2025]:
log4j2-testlucee.core.yaml not found by org.lucee.log4j-core [41]
DEBUG [Mon Jun 09 19:25:22 CDT 2025]:
log4j2-testlucee.core.yaml not found by org.lucee.log4j-api [24]
DEBUG [Mon Jun 09 19:25:22 CDT 2025]:
log4j2-testlucee.core.yaml not found by lucee.core [48]
DEBUG [Mon Jun 09 19:25:22 CDT 2025]:
log4j2-testlucee.core.yaml not found by org.lucee.log4j-core [41]
DEBUG [Mon Jun 09 19:25:22 CDT 2025]:
log4j2-testlucee.core.json not found by org.lucee.log4j-core [41]
DEBUG [Mon Jun 09 19:25:22 CDT 2025]:
log4j2-testlucee.core.json not found by org.lucee.log4j-api [24]
DEBUG [Mon Jun 09 19:25:22 CDT 2025]:
log4j2-testlucee.core.json not found by lucee.core [48]
DEBUG [Mon Jun 09 19:25:22 CDT 2025]:
log4j2-testlucee.core.json not found by org.lucee.log4j-core [41]
DEBUG [Mon Jun 09 19:25:22 CDT 2025]:
log4j2-testlucee.core.jsn not found by org.lucee.log4j-core [41]
DEBUG [Mon Jun 09 19:25:22 CDT 2025]:
log4j2-testlucee.core.jsn not found by org.lucee.log4j-api [24]
DEBUG [Mon Jun 09 19:25:22 CDT 2025]:
log4j2-testlucee.core.jsn not found by lucee.core [48]
DEBUG [Mon Jun 09 19:25:22 CDT 2025]:
log4j2-testlucee.core.jsn not found by org.lucee.log4j-core [41]
DEBUG [Mon Jun 09 19:25:22 CDT 2025]:
log4j2-testlucee.core.xml not found by org.lucee.log4j-core [41]
DEBUG [Mon Jun 09 19:25:22 CDT 2025]:
log4j2-testlucee.core.xml not found by org.lucee.log4j-api [24]
DEBUG [Mon Jun 09 19:25:22 CDT 2025]:
log4j2-testlucee.core.xml not found by lucee.core [48]
DEBUG [Mon Jun 09 19:25:22 CDT 2025]:
log4j2-testlucee.core.xml not found by org.lucee.log4j-core [41]
DEBUG [Mon Jun 09 19:25:22 CDT 2025]:
log4j2-test.properties not found by org.lucee.log4j-core [41]
DEBUG [Mon Jun 09 19:25:22 CDT 2025]:
log4j2-test.properties not found by org.lucee.log4j-api [24]
DEBUG [Mon Jun 09 19:25:22 CDT 2025]:
log4j2-test.properties not found by lucee.core [48]
DEBUG [Mon Jun 09 19:25:22 CDT 2025]:
log4j2-test.properties not found by org.lucee.log4j-core [41]
DEBUG [Mon Jun 09 19:25:22 CDT 2025]:
log4j2-test.yml not found by org.lucee.log4j-core [41]
DEBUG [Mon Jun 09 19:25:22 CDT 2025]:
log4j2-test.yml not found by org.lucee.log4j-api [24]
DEBUG [Mon Jun 09 19:25:22 CDT 2025]:
log4j2-test.yml not found by lucee.core [48]
DEBUG [Mon Jun 09 19:25:22 CDT 2025]:
log4j2-test.yml not found by org.lucee.log4j-core [41]
DEBUG [Mon Jun 09 19:25:22 CDT 2025]:
log4j2-test.yaml not found by org.lucee.log4j-core [41]
DEBUG [Mon Jun 09 19:25:22 CDT 2025]:
log4j2-test.yaml not found by org.lucee.log4j-api [24]
DEBUG [Mon Jun 09 19:25:22 CDT 2025]:
log4j2-test.yaml not found by lucee.core [48]
DEBUG [Mon Jun 09 19:25:22 CDT 2025]:
log4j2-test.yaml not found by org.lucee.log4j-core [41]
DEBUG [Mon Jun 09 19:25:22 CDT 2025]:
log4j2-test.json not found by org.lucee.log4j-core [41]
DEBUG [Mon Jun 09 19:25:22 CDT 2025]:
log4j2-test.json not found by org.lucee.log4j-api [24]
DEBUG [Mon Jun 09 19:25:22 CDT 2025]:
log4j2-test.json not found by lucee.core [48]
DEBUG [Mon Jun 09 19:25:22 CDT 2025]:
log4j2-test.json not found by org.lucee.log4j-core [41]
DEBUG [Mon Jun 09 19:25:22 CDT 2025]:
log4j2-test.jsn not found by org.lucee.log4j-core [41]
DEBUG [Mon Jun 09 19:25:22 CDT 2025]:
log4j2-test.jsn not found by org.lucee.log4j-api [24]
DEBUG [Mon Jun 09 19:25:22 CDT 2025]:
log4j2-test.jsn not found by lucee.core [48]
DEBUG [Mon Jun 09 19:25:22 CDT 2025]:
log4j2-test.jsn not found by org.lucee.log4j-core [41]
DEBUG [Mon Jun 09 19:25:22 CDT 2025]:
log4j2-test.xml not found by org.lucee.log4j-core [41]
DEBUG [Mon Jun 09 19:25:22 CDT 2025]:
log4j2-test.xml not found by org.lucee.log4j-api [24]
DEBUG [Mon Jun 09 19:25:22 CDT 2025]:
log4j2-test.xml not found by lucee.core [48]
DEBUG [Mon Jun 09 19:25:22 CDT 2025]:
log4j2-test.xml not found by org.lucee.log4j-core [41]
DEBUG [Mon Jun 09 19:25:22 CDT 2025]:
log4j2lucee.core.properties not found by org.lucee.log4j-core [41]
DEBUG [Mon Jun 09 19:25:22 CDT 2025]:
log4j2lucee.core.properties not found by org.lucee.log4j-api [24]
DEBUG [Mon Jun 09 19:25:22 CDT 2025]:
log4j2lucee.core.properties not found by lucee.core [48]
DEBUG [Mon Jun 09 19:25:22 CDT 2025]:
log4j2lucee.core.properties not found by org.lucee.log4j-core [41]
DEBUG [Mon Jun 09 19:25:22 CDT 2025]:
log4j2lucee.core.yml not found by org.lucee.log4j-core [41]
DEBUG [Mon Jun 09 19:25:22 CDT 2025]:
log4j2lucee.core.yml not found by org.lucee.log4j-api [24]
DEBUG [Mon Jun 09 19:25:22 CDT 2025]:
log4j2lucee.core.yml not found by lucee.core [48]
DEBUG [Mon Jun 09 19:25:22 CDT 2025]:
log4j2lucee.core.yml not found by org.lucee.log4j-core [41]
DEBUG [Mon Jun 09 19:25:22 CDT 2025]:
log4j2lucee.core.yaml not found by org.lucee.log4j-core [41]
DEBUG [Mon Jun 09 19:25:22 CDT 2025]:
log4j2lucee.core.yaml not found by org.lucee.log4j-api [24]
DEBUG [Mon Jun 09 19:25:22 CDT 2025]:
log4j2lucee.core.yaml not found by lucee.core [48]
DEBUG [Mon Jun 09 19:25:22 CDT 2025]:
log4j2lucee.core.yaml not found by org.lucee.log4j-core [41]
DEBUG [Mon Jun 09 19:25:22 CDT 2025]:
log4j2lucee.core.json not found by org.lucee.log4j-core [41]
DEBUG [Mon Jun 09 19:25:22 CDT 2025]:
log4j2lucee.core.json not found by org.lucee.log4j-api [24]
DEBUG [Mon Jun 09 19:25:22 CDT 2025]:
log4j2lucee.core.json not found by lucee.core [48]
DEBUG [Mon Jun 09 19:25:22 CDT 2025]:
log4j2lucee.core.json not found by org.lucee.log4j-core [41]
DEBUG [Mon Jun 09 19:25:22 CDT 2025]:
log4j2lucee.core.jsn not found by org.lucee.log4j-core [41]
DEBUG [Mon Jun 09 19:25:22 CDT 2025]:
log4j2lucee.core.jsn not found by org.lucee.log4j-api [24]
DEBUG [Mon Jun 09 19:25:22 CDT 2025]:
log4j2lucee.core.jsn not found by lucee.core [48]
DEBUG [Mon Jun 09 19:25:22 CDT 2025]:
log4j2lucee.core.jsn not found by org.lucee.log4j-core [41]
DEBUG [Mon Jun 09 19:25:22 CDT 2025]:
log4j2lucee.core.xml not found by org.lucee.log4j-core [41]
DEBUG [Mon Jun 09 19:25:22 CDT 2025]:
log4j2lucee.core.xml not found by org.lucee.log4j-api [24]
DEBUG [Mon Jun 09 19:25:22 CDT 2025]:
log4j2lucee.core.xml not found by lucee.core [48]
DEBUG [Mon Jun 09 19:25:22 CDT 2025]:
log4j2lucee.core.xml not found by org.lucee.log4j-core [41]
DEBUG [Mon Jun 09 19:25:22 CDT 2025]:
log4j2.properties not found by org.lucee.log4j-core [41]
DEBUG [Mon Jun 09 19:25:22 CDT 2025]:
log4j2.properties not found by org.lucee.log4j-api [24]
DEBUG [Mon Jun 09 19:25:22 CDT 2025]:
log4j2.properties not found by lucee.core [48]
DEBUG [Mon Jun 09 19:25:22 CDT 2025]:
log4j2.properties not found by org.lucee.log4j-core [41]
DEBUG [Mon Jun 09 19:25:22 CDT 2025]:
log4j2.yml not found by org.lucee.log4j-core [41]
DEBUG [Mon Jun 09 19:25:22 CDT 2025]:
log4j2.yml not found by org.lucee.log4j-api [24]
DEBUG [Mon Jun 09 19:25:22 CDT 2025]:
log4j2.yml not found by lucee.core [48]
DEBUG [Mon Jun 09 19:25:22 CDT 2025]:
log4j2.yml not found by org.lucee.log4j-core [41]
DEBUG [Mon Jun 09 19:25:22 CDT 2025]:
log4j2.yaml not found by org.lucee.log4j-core [41]
DEBUG [Mon Jun 09 19:25:22 CDT 2025]:
log4j2.yaml not found by org.lucee.log4j-api [24]
DEBUG [Mon Jun 09 19:25:22 CDT 2025]:
log4j2.yaml not found by lucee.core [48]
DEBUG [Mon Jun 09 19:25:22 CDT 2025]:
log4j2.yaml not found by org.lucee.log4j-core [41]
DEBUG [Mon Jun 09 19:25:22 CDT 2025]:
log4j2.json not found by org.lucee.log4j-core [41]
DEBUG [Mon Jun 09 19:25:22 CDT 2025]:
log4j2.json not found by org.lucee.log4j-api [24]
DEBUG [Mon Jun 09 19:25:22 CDT 2025]:
log4j2.json not found by lucee.core [48]
DEBUG [Mon Jun 09 19:25:22 CDT 2025]:
log4j2.json not found by org.lucee.log4j-core [41]
DEBUG [Mon Jun 09 19:25:22 CDT 2025]:
log4j2.jsn not found by org.lucee.log4j-core [41]
DEBUG [Mon Jun 09 19:25:22 CDT 2025]:
log4j2.jsn not found by org.lucee.log4j-api [24]
DEBUG [Mon Jun 09 19:25:22 CDT 2025]:
log4j2.jsn not found by lucee.core [48]
DEBUG [Mon Jun 09 19:25:22 CDT 2025]:
log4j2.jsn not found by org.lucee.log4j-core [41]
DEBUG [Mon Jun 09 19:25:22 CDT 2025]:
log4j2.xml not found by org.lucee.log4j-core [41]
DEBUG [Mon Jun 09 19:25:22 CDT 2025]:
log4j2.xml not found by org.lucee.log4j-api [24]
DEBUG [Mon Jun 09 19:25:22 CDT 2025]:
log4j2.xml not found by lucee.core [48]
DEBUG [Mon Jun 09 19:25:22 CDT 2025]:
log4j2.xml not found by org.lucee.log4j-core [41]
DEBUG [Mon Jun 09 19:25:22 CDT 2025]:
logging.properties not found by lucee.core [48]
DEBUG [Mon Jun 09 19:25:28 CDT 2025]:
commons-logging.properties not found by org.lucee.commons.logging [38]
DEBUG [Mon Jun 09 19:25:28 CDT 2025]:
commons-logging.properties not found by org.lucee.httpcomponents.httpclient [3]
DEBUG [Mon Jun 09 19:25:28 CDT 2025]:
commons-logging.properties not found by lucee.core [48]
DEBUG [Mon Jun 09 19:25:28 CDT 2025]:
META-INF/services/org.apache.commons.logging.LogFactory not found by org.lucee.commons.logging [38]
DEBUG [Mon Jun 09 19:25:28 CDT 2025]:
META-INF/services/org.apache.commons.logging.LogFactory not found by org.lucee.httpcomponents.httpclient [3]
DEBUG [Mon Jun 09 19:25:28 CDT 2025]:
META-INF/services/org.apache.commons.logging.LogFactory not found by lucee.core [48]
DEBUG [Mon Jun 09 19:28:01 CDT 2025]:
META-INF/services/org.apache.logging.log4j.core.util.WatchEventService not found by org.lucee.log4j-api [24]
DEBUG [Mon Jun 09 19:28:01 CDT 2025]:
META-INF/services/org.apache.logging.log4j.core.util.WatchEventService not found by org.lucee.log4j-core [41]
DEBUG [Mon Jun 09 19:28:01 CDT 2025]:
META-INF/services/org.apache.logging.log4j.core.util.WatchEventService not found by lucee.core [48]
DEBUG [Mon Jun 09 19:28:01 CDT 2025]:
log4j2-testlucee.core.properties not found by org.lucee.log4j-core [41]
DEBUG [Mon Jun 09 19:28:01 CDT 2025]:
log4j2-testlucee.core.properties not found by org.lucee.log4j-api [24]
DEBUG [Mon Jun 09 19:28:01 CDT 2025]:
log4j2-testlucee.core.properties not found by lucee.core [48]
DEBUG [Mon Jun 09 19:28:01 CDT 2025]:
log4j2-testlucee.core.properties not found by org.lucee.log4j-core [41]
DEBUG [Mon Jun 09 19:28:01 CDT 2025]:
log4j2-testlucee.core.yml not found by org.lucee.log4j-core [41]
DEBUG [Mon Jun 09 19:28:01 CDT 2025]:
log4j2-testlucee.core.yml not found by org.lucee.log4j-api [24]
DEBUG [Mon Jun 09 19:28:01 CDT 2025]:
log4j2-testlucee.core.yml not found by lucee.core [48]
DEBUG [Mon Jun 09 19:28:01 CDT 2025]:
log4j2-testlucee.core.yml not found by org.lucee.log4j-core [41]
DEBUG [Mon Jun 09 19:28:01 CDT 2025]:
log4j2-testlucee.core.yaml not found by org.lucee.log4j-core [41]
DEBUG [Mon Jun 09 19:28:01 CDT 2025]:
log4j2-testlucee.core.yaml not found by org.lucee.log4j-api [24]
DEBUG [Mon Jun 09 19:28:01 CDT 2025]:
log4j2-testlucee.core.yaml not found by lucee.core [48]
DEBUG [Mon Jun 09 19:28:01 CDT 2025]:
log4j2-testlucee.core.yaml not found by org.lucee.log4j-core [41]
DEBUG [Mon Jun 09 19:28:01 CDT 2025]:
log4j2-testlucee.core.json not found by org.lucee.log4j-core [41]
DEBUG [Mon Jun 09 19:28:01 CDT 2025]:
log4j2-testlucee.core.json not found by org.lucee.log4j-api [24]
DEBUG [Mon Jun 09 19:28:01 CDT 2025]:
log4j2-testlucee.core.json not found by lucee.core [48]
DEBUG [Mon Jun 09 19:28:01 CDT 2025]:
log4j2-testlucee.core.json not found by org.lucee.log4j-core [41]
DEBUG [Mon Jun 09 19:28:01 CDT 2025]:
log4j2-testlucee.core.jsn not found by org.lucee.log4j-core [41]
DEBUG [Mon Jun 09 19:28:01 CDT 2025]:
log4j2-testlucee.core.jsn not found by org.lucee.log4j-api [24]
DEBUG [Mon Jun 09 19:28:01 CDT 2025]:
log4j2-testlucee.core.jsn not found by lucee.core [48]
DEBUG [Mon Jun 09 19:28:01 CDT 2025]:
log4j2-testlucee.core.jsn not found by org.lucee.log4j-core [41]
DEBUG [Mon Jun 09 19:28:01 CDT 2025]:
log4j2-testlucee.core.xml not found by org.lucee.log4j-core [41]
DEBUG [Mon Jun 09 19:28:01 CDT 2025]:
log4j2-testlucee.core.xml not found by org.lucee.log4j-api [24]
DEBUG [Mon Jun 09 19:28:01 CDT 2025]:
log4j2-testlucee.core.xml not found by lucee.core [48]
DEBUG [Mon Jun 09 19:28:01 CDT 2025]:
log4j2-testlucee.core.xml not found by org.lucee.log4j-core [41]
DEBUG [Mon Jun 09 19:28:01 CDT 2025]:
log4j2-test.properties not found by org.lucee.log4j-core [41]
DEBUG [Mon Jun 09 19:28:01 CDT 2025]:
log4j2-test.properties not found by org.lucee.log4j-api [24]
DEBUG [Mon Jun 09 19:28:01 CDT 2025]:
log4j2-test.properties not found by lucee.core [48]
DEBUG [Mon Jun 09 19:28:01 CDT 2025]:
log4j2-test.properties not found by org.lucee.log4j-core [41]
DEBUG [Mon Jun 09 19:28:01 CDT 2025]:
log4j2-test.yml not found by org.lucee.log4j-core [41]
DEBUG [Mon Jun 09 19:28:01 CDT 2025]:
log4j2-test.yml not found by org.lucee.log4j-api [24]
DEBUG [Mon Jun 09 19:28:01 CDT 2025]:
log4j2-test.yml not found by lucee.core [48]
DEBUG [Mon Jun 09 19:28:01 CDT 2025]:
log4j2-test.yml not found by org.lucee.log4j-core [41]
DEBUG [Mon Jun 09 19:28:01 CDT 2025]:
log4j2-test.yaml not found by org.lucee.log4j-core [41]
DEBUG [Mon Jun 09 19:28:01 CDT 2025]:
log4j2-test.yaml not found by org.lucee.log4j-api [24]
DEBUG [Mon Jun 09 19:28:01 CDT 2025]:
log4j2-test.yaml not found by lucee.core [48]
DEBUG [Mon Jun 09 19:28:01 CDT 2025]:
log4j2-test.yaml not found by org.lucee.log4j-core [41]
DEBUG [Mon Jun 09 19:28:01 CDT 2025]:
log4j2-test.json not found by org.lucee.log4j-core [41]
DEBUG [Mon Jun 09 19:28:01 CDT 2025]:
log4j2-test.json not found by org.lucee.log4j-api [24]
DEBUG [Mon Jun 09 19:28:01 CDT 2025]:
log4j2-test.json not found by lucee.core [48]
DEBUG [Mon Jun 09 19:28:01 CDT 2025]:
log4j2-test.json not found by org.lucee.log4j-core [41]
DEBUG [Mon Jun 09 19:28:01 CDT 2025]:
log4j2-test.jsn not found by org.lucee.log4j-core [41]
DEBUG [Mon Jun 09 19:28:01 CDT 2025]:
log4j2-test.jsn not found by org.lucee.log4j-api [24]
DEBUG [Mon Jun 09 19:28:01 CDT 2025]:
log4j2-test.jsn not found by lucee.core [48]
DEBUG [Mon Jun 09 19:28:01 CDT 2025]:
log4j2-test.jsn not found by org.lucee.log4j-core [41]
DEBUG [Mon Jun 09 19:28:01 CDT 2025]:
log4j2-test.xml not found by org.lucee.log4j-core [41]
DEBUG [Mon Jun 09 19:28:01 CDT 2025]:
log4j2-test.xml not found by org.lucee.log4j-api [24]
DEBUG [Mon Jun 09 19:28:01 CDT 2025]:
log4j2-test.xml not found by lucee.core [48]
DEBUG [Mon Jun 09 19:28:01 CDT 2025]:
log4j2-test.xml not found by org.lucee.log4j-core [41]
DEBUG [Mon Jun 09 19:28:01 CDT 2025]:
log4j2lucee.core.properties not found by org.lucee.log4j-core [41]
DEBUG [Mon Jun 09 19:28:01 CDT 2025]:
log4j2lucee.core.properties not found by org.lucee.log4j-api [24]
DEBUG [Mon Jun 09 19:28:01 CDT 2025]:
log4j2lucee.core.properties not found by lucee.core [48]
DEBUG [Mon Jun 09 19:28:01 CDT 2025]:
log4j2lucee.core.properties not found by org.lucee.log4j-core [41]
DEBUG [Mon Jun 09 19:28:01 CDT 2025]:
log4j2lucee.core.yml not found by org.lucee.log4j-core [41]
DEBUG [Mon Jun 09 19:28:01 CDT 2025]:
log4j2lucee.core.yml not found by org.lucee.log4j-api [24]
DEBUG [Mon Jun 09 19:28:01 CDT 2025]:
log4j2lucee.core.yml not found by lucee.core [48]
DEBUG [Mon Jun 09 19:28:01 CDT 2025]:
log4j2lucee.core.yml not found by org.lucee.log4j-core [41]
DEBUG [Mon Jun 09 19:28:01 CDT 2025]:
log4j2lucee.core.yaml not found by org.lucee.log4j-core [41]
DEBUG [Mon Jun 09 19:28:01 CDT 2025]:
log4j2lucee.core.yaml not found by org.lucee.log4j-api [24]
DEBUG [Mon Jun 09 19:28:01 CDT 2025]:
log4j2lucee.core.yaml not found by lucee.core [48]
DEBUG [Mon Jun 09 19:28:01 CDT 2025]:
log4j2lucee.core.yaml not found by org.lucee.log4j-core [41]
DEBUG [Mon Jun 09 19:28:01 CDT 2025]:
log4j2lucee.core.json not found by org.lucee.log4j-core [41]
DEBUG [Mon Jun 09 19:28:01 CDT 2025]:
log4j2lucee.core.json not found by org.lucee.log4j-api [24]
DEBUG [Mon Jun 09 19:28:01 CDT 2025]:
log4j2lucee.core.json not found by lucee.core [48]
DEBUG [Mon Jun 09 19:28:01 CDT 2025]:
log4j2lucee.core.json not found by org.lucee.log4j-core [41]
DEBUG [Mon Jun 09 19:28:01 CDT 2025]:
log4j2lucee.core.jsn not found by org.lucee.log4j-core [41]
DEBUG [Mon Jun 09 19:28:01 CDT 2025]:
log4j2lucee.core.jsn not found by org.lucee.log4j-api [24]
DEBUG [Mon Jun 09 19:28:01 CDT 2025]:
log4j2lucee.core.jsn not found by lucee.core [48]
DEBUG [Mon Jun 09 19:28:01 CDT 2025]:
log4j2lucee.core.jsn not found by org.lucee.log4j-core [41]
DEBUG [Mon Jun 09 19:28:01 CDT 2025]:
log4j2lucee.core.xml not found by org.lucee.log4j-core [41]
DEBUG [Mon Jun 09 19:28:01 CDT 2025]:
log4j2lucee.core.xml not found by org.lucee.log4j-api [24]
DEBUG [Mon Jun 09 19:28:01 CDT 2025]:
log4j2lucee.core.xml not found by lucee.core [48]
DEBUG [Mon Jun 09 19:28:01 CDT 2025]:
log4j2lucee.core.xml not found by org.lucee.log4j-core [41]
DEBUG [Mon Jun 09 19:28:01 CDT 2025]:
log4j2.properties not found by org.lucee.log4j-core [41]
DEBUG [Mon Jun 09 19:28:01 CDT 2025]:
log4j2.properties not found by org.lucee.log4j-api [24]
DEBUG [Mon Jun 09 19:28:01 CDT 2025]:
log4j2.properties not found by lucee.core [48]
DEBUG [Mon Jun 09 19:28:01 CDT 2025]:
log4j2.properties not found by org.lucee.log4j-core [41]
DEBUG [Mon Jun 09 19:28:01 CDT 2025]:
log4j2.yml not found by org.lucee.log4j-core [41]
DEBUG [Mon Jun 09 19:28:01 CDT 2025]:
log4j2.yml not found by org.lucee.log4j-api [24]
DEBUG [Mon Jun 09 19:28:01 CDT 2025]:
log4j2.yml not found by lucee.core [48]
DEBUG [Mon Jun 09 19:28:01 CDT 2025]:
log4j2.yml not found by org.lucee.log4j-core [41]
DEBUG [Mon Jun 09 19:28:01 CDT 2025]:
log4j2.yaml not found by org.lucee.log4j-core [41]
DEBUG [Mon Jun 09 19:28:01 CDT 2025]:
log4j2.yaml not found by org.lucee.log4j-api [24]
DEBUG [Mon Jun 09 19:28:01 CDT 2025]:
log4j2.yaml not found by lucee.core [48]
DEBUG [Mon Jun 09 19:28:01 CDT 2025]:
log4j2.yaml not found by org.lucee.log4j-core [41]
DEBUG [Mon Jun 09 19:28:01 CDT 2025]:
log4j2.json not found by org.lucee.log4j-core [41]
DEBUG [Mon Jun 09 19:28:01 CDT 2025]:
log4j2.json not found by org.lucee.log4j-api [24]
DEBUG [Mon Jun 09 19:28:01 CDT 2025]:
log4j2.json not found by lucee.core [48]
DEBUG [Mon Jun 09 19:28:01 CDT 2025]:
log4j2.json not found by org.lucee.log4j-core [41]
DEBUG [Mon Jun 09 19:28:01 CDT 2025]:
log4j2.jsn not found by org.lucee.log4j-core [41]
DEBUG [Mon Jun 09 19:28:01 CDT 2025]:
log4j2.jsn not found by org.lucee.log4j-api [24]
DEBUG [Mon Jun 09 19:28:01 CDT 2025]:
log4j2.jsn not found by lucee.core [48]
DEBUG [Mon Jun 09 19:28:01 CDT 2025]:
log4j2.jsn not found by org.lucee.log4j-core [41]
DEBUG [Mon Jun 09 19:28:01 CDT 2025]:
log4j2.xml not found by org.lucee.log4j-core [41]
DEBUG [Mon Jun 09 19:28:01 CDT 2025]:
log4j2.xml not found by org.lucee.log4j-api [24]
DEBUG [Mon Jun 09 19:28:01 CDT 2025]:
log4j2.xml not found by lucee.core [48]
DEBUG [Mon Jun 09 19:28:01 CDT 2025]:
log4j2.xml not found by org.lucee.log4j-core [41]
DEBUG [Mon Jun 09 19:28:01 CDT 2025]:
logging.properties not found by lucee.core [48]
DEBUG [Mon Jun 09 19:28:07 CDT 2025]:
commons-logging.properties not found by org.lucee.commons.logging [38]
DEBUG [Mon Jun 09 19:28:07 CDT 2025]:
commons-logging.properties not found by org.lucee.httpcomponents.httpclient [3]
DEBUG [Mon Jun 09 19:28:07 CDT 2025]:
commons-logging.properties not found by lucee.core [48]
DEBUG [Mon Jun 09 19:28:07 CDT 2025]:
META-INF/services/org.apache.commons.logging.LogFactory not found by org.lucee.commons.logging [38]
DEBUG [Mon Jun 09 19:28:07 CDT 2025]:
META-INF/services/org.apache.commons.logging.LogFactory not found by org.lucee.httpcomponents.httpclient [3]
DEBUG [Mon Jun 09 19:28:07 CDT 2025]:
META-INF/services/org.apache.commons.logging.LogFactory not found by lucee.core [48]
DEBUG [Tue Jun 10 16:08:26 CDT 2025]:
META-INF/services/org.apache.logging.log4j.core.util.WatchEventService not found by org.lucee.log4j-api [24]
DEBUG [Tue Jun 10 16:08:26 CDT 2025]:
META-INF/services/org.apache.logging.log4j.core.util.WatchEventService not found by org.lucee.log4j-core [41]
DEBUG [Tue Jun 10 16:08:26 CDT 2025]:
META-INF/services/org.apache.logging.log4j.core.util.WatchEventService not found by lucee.core [48]
DEBUG [Tue Jun 10 16:08:27 CDT 2025]:
log4j2-testlucee.core.properties not found by org.lucee.log4j-core [41]
DEBUG [Tue Jun 10 16:08:27 CDT 2025]:
log4j2-testlucee.core.properties not found by org.lucee.log4j-api [24]
DEBUG [Tue Jun 10 16:08:27 CDT 2025]:
log4j2-testlucee.core.properties not found by lucee.core [48]
DEBUG [Tue Jun 10 16:08:27 CDT 2025]:
log4j2-testlucee.core.properties not found by org.lucee.log4j-core [41]
DEBUG [Tue Jun 10 16:08:27 CDT 2025]:
log4j2-testlucee.core.yml not found by org.lucee.log4j-core [41]
DEBUG [Tue Jun 10 16:08:27 CDT 2025]:
log4j2-testlucee.core.yml not found by org.lucee.log4j-api [24]
DEBUG [Tue Jun 10 16:08:27 CDT 2025]:
log4j2-testlucee.core.yml not found by lucee.core [48]
DEBUG [Tue Jun 10 16:08:27 CDT 2025]:
log4j2-testlucee.core.yml not found by org.lucee.log4j-core [41]
DEBUG [Tue Jun 10 16:08:27 CDT 2025]:
log4j2-testlucee.core.yaml not found by org.lucee.log4j-core [41]
DEBUG [Tue Jun 10 16:08:27 CDT 2025]:
log4j2-testlucee.core.yaml not found by org.lucee.log4j-api [24]
DEBUG [Tue Jun 10 16:08:27 CDT 2025]:
log4j2-testlucee.core.yaml not found by lucee.core [48]
DEBUG [Tue Jun 10 16:08:27 CDT 2025]:
log4j2-testlucee.core.yaml not found by org.lucee.log4j-core [41]
DEBUG [Tue Jun 10 16:08:27 CDT 2025]:
log4j2-testlucee.core.json not found by org.lucee.log4j-core [41]
DEBUG [Tue Jun 10 16:08:27 CDT 2025]:
log4j2-testlucee.core.json not found by org.lucee.log4j-api [24]
DEBUG [Tue Jun 10 16:08:27 CDT 2025]:
log4j2-testlucee.core.json not found by lucee.core [48]
DEBUG [Tue Jun 10 16:08:27 CDT 2025]:
log4j2-testlucee.core.json not found by org.lucee.log4j-core [41]
DEBUG [Tue Jun 10 16:08:27 CDT 2025]:
log4j2-testlucee.core.jsn not found by org.lucee.log4j-core [41]
DEBUG [Tue Jun 10 16:08:27 CDT 2025]:
log4j2-testlucee.core.jsn not found by org.lucee.log4j-api [24]
DEBUG [Tue Jun 10 16:08:27 CDT 2025]:
log4j2-testlucee.core.jsn not found by lucee.core [48]
DEBUG [Tue Jun 10 16:08:27 CDT 2025]:
log4j2-testlucee.core.jsn not found by org.lucee.log4j-core [41]
DEBUG [Tue Jun 10 16:08:27 CDT 2025]:
log4j2-testlucee.core.xml not found by org.lucee.log4j-core [41]
DEBUG [Tue Jun 10 16:08:27 CDT 2025]:
log4j2-testlucee.core.xml not found by org.lucee.log4j-api [24]
DEBUG [Tue Jun 10 16:08:27 CDT 2025]:
log4j2-testlucee.core.xml not found by lucee.core [48]
DEBUG [Tue Jun 10 16:08:27 CDT 2025]:
log4j2-testlucee.core.xml not found by org.lucee.log4j-core [41]
DEBUG [Tue Jun 10 16:08:27 CDT 2025]:
log4j2-test.properties not found by org.lucee.log4j-core [41]
DEBUG [Tue Jun 10 16:08:27 CDT 2025]:
log4j2-test.properties not found by org.lucee.log4j-api [24]
DEBUG [Tue Jun 10 16:08:27 CDT 2025]:
log4j2-test.properties not found by lucee.core [48]
DEBUG [Tue Jun 10 16:08:27 CDT 2025]:
log4j2-test.properties not found by org.lucee.log4j-core [41]
DEBUG [Tue Jun 10 16:08:27 CDT 2025]:
log4j2-test.yml not found by org.lucee.log4j-core [41]
DEBUG [Tue Jun 10 16:08:27 CDT 2025]:
log4j2-test.yml not found by org.lucee.log4j-api [24]
DEBUG [Tue Jun 10 16:08:27 CDT 2025]:
log4j2-test.yml not found by lucee.core [48]
DEBUG [Tue Jun 10 16:08:27 CDT 2025]:
log4j2-test.yml not found by org.lucee.log4j-core [41]
DEBUG [Tue Jun 10 16:08:27 CDT 2025]:
log4j2-test.yaml not found by org.lucee.log4j-core [41]
DEBUG [Tue Jun 10 16:08:27 CDT 2025]:
log4j2-test.yaml not found by org.lucee.log4j-api [24]
DEBUG [Tue Jun 10 16:08:27 CDT 2025]:
log4j2-test.yaml not found by lucee.core [48]
DEBUG [Tue Jun 10 16:08:27 CDT 2025]:
log4j2-test.yaml not found by org.lucee.log4j-core [41]
DEBUG [Tue Jun 10 16:08:27 CDT 2025]:
log4j2-test.json not found by org.lucee.log4j-core [41]
DEBUG [Tue Jun 10 16:08:27 CDT 2025]:
log4j2-test.json not found by org.lucee.log4j-api [24]
DEBUG [Tue Jun 10 16:08:27 CDT 2025]:
log4j2-test.json not found by lucee.core [48]
DEBUG [Tue Jun 10 16:08:27 CDT 2025]:
log4j2-test.json not found by org.lucee.log4j-core [41]
DEBUG [Tue Jun 10 16:08:27 CDT 2025]:
log4j2-test.jsn not found by org.lucee.log4j-core [41]
DEBUG [Tue Jun 10 16:08:27 CDT 2025]:
log4j2-test.jsn not found by org.lucee.log4j-api [24]
DEBUG [Tue Jun 10 16:08:27 CDT 2025]:
log4j2-test.jsn not found by lucee.core [48]
DEBUG [Tue Jun 10 16:08:27 CDT 2025]:
log4j2-test.jsn not found by org.lucee.log4j-core [41]
DEBUG [Tue Jun 10 16:08:27 CDT 2025]:
log4j2-test.xml not found by org.lucee.log4j-core [41]
DEBUG [Tue Jun 10 16:08:27 CDT 2025]:
log4j2-test.xml not found by org.lucee.log4j-api [24]
DEBUG [Tue Jun 10 16:08:27 CDT 2025]:
log4j2-test.xml not found by lucee.core [48]
DEBUG [Tue Jun 10 16:08:27 CDT 2025]:
log4j2-test.xml not found by org.lucee.log4j-core [41]
DEBUG [Tue Jun 10 16:08:27 CDT 2025]:
log4j2lucee.core.properties not found by org.lucee.log4j-core [41]
DEBUG [Tue Jun 10 16:08:27 CDT 2025]:
log4j2lucee.core.properties not found by org.lucee.log4j-api [24]
DEBUG [Tue Jun 10 16:08:27 CDT 2025]:
log4j2lucee.core.properties not found by lucee.core [48]
DEBUG [Tue Jun 10 16:08:27 CDT 2025]:
log4j2lucee.core.properties not found by org.lucee.log4j-core [41]
DEBUG [Tue Jun 10 16:08:27 CDT 2025]:
log4j2lucee.core.yml not found by org.lucee.log4j-core [41]
DEBUG [Tue Jun 10 16:08:27 CDT 2025]:
log4j2lucee.core.yml not found by org.lucee.log4j-api [24]
DEBUG [Tue Jun 10 16:08:27 CDT 2025]:
log4j2lucee.core.yml not found by lucee.core [48]
DEBUG [Tue Jun 10 16:08:27 CDT 2025]:
log4j2lucee.core.yml not found by org.lucee.log4j-core [41]
DEBUG [Tue Jun 10 16:08:27 CDT 2025]:
log4j2lucee.core.yaml not found by org.lucee.log4j-core [41]
DEBUG [Tue Jun 10 16:08:27 CDT 2025]:
log4j2lucee.core.yaml not found by org.lucee.log4j-api [24]
DEBUG [Tue Jun 10 16:08:27 CDT 2025]:
log4j2lucee.core.yaml not found by lucee.core [48]
DEBUG [Tue Jun 10 16:08:27 CDT 2025]:
log4j2lucee.core.yaml not found by org.lucee.log4j-core [41]
DEBUG [Tue Jun 10 16:08:27 CDT 2025]:
log4j2lucee.core.json not found by org.lucee.log4j-core [41]
DEBUG [Tue Jun 10 16:08:27 CDT 2025]:
log4j2lucee.core.json not found by org.lucee.log4j-api [24]
DEBUG [Tue Jun 10 16:08:27 CDT 2025]:
log4j2lucee.core.json not found by lucee.core [48]
DEBUG [Tue Jun 10 16:08:27 CDT 2025]:
log4j2lucee.core.json not found by org.lucee.log4j-core [41]
DEBUG [Tue Jun 10 16:08:27 CDT 2025]:
log4j2lucee.core.jsn not found by org.lucee.log4j-core [41]
DEBUG [Tue Jun 10 16:08:27 CDT 2025]:
log4j2lucee.core.jsn not found by org.lucee.log4j-api [24]
DEBUG [Tue Jun 10 16:08:27 CDT 2025]:
log4j2lucee.core.jsn not found by lucee.core [48]
DEBUG [Tue Jun 10 16:08:27 CDT 2025]:
log4j2lucee.core.jsn not found by org.lucee.log4j-core [41]
DEBUG [Tue Jun 10 16:08:27 CDT 2025]:
log4j2lucee.core.xml not found by org.lucee.log4j-core [41]
DEBUG [Tue Jun 10 16:08:27 CDT 2025]:
log4j2lucee.core.xml not found by org.lucee.log4j-api [24]
DEBUG [Tue Jun 10 16:08:27 CDT 2025]:
log4j2lucee.core.xml not found by lucee.core [48]
DEBUG [Tue Jun 10 16:08:27 CDT 2025]:
log4j2lucee.core.xml not found by org.lucee.log4j-core [41]
DEBUG [Tue Jun 10 16:08:27 CDT 2025]:
log4j2.properties not found by org.lucee.log4j-core [41]
DEBUG [Tue Jun 10 16:08:27 CDT 2025]:
log4j2.properties not found by org.lucee.log4j-api [24]
DEBUG [Tue Jun 10 16:08:27 CDT 2025]:
log4j2.properties not found by lucee.core [48]
DEBUG [Tue Jun 10 16:08:27 CDT 2025]:
log4j2.properties not found by org.lucee.log4j-core [41]
DEBUG [Tue Jun 10 16:08:27 CDT 2025]:
log4j2.yml not found by org.lucee.log4j-core [41]
DEBUG [Tue Jun 10 16:08:27 CDT 2025]:
log4j2.yml not found by org.lucee.log4j-api [24]
DEBUG [Tue Jun 10 16:08:27 CDT 2025]:
log4j2.yml not found by lucee.core [48]
DEBUG [Tue Jun 10 16:08:27 CDT 2025]:
log4j2.yml not found by org.lucee.log4j-core [41]
DEBUG [Tue Jun 10 16:08:27 CDT 2025]:
log4j2.yaml not found by org.lucee.log4j-core [41]
DEBUG [Tue Jun 10 16:08:27 CDT 2025]:
log4j2.yaml not found by org.lucee.log4j-api [24]
DEBUG [Tue Jun 10 16:08:27 CDT 2025]:
log4j2.yaml not found by lucee.core [48]
DEBUG [Tue Jun 10 16:08:27 CDT 2025]:
log4j2.yaml not found by org.lucee.log4j-core [41]
DEBUG [Tue Jun 10 16:08:27 CDT 2025]:
log4j2.json not found by org.lucee.log4j-core [41]
DEBUG [Tue Jun 10 16:08:27 CDT 2025]:
log4j2.json not found by org.lucee.log4j-api [24]
DEBUG [Tue Jun 10 16:08:27 CDT 2025]:
log4j2.json not found by lucee.core [48]
DEBUG [Tue Jun 10 16:08:27 CDT 2025]:
log4j2.json not found by org.lucee.log4j-core [41]
DEBUG [Tue Jun 10 16:08:27 CDT 2025]:
log4j2.jsn not found by org.lucee.log4j-core [41]
DEBUG [Tue Jun 10 16:08:27 CDT 2025]:
log4j2.jsn not found by org.lucee.log4j-api [24]
DEBUG [Tue Jun 10 16:08:27 CDT 2025]:
log4j2.jsn not found by lucee.core [48]
DEBUG [Tue Jun 10 16:08:27 CDT 2025]:
log4j2.jsn not found by org.lucee.log4j-core [41]
DEBUG [Tue Jun 10 16:08:27 CDT 2025]:
log4j2.xml not found by org.lucee.log4j-core [41]
DEBUG [Tue Jun 10 16:08:27 CDT 2025]:
log4j2.xml not found by org.lucee.log4j-api [24]
DEBUG [Tue Jun 10 16:08:27 CDT 2025]:
log4j2.xml not found by lucee.core [48]
DEBUG [Tue Jun 10 16:08:27 CDT 2025]:
log4j2.xml not found by org.lucee.log4j-core [41]
DEBUG [Tue Jun 10 16:08:27 CDT 2025]:
logging.properties not found by lucee.core [48]
DEBUG [Tue Jun 10 16:08:33 CDT 2025]:
commons-logging.properties not found by org.lucee.commons.logging [38]
DEBUG [Tue Jun 10 16:08:33 CDT 2025]:
commons-logging.properties not found by org.lucee.httpcomponents.httpclient [3]
DEBUG [Tue Jun 10 16:08:33 CDT 2025]:
commons-logging.properties not found by lucee.core [48]
DEBUG [Tue Jun 10 16:08:33 CDT 2025]:
META-INF/services/org.apache.commons.logging.LogFactory not found by org.lucee.commons.logging [38]
DEBUG [Tue Jun 10 16:08:33 CDT 2025]:
META-INF/services/org.apache.commons.logging.LogFactory not found by org.lucee.httpcomponents.httpclient [3]
DEBUG [Tue Jun 10 16:08:33 CDT 2025]:
META-INF/services/org.apache.commons.logging.LogFactory not found by lucee.core [48]
DEBUG [Tue Jun 10 16:08:57 CDT 2025]:
META-INF/services/javax.xml.xpath.XPathFactory not found by lucee.core [48]
DEBUG [Tue Jun 10 16:08:57 CDT 2025]:
META-INF/services/javax.xml.xpath.XPathFactory not found by na5co3gkvuk5 [49]
